<?xml version="1.0" encoding="UTF-8"?>
<!-- Generated by org.testng.reporters.JUnitXMLReporter -->
<testsuite hostname="DESKTOP-5Q39FUQ" name="Default test" tests="61" failures="0" timestamp="16 Oct 2019 13:30:36 GMT" time="1705.111" errors="0">
  <testcase name="flowMapperTest" time="2.065" classname="tests.FlowMapper"/>
  <testcase name="flowMapperTest" time="30.331" classname="tests.FlowMapper"/>
  <testcase name="flowMapperTest" time="18.285" classname="tests.FlowMapper"/>
  <testcase name="flowMapperTest" time="38.008" classname="tests.FlowMapper"/>
  <testcase name="flowMapperTest" time="43.735" classname="tests.FlowMapper"/>
  <testcase name="flowMapperTest" time="26.478" classname="tests.FlowMapper"/>
  <testcase name="flowMapperTest" time="24.401" classname="tests.FlowMapper"/>
  <testcase name="flowMapperTest" time="23.998" classname="tests.FlowMapper"/>
  <testcase name="flowMapperTest" time="20.663" classname="tests.FlowMapper"/>
  <testcase name="flowMapperTest" time="27.3" classname="tests.FlowMapper"/>
  <testcase name="flowMapperTest" time="25.108" classname="tests.FlowMapper"/>
  <testcase name="flowMapperTest" time="25.372" classname="tests.FlowMapper"/>
  <testcase name="flowMapperTest" time="22.108" classname="tests.FlowMapper"/>
  <testcase name="flowMapperTest" time="14.533" classname="tests.FlowMapper"/>
  <testcase name="flowMapperTest" time="18.237" classname="tests.FlowMapper"/>
  <testcase name="flowMapperTest" time="17.954" classname="tests.FlowMapper"/>
  <testcase name="flowMapperTest" time="26.082" classname="tests.FlowMapper"/>
  <testcase name="flowMapperTest" time="26.057" classname="tests.FlowMapper"/>
  <testcase name="flowMapperTest" time="27.639" classname="tests.FlowMapper"/>
  <testcase name="flowMapperTest" time="25.092" classname="tests.FlowMapper"/>
  <testcase name="flowMapperTest" time="25.87" classname="tests.FlowMapper"/>
  <testcase name="flowMapperTest" time="15.345" classname="tests.FlowMapper"/>
  <testcase name="flowMapperTest" time="31.429" classname="tests.FlowMapper"/>
  <testcase name="flowMapperTest" time="31.833" classname="tests.FlowMapper"/>
  <testcase name="flowMapperTest" time="38.32" classname="tests.FlowMapper"/>
  <testcase name="flowMapperTest" time="46.407" classname="tests.FlowMapper"/>
  <testcase name="flowMapperTest" time="31.355" classname="tests.FlowMapper"/>
  <testcase name="flowMapperTest" time="11.38" classname="tests.FlowMapper"/>
  <testcase name="flowMapperTest" time="33.971" classname="tests.FlowMapper"/>
  <testcase name="flowMapperTest" time="35.005" classname="tests.FlowMapper"/>
  <testcase name="flowMapperTest" time="13.485" classname="tests.FlowMapper"/>
  <testcase name="flowMapperTest" time="38.07" classname="tests.FlowMapper"/>
  <testcase name="flowMapperTest" time="37.459" classname="tests.FlowMapper"/>
  <testcase name="flowMapperTest" time="43.532" classname="tests.FlowMapper"/>
  <testcase name="flowMapperTest" time="68.241" classname="tests.FlowMapper"/>
  <testcase name="flowMapperTest" time="17.385" classname="tests.FlowMapper"/>
  <testcase name="flowMapperTest" time="18.47" classname="tests.FlowMapper"/>
  <testcase name="flowMapperTest" time="34.477" classname="tests.FlowMapper"/>
  <testcase name="flowMapperTest" time="41.061" classname="tests.FlowMapper"/>
  <testcase name="flowMapperTest" time="16.026" classname="tests.FlowMapper"/>
  <testcase name="flowMapperTest" time="26.528" classname="tests.FlowMapper"/>
  <testcase name="flowMapperTest" time="26.144" classname="tests.FlowMapper"/>
  <testcase name="flowMapperTest" time="19.956" classname="tests.FlowMapper"/>
  <testcase name="flowMapperTest" time="27.562" classname="tests.FlowMapper"/>
  <testcase name="flowMapperTest" time="25.472" classname="tests.FlowMapper"/>
  <testcase name="flowMapperTest" time="25.943" classname="tests.FlowMapper"/>
  <testcase name="flowMapperTest" time="18.787" classname="tests.FlowMapper"/>
  <testcase name="flowMapperTest" time="15.146" classname="tests.FlowMapper"/>
  <testcase name="flowMapperTest" time="17.9" classname="tests.FlowMapper"/>
  <testcase name="flowMapperTest" time="19.715" classname="tests.FlowMapper"/>
  <testcase name="flowMapperTest" time="27.441" classname="tests.FlowMapper"/>
  <testcase name="flowMapperTest" time="26.463" classname="tests.FlowMapper"/>
  <testcase name="flowMapperTest" time="27.743" classname="tests.FlowMapper"/>
  <testcase name="flowMapperTest" time="24.893" classname="tests.FlowMapper"/>
  <testcase name="flowMapperTest" time="15.998" classname="tests.FlowMapper"/>
  <testcase name="flowMapperTest" time="32.256" classname="tests.FlowMapper"/>
  <testcase name="flowMapperTest" time="32.106" classname="tests.FlowMapper"/>
  <testcase name="flowMapperTest" time="33.17" classname="tests.FlowMapper"/>
  <testcase name="flowMapperTest" time="33.097" classname="tests.FlowMapper"/>
  <testcase name="flowMapperTest" time="37.467" classname="tests.FlowMapper"/>
  <testcase name="flowMapperTest" time="47.899" classname="tests.FlowMapper"/>
</testsuite> <!-- Default test -->
