<?xml version="1.0" encoding="UTF-8"?>
<testng-results ignored="0" total="3" passed="3" failed="0" skipped="0">
  <reporter-output>
  </reporter-output>
  <suite started-at="2021-04-03T15:31:57 IST" name="Default suite" finished-at="2021-04-03T15:34:11 IST" duration-ms="133986">
    <groups>
    </groups>
    <test started-at="2021-04-03T15:31:57 IST" name="Default test" finished-at="2021-04-03T15:34:11 IST" duration-ms="133986">
      <class name="tests.FlowMapper">
        <test-method is-config="true" signature="generateIniFile()[pri:0, instance:tests.FlowMapper@4d154ccd]" started-at="2021-04-03T15:31:57 IST" name="generateIniFile" finished-at="2021-04-03T15:31:57 IST" duration-ms="33" status="PASS">
          <reporter-output>
          </reporter-output>
        </test-method> <!-- generateIniFile -->
        <test-method signature="flowMapperTest(java.util.HashMap)[pri:0, instance:tests.FlowMapper@4d154ccd]" started-at="2021-04-03T15:32:00 IST" name="flowMapperTest" data-provider="getData" finished-at="2021-04-03T15:32:02 IST" duration-ms="2632" status="PASS">
          <params>
            <param index="0">
              <value>
                <![CDATA[{CONTRACT=-, STEP10=, PRIORITY=P, STEP02=, STEP13=, TCID=FlowMapper_000, STEP03=, STEP11=, STEP01=EnvTest_QA1, STEP12=, STEP06=, FCM=-, STEP07=, STEP04=, STEP05=, RUNMODE=Yes, WALLET=-, DESCRIPTION=Set environment to run test cases, TESTTYPE=no-check, STEP08=, STEP09=, FEATURE=-}]]>
              </value>
            </param>
          </params>
          <reporter-output>
          </reporter-output>
        </test-method> <!-- flowMapperTest -->
        <test-method is-config="true" signature="result(org.testng.ITestResult)[pri:0, instance:tests.FlowMapper@4d154ccd]" started-at="2021-04-03T15:32:02 IST" name="result" finished-at="2021-04-03T15:32:02 IST" duration-ms="188" status="PASS">
          <params>
            <param index="0">
              <value>
                <![CDATA[[TestResult name=flowMapperTest status=SUCCESS method=FlowMapper.flowMapperTest(java.util.HashMap)[pri:0, instance:tests.FlowMapper@4d154ccd] output={null}]]]>
              </value>
            </param>
          </params>
          <reporter-output>
          </reporter-output>
        </test-method> <!-- result -->
        <test-method signature="flowMapperTest(java.util.HashMap)[pri:0, instance:tests.FlowMapper@4d154ccd]" started-at="2021-04-03T15:32:02 IST" name="flowMapperTest" data-provider="getData" finished-at="2021-04-03T15:33:10 IST" duration-ms="67943" status="PASS">
          <params>
            <param index="0">
              <value>
                <![CDATA[{CONTRACT=CMS, STEP10=, PRIORITY=P0, STEP02=SwiggyTest_002, STEP13=, TCID=FlowMapper_483, STEP03=CMSStatusEnquiryTest_001, STEP11=, STEP01=LoginTest_001, STEP12=, STEP06=, FCM=, STEP07=, STEP04=LogoutTest_001, STEP05=, RUNMODE=Yes, WALLET=Main, DESCRIPTION=Status enquiry of Success transaction for Swiggy, TESTTYPE=Positive, STEP08=, STEP09=, FEATURE=Swiggy}]]>
              </value>
            </param>
          </params>
          <reporter-output>
          </reporter-output>
        </test-method> <!-- flowMapperTest -->
        <test-method is-config="true" signature="result(org.testng.ITestResult)[pri:0, instance:tests.FlowMapper@4d154ccd]" started-at="2021-04-03T15:33:10 IST" name="result" finished-at="2021-04-03T15:33:12 IST" duration-ms="1534" status="PASS">
          <params>
            <param index="0">
              <value>
                <![CDATA[[TestResult name=flowMapperTest status=SUCCESS method=FlowMapper.flowMapperTest(java.util.HashMap)[pri:0, instance:tests.FlowMapper@4d154ccd] output={null}]]]>
              </value>
            </param>
          </params>
          <reporter-output>
          </reporter-output>
        </test-method> <!-- result -->
        <test-method signature="flowMapperTest(java.util.HashMap)[pri:0, instance:tests.FlowMapper@4d154ccd]" started-at="2021-04-03T15:33:12 IST" name="flowMapperTest" data-provider="getData" finished-at="2021-04-03T15:34:08 IST" duration-ms="56466" status="PASS">
          <params>
            <param index="0">
              <value>
                <![CDATA[{CONTRACT=CMS, STEP10=, PRIORITY=P0, STEP02=FinoCMSTest_004, STEP13=, TCID=FlowMapper_485, STEP03=CMSStatusEnquiryTest_002, STEP11=, STEP01=LoginTest_001, STEP12=, STEP06=, FCM=, STEP07=, STEP04=LogoutTest_001, STEP05=, RUNMODE=Yes, WALLET=Main, DESCRIPTION=Status enquiry of Failed transaction for Lok Suvidha, TESTTYPE=Negative, STEP08=, STEP09=, FEATURE=Lok Suvidha}]]>
              </value>
            </param>
          </params>
          <reporter-output>
          </reporter-output>
        </test-method> <!-- flowMapperTest -->
        <test-method is-config="true" signature="result(org.testng.ITestResult)[pri:0, instance:tests.FlowMapper@4d154ccd]" started-at="2021-04-03T15:34:08 IST" name="result" finished-at="2021-04-03T15:34:10 IST" duration-ms="1800" status="PASS">
          <params>
            <param index="0">
              <value>
                <![CDATA[[TestResult name=flowMapperTest status=SUCCESS method=FlowMapper.flowMapperTest(java.util.HashMap)[pri:0, instance:tests.FlowMapper@4d154ccd] output={null}]]]>
              </value>
            </param>
          </params>
          <reporter-output>
          </reporter-output>
        </test-method> <!-- result -->
        <test-method is-config="true" signature="killDriver()[pri:0, instance:tests.FlowMapper@4d154ccd]" started-at="2021-04-03T15:34:10 IST" name="killDriver" finished-at="2021-04-03T15:34:11 IST" duration-ms="724" status="PASS">
          <reporter-output>
          </reporter-output>
        </test-method> <!-- killDriver -->
      </class> <!-- tests.FlowMapper -->
    </test> <!-- Default test -->
  </suite> <!-- Default suite -->
</testng-results>
