<?xml version="1.0" encoding="UTF-8"?>
<testng-results ignored="0" total="3" passed="3" failed="0" skipped="0">
  <reporter-output>
  </reporter-output>
  <suite started-at="2021-04-12T01:24:54 IST" name="Default suite" finished-at="2021-04-12T01:26:45 IST" duration-ms="111204">
    <groups>
    </groups>
    <test started-at="2021-04-12T01:24:54 IST" name="Default test" finished-at="2021-04-12T01:26:45 IST" duration-ms="111204">
      <class name="tests.FlowMapper">
        <test-method is-config="true" signature="generateIniFile()[pri:0, instance:tests.FlowMapper@4d154ccd]" started-at="2021-04-12T01:24:54 IST" name="generateIniFile" finished-at="2021-04-12T01:24:54 IST" duration-ms="29" status="PASS">
          <reporter-output>
          </reporter-output>
        </test-method> <!-- generateIniFile -->
        <test-method signature="flowMapperTest(java.util.HashMap)[pri:0, instance:tests.FlowMapper@4d154ccd]" started-at="2021-04-12T01:24:57 IST" name="flowMapperTest" data-provider="getData" finished-at="2021-04-12T01:25:00 IST" duration-ms="3002" status="PASS">
          <params>
            <param index="0">
              <value>
                <![CDATA[{CONTRACT=-, STEP10=, PRIORITY=P, STEP02=, STEP13=, TCID=FlowMapper_000, STEP03=, STEP11=, STEP01=EnvTest_QA1, STEP12=, STEP06=, FCM=-, STEP07=, STEP04=, STEP05=, RUNMODE=Yes, WALLET=-, DESCRIPTION=Set environment to run test cases, TESTTYPE=no-check, STEP08=, STEP09=, FEATURE=-}]]>
              </value>
            </param>
          </params>
          <reporter-output>
          </reporter-output>
        </test-method> <!-- flowMapperTest -->
        <test-method is-config="true" signature="result(org.testng.ITestResult)[pri:0, instance:tests.FlowMapper@4d154ccd]" started-at="2021-04-12T01:25:00 IST" name="result" finished-at="2021-04-12T01:25:01 IST" duration-ms="242" status="PASS">
          <params>
            <param index="0">
              <value>
                <![CDATA[[TestResult name=flowMapperTest status=SUCCESS method=FlowMapper.flowMapperTest(java.util.HashMap)[pri:0, instance:tests.FlowMapper@4d154ccd] output={null}]]]>
              </value>
            </param>
          </params>
          <reporter-output>
          </reporter-output>
        </test-method> <!-- result -->
        <test-method signature="flowMapperTest(java.util.HashMap)[pri:0, instance:tests.FlowMapper@4d154ccd]" started-at="2021-04-12T01:25:01 IST" name="flowMapperTest" data-provider="getData" finished-at="2021-04-12T01:26:01 IST" duration-ms="60282" status="PASS">
          <params>
            <param index="0">
              <value>
                <![CDATA[{CONTRACT=WALLET, STEP10=, PRIORITY=P0, STEP02=SettlementTest_050, STEP13=, TCID=FlowMapper_610, STEP03=LogoutTest_001, STEP11=, STEP01=LoginTest_001, STEP12=, STEP06=, FCM=, STEP07=, STEP04=, STEP05=, RUNMODE=Yes, WALLET=Main, DESCRIPTION=RBL | IMPS | Cashout Settlement to 1st out of 2 accounts, TESTTYPE=Negative, STEP08=, STEP09=, FEATURE=Settlement}]]>
              </value>
            </param>
          </params>
          <reporter-output>
          </reporter-output>
        </test-method> <!-- flowMapperTest -->
        <test-method is-config="true" signature="result(org.testng.ITestResult)[pri:0, instance:tests.FlowMapper@4d154ccd]" started-at="2021-04-12T01:26:01 IST" name="result" finished-at="2021-04-12T01:26:02 IST" duration-ms="1544" status="PASS">
          <params>
            <param index="0">
              <value>
                <![CDATA[[TestResult name=flowMapperTest status=SUCCESS method=FlowMapper.flowMapperTest(java.util.HashMap)[pri:0, instance:tests.FlowMapper@4d154ccd] output={null}]]]>
              </value>
            </param>
          </params>
          <reporter-output>
          </reporter-output>
        </test-method> <!-- result -->
        <test-method signature="flowMapperTest(java.util.HashMap)[pri:0, instance:tests.FlowMapper@4d154ccd]" started-at="2021-04-12T01:26:02 IST" name="flowMapperTest" data-provider="getData" finished-at="2021-04-12T01:26:43 IST" duration-ms="40369" status="PASS">
          <params>
            <param index="0">
              <value>
                <![CDATA[{CONTRACT=WALLET, STEP10=, PRIORITY=P3, STEP02=SettlementTest_051, STEP13=, TCID=FlowMapper_610, STEP03=LogoutTest_001, STEP11=, STEP01=LoginTest_001, STEP12=, STEP06=, FCM=, STEP07=, STEP04=, STEP05=, RUNMODE=Yes, WALLET=Main, DESCRIPTION=RBL | IMPS | Cashout Settlement to 2nd out of 2 accounts, TESTTYPE=Negative, STEP08=, STEP09=, FEATURE=Settlement}]]>
              </value>
            </param>
          </params>
          <reporter-output>
          </reporter-output>
        </test-method> <!-- flowMapperTest -->
        <test-method is-config="true" signature="result(org.testng.ITestResult)[pri:0, instance:tests.FlowMapper@4d154ccd]" started-at="2021-04-12T01:26:43 IST" name="result" finished-at="2021-04-12T01:26:44 IST" duration-ms="1469" status="PASS">
          <params>
            <param index="0">
              <value>
                <![CDATA[[TestResult name=flowMapperTest status=SUCCESS method=FlowMapper.flowMapperTest(java.util.HashMap)[pri:0, instance:tests.FlowMapper@4d154ccd] output={null}]]]>
              </value>
            </param>
          </params>
          <reporter-output>
          </reporter-output>
        </test-method> <!-- result -->
        <test-method is-config="true" signature="killDriver()[pri:0, instance:tests.FlowMapper@4d154ccd]" started-at="2021-04-12T01:26:44 IST" name="killDriver" finished-at="2021-04-12T01:26:45 IST" duration-ms="726" status="PASS">
          <reporter-output>
          </reporter-output>
        </test-method> <!-- killDriver -->
      </class> <!-- tests.FlowMapper -->
    </test> <!-- Default test -->
  </suite> <!-- Default suite -->
</testng-results>
