<?xml version="1.0" encoding="UTF-8"?>
<testng-results skipped="0" failed="0" total="2" passed="2">
  <reporter-output>
  </reporter-output>
  <suite name="Default suite" duration-ms="77925" started-at="2020-12-03T11:40:18Z" finished-at="2020-12-03T11:41:36Z">
    <groups>
    </groups>
    <test name="Default test" duration-ms="77925" started-at="2020-12-03T11:40:18Z" finished-at="2020-12-03T11:41:36Z">
      <class name="tests.FlowMapper">
        <test-method status="PASS" signature="generateIniFile()[pri:0, instance:tests.FlowMapper@146ba0ac]" name="generateIniFile" is-config="true" duration-ms="20" started-at="2020-12-03T17:10:18Z" finished-at="2020-12-03T17:10:18Z">
          <reporter-output>
          </reporter-output>
        </test-method> <!-- generateIniFile -->
        <test-method status="PASS" signature="flowMapperTest(java.util.HashMap)[pri:0, instance:tests.FlowMapper@146ba0ac]" name="flowMapperTest" duration-ms="1787" started-at="2020-12-03T17:10:19Z" data-provider="getData" finished-at="2020-12-03T17:10:21Z">
          <params>
            <param index="0">
              <value>
                <![CDATA[{CONTRACT=-, STEP10=, PRIORITY=P, STEP02=, STEP13=, TCID=FlowMapper_000, STEP03=, STEP11=, STEP01=EnvTest_QA1, STEP12=, STEP06=, FCM=-, STEP07=, STEP04=, STEP05=, RUNMODE=Yes, WALLET=-, DESCRIPTION=Set environment to run test cases, TESTTYPE=no-check, STEP08=, STEP09=, FEATURE=-}]]>
              </value>
            </param>
          </params>
          <reporter-output>
          </reporter-output>
        </test-method> <!-- flowMapperTest -->
        <test-method status="PASS" signature="result(org.testng.ITestResult)[pri:0, instance:tests.FlowMapper@146ba0ac]" name="result" is-config="true" duration-ms="201" started-at="2020-12-03T17:10:21Z" finished-at="2020-12-03T17:10:21Z">
          <params>
            <param index="0">
              <value>
                <![CDATA[[TestResult name=flowMapperTest status=SUCCESS method=FlowMapper.flowMapperTest(java.util.HashMap)[pri:0, instance:tests.FlowMapper@146ba0ac] output={null}]]]>
              </value>
            </param>
          </params>
          <reporter-output>
          </reporter-output>
        </test-method> <!-- result -->
        <test-method status="PASS" signature="flowMapperTest(java.util.HashMap)[pri:0, instance:tests.FlowMapper@146ba0ac]" name="flowMapperTest" duration-ms="72533" started-at="2020-12-03T17:10:21Z" data-provider="getData" finished-at="2020-12-03T17:11:34Z">
          <params>
            <param index="0">
              <value>
                <![CDATA[{CONTRACT=RECHARGES, STEP10=, PRIORITY=P0, STEP02=RechargesTest_066, STEP13=, TCID=FlowMapper_086, STEP03=LogoutTest_001, STEP11=, STEP01=LoginTest_001, STEP12=, STEP06=, FCM=, STEP07=, STEP04=, STEP05=, RUNMODE=Yes, WALLET=Main, DESCRIPTION=Pending to Pending transaction for Mobile Prepaid, TESTTYPE=Positive, STEP08=, STEP09=, FEATURE=Recharge : ML}]]>
              </value>
            </param>
          </params>
          <reporter-output>
          </reporter-output>
        </test-method> <!-- flowMapperTest -->
        <test-method status="PASS" signature="result(org.testng.ITestResult)[pri:0, instance:tests.FlowMapper@146ba0ac]" name="result" is-config="true" duration-ms="1202" started-at="2020-12-03T17:11:34Z" finished-at="2020-12-03T17:11:35Z">
          <params>
            <param index="0">
              <value>
                <![CDATA[[TestResult name=flowMapperTest status=SUCCESS method=FlowMapper.flowMapperTest(java.util.HashMap)[pri:0, instance:tests.FlowMapper@146ba0ac] output={null}]]]>
              </value>
            </param>
          </params>
          <reporter-output>
          </reporter-output>
        </test-method> <!-- result -->
        <test-method status="PASS" signature="killDriver()[pri:0, instance:tests.FlowMapper@146ba0ac]" name="killDriver" is-config="true" duration-ms="659" started-at="2020-12-03T17:11:35Z" finished-at="2020-12-03T17:11:36Z">
          <reporter-output>
          </reporter-output>
        </test-method> <!-- killDriver -->
      </class> <!-- tests.FlowMapper -->
    </test> <!-- Default test -->
  </suite> <!-- Default suite -->
</testng-results>
