<?xml version="1.0" encoding="UTF-8"?>
<testng-results ignored="0" total="2" passed="2" failed="0" skipped="0">
  <reporter-output>
  </reporter-output>
  <suite started-at="2021-01-24T17:40:40 IST" name="Default suite" finished-at="2021-01-24T17:41:36 IST" duration-ms="56071">
    <groups>
    </groups>
    <test started-at="2021-01-24T17:40:40 IST" name="Default test" finished-at="2021-01-24T17:41:36 IST" duration-ms="56071">
      <class name="tests.FlowMapper">
        <test-method is-config="true" signature="generateIniFile()[pri:0, instance:tests.FlowMapper@16610890]" started-at="2021-01-24T17:40:40 IST" name="generateIniFile" finished-at="2021-01-24T17:40:40 IST" duration-ms="31" status="PASS">
          <reporter-output>
          </reporter-output>
        </test-method> <!-- generateIniFile -->
        <test-method signature="flowMapperTest(java.util.HashMap)[pri:0, instance:tests.FlowMapper@16610890]" started-at="2021-01-24T17:40:43 IST" name="flowMapperTest" data-provider="getData" finished-at="2021-01-24T17:40:45 IST" duration-ms="2036" status="PASS">
          <params>
            <param index="0">
              <value>
                <![CDATA[{CONTRACT=-, STEP10=, PRIORITY=P, STEP02=, STEP13=, TCID=FlowMapper_000, STEP03=, STEP11=, STEP01=EnvTest_QA1, STEP12=, STEP06=, FCM=-, STEP07=, STEP04=, STEP05=, RUNMODE=Yes, WALLET=-, DESCRIPTION=Set environment to run test cases, TESTTYPE=no-check, STEP08=, STEP09=, FEATURE=-}]]>
              </value>
            </param>
          </params>
          <reporter-output>
          </reporter-output>
        </test-method> <!-- flowMapperTest -->
        <test-method is-config="true" signature="result(org.testng.ITestResult)[pri:0, instance:tests.FlowMapper@16610890]" started-at="2021-01-24T17:40:45 IST" name="result" finished-at="2021-01-24T17:40:45 IST" duration-ms="239" status="PASS">
          <params>
            <param index="0">
              <value>
                <![CDATA[[TestResult name=flowMapperTest status=SUCCESS method=FlowMapper.flowMapperTest(java.util.HashMap)[pri:0, instance:tests.FlowMapper@16610890] output={null}]]]>
              </value>
            </param>
          </params>
          <reporter-output>
          </reporter-output>
        </test-method> <!-- result -->
        <test-method signature="flowMapperTest(java.util.HashMap)[pri:0, instance:tests.FlowMapper@16610890]" started-at="2021-01-24T17:40:45 IST" name="flowMapperTest" data-provider="getData" finished-at="2021-01-24T17:41:34 IST" duration-ms="49265" status="PASS">
          <params>
            <param index="0">
              <value>
                <![CDATA[{CONTRACT=RECHARGES, STEP10=, PRIORITY=P0, STEP02=RechargesTest_059, STEP13=, TCID=FlowMapper_079, STEP03=RechargesStatusEnquiryTest_005, STEP11=, STEP01=LoginTest_001, STEP12=, STEP06=, FCM=Negative, STEP07=, STEP04=LogoutTest_001, STEP05=, RUNMODE=Yes, WALLET=Main, DESCRIPTION=Pending transaction for Datacard and status enquiry, TESTTYPE=Positive, STEP08=, STEP09=, FEATURE=Recharge : ML}]]>
              </value>
            </param>
          </params>
          <reporter-output>
          </reporter-output>
        </test-method> <!-- flowMapperTest -->
        <test-method is-config="true" signature="result(org.testng.ITestResult)[pri:0, instance:tests.FlowMapper@16610890]" started-at="2021-01-24T17:41:34 IST" name="result" finished-at="2021-01-24T17:41:36 IST" duration-ms="1481" status="PASS">
          <params>
            <param index="0">
              <value>
                <![CDATA[[TestResult name=flowMapperTest status=SUCCESS method=FlowMapper.flowMapperTest(java.util.HashMap)[pri:0, instance:tests.FlowMapper@16610890] output={null}]]]>
              </value>
            </param>
          </params>
          <reporter-output>
          </reporter-output>
        </test-method> <!-- result -->
        <test-method is-config="true" signature="killDriver()[pri:0, instance:tests.FlowMapper@16610890]" started-at="2021-01-24T17:41:36 IST" name="killDriver" finished-at="2021-01-24T17:41:36 IST" duration-ms="656" status="PASS">
          <reporter-output>
          </reporter-output>
        </test-method> <!-- killDriver -->
      </class> <!-- tests.FlowMapper -->
    </test> <!-- Default test -->
  </suite> <!-- Default suite -->
</testng-results>
