<?xml version="1.0" encoding="UTF-8"?>
<testng-results ignored="0" total="3" passed="3" failed="0" skipped="0">
  <reporter-output>
  </reporter-output>
  <suite started-at="2021-07-24T18:41:20 IST" name="Default suite" finished-at="2021-07-24T18:46:26 IST" duration-ms="305429">
    <groups>
    </groups>
    <test started-at="2021-07-24T18:41:20 IST" name="Default test" finished-at="2021-07-24T18:46:26 IST" duration-ms="305429">
      <class name="tests.FlowMapper">
        <test-method is-config="true" signature="generateIniFile()[pri:0, instance:tests.FlowMapper@7b36aa0c]" started-at="2021-07-24T18:41:20 IST" name="generateIniFile" finished-at="2021-07-24T18:41:20 IST" duration-ms="49" status="PASS">
          <reporter-output>
          </reporter-output>
        </test-method> <!-- generateIniFile -->
        <test-method signature="flowMapperTest(java.util.HashMap)[pri:0, instance:tests.FlowMapper@7b36aa0c]" started-at="2021-07-24T18:41:24 IST" name="flowMapperTest" data-provider="getData" finished-at="2021-07-24T18:41:35 IST" duration-ms="11208" status="PASS">
          <params>
            <param index="0">
              <value>
                <![CDATA[{CONTRACT=-, PRIORITY=P, STEP02=, TCID=FlowMapper_000, STEP03=, STEP01=EnvTest_QA1, STEP06=, FCM=-, STEP07=, STEP04=, STEP05=, RUNMODE=Yes, WALLET=-, DESCRIPTION=Set environment to run test cases, TESTTYPE=no-check, STEP08=, STEP09=, FEATURE=-, VENDOR=-}]]>
              </value>
            </param>
          </params>
          <reporter-output>
          </reporter-output>
        </test-method> <!-- flowMapperTest -->
        <test-method is-config="true" signature="result(org.testng.ITestResult)[pri:0, instance:tests.FlowMapper@7b36aa0c]" started-at="2021-07-24T18:41:35 IST" name="result" finished-at="2021-07-24T18:41:35 IST" duration-ms="339" status="PASS">
          <params>
            <param index="0">
              <value>
                <![CDATA[[TestResult name=flowMapperTest status=SUCCESS method=FlowMapper.flowMapperTest(java.util.HashMap)[pri:0, instance:tests.FlowMapper@7b36aa0c] output={null}]]]>
              </value>
            </param>
          </params>
          <reporter-output>
          </reporter-output>
        </test-method> <!-- result -->
        <test-method signature="flowMapperTest(java.util.HashMap)[pri:0, instance:tests.FlowMapper@7b36aa0c]" started-at="2021-07-24T18:41:35 IST" name="flowMapperTest" data-provider="getData" finished-at="2021-07-24T18:43:31 IST" duration-ms="116110" status="PASS">
          <params>
            <param index="0">
              <value>
                <![CDATA[{CONTRACT=INDUSIND, PRIORITY=P3, STEP02=IndusindBankingTest_069, TCID=FlowMapper_287, STEP03=LogoutTest_001, STEP01=LoginTest_001, STEP06=, FCM=, STEP07=, STEP04=, STEP05=, RUNMODE=Yes, WALLET=-, DESCRIPTION=Mini Statement - Failed transaction (partner), TESTTYPE=Positive, STEP08=, STEP09=, FEATURE=Banking, VENDOR=}]]>
              </value>
            </param>
          </params>
          <reporter-output>
          </reporter-output>
        </test-method> <!-- flowMapperTest -->
        <test-method is-config="true" signature="result(org.testng.ITestResult)[pri:0, instance:tests.FlowMapper@7b36aa0c]" started-at="2021-07-24T18:43:31 IST" name="result" finished-at="2021-07-24T18:43:36 IST" duration-ms="5239" status="PASS">
          <params>
            <param index="0">
              <value>
                <![CDATA[[TestResult name=flowMapperTest status=SUCCESS method=FlowMapper.flowMapperTest(java.util.HashMap)[pri:0, instance:tests.FlowMapper@7b36aa0c] output={null}]]]>
              </value>
            </param>
          </params>
          <reporter-output>
          </reporter-output>
        </test-method> <!-- result -->
        <test-method signature="flowMapperTest(java.util.HashMap)[pri:0, instance:tests.FlowMapper@7b36aa0c]" started-at="2021-07-24T18:43:36 IST" name="flowMapperTest" data-provider="getData" finished-at="2021-07-24T18:46:21 IST" duration-ms="165009" status="PASS">
          <params>
            <param index="0">
              <value>
                <![CDATA[{CONTRACT=INDUSIND, PRIORITY=P3, STEP02=IndusindBankingTest_070, TCID=FlowMapper_288, STEP03=LogoutTest_001, STEP01=LoginTest_001, STEP06=, FCM=, STEP07=, STEP04=, STEP05=, RUNMODE=Yes, WALLET=-, DESCRIPTION=Mini Statement - Retry after failed transaction, TESTTYPE=Negative, STEP08=, STEP09=, FEATURE=Banking, VENDOR=}]]>
              </value>
            </param>
          </params>
          <reporter-output>
          </reporter-output>
        </test-method> <!-- flowMapperTest -->
        <test-method is-config="true" signature="result(org.testng.ITestResult)[pri:0, instance:tests.FlowMapper@7b36aa0c]" started-at="2021-07-24T18:46:21 IST" name="result" finished-at="2021-07-24T18:46:25 IST" duration-ms="3102" status="PASS">
          <params>
            <param index="0">
              <value>
                <![CDATA[[TestResult name=flowMapperTest status=SUCCESS method=FlowMapper.flowMapperTest(java.util.HashMap)[pri:0, instance:tests.FlowMapper@7b36aa0c] output={null}]]]>
              </value>
            </param>
          </params>
          <reporter-output>
          </reporter-output>
        </test-method> <!-- result -->
        <test-method is-config="true" signature="killDriver()[pri:0, instance:tests.FlowMapper@7b36aa0c]" started-at="2021-07-24T18:46:25 IST" name="killDriver" finished-at="2021-07-24T18:46:26 IST" duration-ms="997" status="PASS">
          <reporter-output>
          </reporter-output>
        </test-method> <!-- killDriver -->
      </class> <!-- tests.FlowMapper -->
    </test> <!-- Default test -->
  </suite> <!-- Default suite -->
</testng-results>
