<?xml version="1.0" encoding="UTF-8"?>
<testng-results skipped="0" failed="0" total="3" passed="3">
  <reporter-output>
    <line>
      <![CDATA[Shutdown the Web Application]]>
    </line>
  </reporter-output>
  <suite name="Default suite" duration-ms="128732" started-at="2019-08-17T20:29:52Z" finished-at="2019-08-17T20:32:01Z">
    <groups>
    </groups>
    <test name="Default test" duration-ms="128732" started-at="2019-08-17T20:29:52Z" finished-at="2019-08-17T20:32:01Z">
      <class name="tests.FlowMapper">
        <test-method status="PASS" signature="generateIniFile()[pri:0, instance:tests.FlowMapper@754ba872]" name="generateIniFile" is-config="true" duration-ms="20" started-at="2019-08-18T01:59:52Z" finished-at="2019-08-18T01:59:52Z">
          <reporter-output>
          </reporter-output>
        </test-method> <!-- generateIniFile -->
        <test-method status="PASS" signature="flowMapperTest(java.util.HashMap)[pri:0, instance:tests.FlowMapper@754ba872]" name="flowMapperTest" duration-ms="1814" started-at="2019-08-18T01:59:54Z" data-provider="getData" finished-at="2019-08-18T01:59:55Z">
          <params>
            <param index="0">
              <value>
                <![CDATA[{CONTRACT=-, STEP10=, PRIORITY=P, STEP02=, STEP13=, TCID=FlowMapper_000, STEP03=, STEP11=, STEP01=EnvTest_QA1, STEP12=, STEP06=, STEP07=, STEP04=, STEP05=, RUNMODE=Yes, DESCRIPTION=Set environment to run test cases, TESTTYPE=no-check, STEP08=, STEP09=, FEATURE=-}]]>
              </value>
            </param>
          </params>
          <reporter-output>
          </reporter-output>
        </test-method> <!-- flowMapperTest -->
        <test-method status="PASS" signature="result(org.testng.ITestResult)[pri:0, instance:tests.FlowMapper@754ba872]" name="result" is-config="true" duration-ms="156" started-at="2019-08-18T01:59:55Z" finished-at="2019-08-18T01:59:56Z">
          <params>
            <param index="0">
              <value>
                <![CDATA[[TestResult name=flowMapperTest status=SUCCESS method=FlowMapper.flowMapperTest(java.util.HashMap)[pri:0, instance:tests.FlowMapper@754ba872] output={null}]]]>
              </value>
            </param>
          </params>
          <reporter-output>
          </reporter-output>
        </test-method> <!-- result -->
        <test-method status="PASS" signature="flowMapperTest(java.util.HashMap)[pri:0, instance:tests.FlowMapper@754ba872]" name="flowMapperTest" duration-ms="67319" started-at="2019-08-18T01:59:56Z" data-provider="getData" finished-at="2019-08-18T02:01:03Z">
          <params>
            <param index="0">
              <value>
                <![CDATA[{CONTRACT=RBL, STEP10=, PRIORITY=P1, STEP02=RBLMoneyTransferTest_005, STEP13=, TCID=FlowMapper_025, STEP03=LogoutTest_001, STEP11=, STEP01=LoginTest_001, STEP12=, STEP06=, STEP07=, STEP04=, STEP05=, RUNMODE=Yes, DESCRIPTION=New Remitter -> New Beneficiary -> Bene Addition during Money Transfer, TESTTYPE=Positive, STEP08=, STEP09=, FEATURE=Money Transfer}]]>
              </value>
            </param>
          </params>
          <reporter-output>
          </reporter-output>
        </test-method> <!-- flowMapperTest -->
        <test-method status="PASS" signature="result(org.testng.ITestResult)[pri:0, instance:tests.FlowMapper@754ba872]" name="result" is-config="true" duration-ms="964" started-at="2019-08-18T02:01:03Z" finished-at="2019-08-18T02:01:04Z">
          <params>
            <param index="0">
              <value>
                <![CDATA[[TestResult name=flowMapperTest status=SUCCESS method=FlowMapper.flowMapperTest(java.util.HashMap)[pri:0, instance:tests.FlowMapper@754ba872] output={null}]]]>
              </value>
            </param>
          </params>
          <reporter-output>
          </reporter-output>
        </test-method> <!-- result -->
        <test-method status="PASS" signature="flowMapperTest(java.util.HashMap)[pri:0, instance:tests.FlowMapper@754ba872]" name="flowMapperTest" duration-ms="55485" started-at="2019-08-18T02:01:04Z" data-provider="getData" finished-at="2019-08-18T02:01:59Z">
          <params>
            <param index="0">
              <value>
                <![CDATA[{CONTRACT=FINO, STEP10=, PRIORITY=P1, STEP02=FinoMoneyTransferTest_005, STEP13=, TCID=FlowMapper_775, STEP03=LogoutTest_001, STEP11=, STEP01=LoginTest_022, STEP12=, STEP06=, STEP07=, STEP04=, STEP05=, RUNMODE=Yes, DESCRIPTION=New Remitter -> New Beneficiary -> Bene Addition during Money Transfer, TESTTYPE=Positive, STEP08=, STEP09=, FEATURE=Money Transfer}]]>
              </value>
            </param>
          </params>
          <reporter-output>
          </reporter-output>
        </test-method> <!-- flowMapperTest -->
        <test-method status="PASS" signature="result(org.testng.ITestResult)[pri:0, instance:tests.FlowMapper@754ba872]" name="result" is-config="true" duration-ms="986" started-at="2019-08-18T02:01:59Z" finished-at="2019-08-18T02:02:00Z">
          <params>
            <param index="0">
              <value>
                <![CDATA[[TestResult name=flowMapperTest status=SUCCESS method=FlowMapper.flowMapperTest(java.util.HashMap)[pri:0, instance:tests.FlowMapper@754ba872] output={null}]]]>
              </value>
            </param>
          </params>
          <reporter-output>
          </reporter-output>
        </test-method> <!-- result -->
        <test-method status="PASS" signature="killDriver()[pri:0, instance:tests.FlowMapper@754ba872]" name="killDriver" is-config="true" duration-ms="626" started-at="2019-08-18T02:02:00Z" finished-at="2019-08-18T02:02:01Z">
          <reporter-output>
            <line>
              <![CDATA[Shutdown the Web Application]]>
            </line>
          </reporter-output>
        </test-method> <!-- killDriver -->
      </class> <!-- tests.FlowMapper -->
    </test> <!-- Default test -->
  </suite> <!-- Default suite -->
</testng-results>
