<?xml version="1.0" encoding="UTF-8"?>
<testng-results skipped="0" failed="0" total="2" passed="2">
  <reporter-output>
    <line>
      <![CDATA[Shutdown the Web Application]]>
    </line>
  </reporter-output>
  <suite name="Default suite" duration-ms="35645" started-at="2019-05-18T09:40:03Z" finished-at="2019-05-18T09:40:39Z">
    <groups>
    </groups>
    <test name="Default test" duration-ms="35645" started-at="2019-05-18T09:40:03Z" finished-at="2019-05-18T09:40:39Z">
      <class name="tests.FlowMapper">
        <test-method status="PASS" signature="generateIniFile()[pri:0, instance:tests.FlowMapper@754ba872]" name="generateIniFile" is-config="true" duration-ms="19" started-at="2019-05-18T15:10:03Z" finished-at="2019-05-18T15:10:03Z">
          <reporter-output>
          </reporter-output>
        </test-method> <!-- generateIniFile -->
        <test-method status="PASS" signature="flowMapperTest(java.util.HashMap)[pri:0, instance:tests.FlowMapper@754ba872]" name="flowMapperTest" duration-ms="1931" started-at="2019-05-18T15:10:05Z" data-provider="getData" finished-at="2019-05-18T15:10:07Z">
          <params>
            <param index="0">
              <value>
                <![CDATA[{PARTNER=, STEP10=, PRIORITY=P, STEP02=, STEP13=, TCID=FlowMapper_000, STEP03=, STEP11=, STEP01=EnvTest_QA2, STEP12=, STEP06=, STEP07=, STEP04=, STEP05=, RUNMODE=Yes, DESCRIPTION=Set environment to run test cases on, TESTTYPE=no-check, STEP08=, STEP09=, FEATURE=}]]>
              </value>
            </param>
          </params>
          <reporter-output>
          </reporter-output>
        </test-method> <!-- flowMapperTest -->
        <test-method status="PASS" signature="result(org.testng.ITestResult)[pri:0, instance:tests.FlowMapper@754ba872]" name="result" is-config="true" duration-ms="202" started-at="2019-05-18T15:10:07Z" finished-at="2019-05-18T15:10:07Z">
          <params>
            <param index="0">
              <value>
                <![CDATA[[TestResult name=flowMapperTest status=SUCCESS method=FlowMapper.flowMapperTest(java.util.HashMap)[pri:0, instance:tests.FlowMapper@754ba872] output={null}]]]>
              </value>
            </param>
          </params>
          <reporter-output>
          </reporter-output>
        </test-method> <!-- result -->
        <test-method status="PASS" signature="flowMapperTest(java.util.HashMap)[pri:0, instance:tests.FlowMapper@754ba872]" name="flowMapperTest" duration-ms="31538" started-at="2019-05-18T15:10:07Z" data-provider="getData" finished-at="2019-05-18T15:10:38Z">
          <params>
            <param index="0">
              <value>
                <![CDATA[{PARTNER=CMS, STEP10=, PRIORITY=P2, STEP02=RBLMoneyTransferTest_098, STEP13=, TCID=FlowMapper_283, STEP03=CapitalFirstAgentTest_001, STEP11=, STEP01=LoginTest_001, STEP12=, STEP06=, STEP07=, STEP04=LogoutTest_001, STEP05=, RUNMODE=Yes, DESCRIPTION=Fetch amount for CFL, TESTTYPE=Positive, STEP08=, STEP09=, FEATURE=CMS: CFA}]]>
              </value>
            </param>
          </params>
          <reporter-output>
          </reporter-output>
        </test-method> <!-- flowMapperTest -->
        <test-method status="PASS" signature="result(org.testng.ITestResult)[pri:0, instance:tests.FlowMapper@754ba872]" name="result" is-config="true" duration-ms="30" started-at="2019-05-18T15:10:38Z" finished-at="2019-05-18T15:10:38Z">
          <params>
            <param index="0">
              <value>
                <![CDATA[[TestResult name=flowMapperTest status=SUCCESS method=FlowMapper.flowMapperTest(java.util.HashMap)[pri:0, instance:tests.FlowMapper@754ba872] output={null}]]]>
              </value>
            </param>
          </params>
          <reporter-output>
          </reporter-output>
        </test-method> <!-- result -->
        <test-method status="PASS" signature="killDriver()[pri:0, instance:tests.FlowMapper@754ba872]" name="killDriver" is-config="true" duration-ms="631" started-at="2019-05-18T15:10:38Z" finished-at="2019-05-18T15:10:39Z">
          <reporter-output>
            <line>
              <![CDATA[Shutdown the Web Application]]>
            </line>
          </reporter-output>
        </test-method> <!-- killDriver -->
      </class> <!-- tests.FlowMapper -->
    </test> <!-- Default test -->
  </suite> <!-- Default suite -->
</testng-results>
