<?xml version="1.0" encoding="UTF-8"?>
<testng-results skipped="0" failed="0" total="61" passed="61">
  <reporter-output>
    <line>
      <![CDATA[Shutdown the Web Application]]>
    </line>
  </reporter-output>
  <suite name="Default suite" duration-ms="1705111" started-at="2019-10-16T13:02:10Z" finished-at="2019-10-16T13:30:35Z">
    <groups>
    </groups>
    <test name="Default test" duration-ms="1705111" started-at="2019-10-16T13:02:10Z" finished-at="2019-10-16T13:30:35Z">
      <class name="tests.FlowMapper">
        <test-method status="PASS" signature="generateIniFile()[pri:0, instance:tests.FlowMapper@53b32d7]" name="generateIniFile" is-config="true" duration-ms="29" started-at="2019-10-16T18:32:10Z" finished-at="2019-10-16T18:32:10Z">
          <reporter-output>
          </reporter-output>
        </test-method> <!-- generateIniFile -->
        <test-method status="PASS" signature="flowMapperTest(java.util.HashMap)[pri:0, instance:tests.FlowMapper@53b32d7]" name="flowMapperTest" duration-ms="2065" started-at="2019-10-16T18:32:12Z" data-provider="getData" finished-at="2019-10-16T18:32:14Z">
          <params>
            <param index="0">
              <value>
                <![CDATA[{CONTRACT=-, STEP10=, PRIORITY=P, STEP02=, STEP13=, TCID=FlowMapper_000, STEP03=, STEP11=, STEP01=EnvTest_QA2, STEP12=, STEP06=, STEP07=, STEP04=, STEP05=, RUNMODE=Yes, WALLET=-, DESCRIPTION=Set environment to run test cases, TESTTYPE=no-check, STEP08=, STEP09=, FEATURE=-}]]>
              </value>
            </param>
          </params>
          <reporter-output>
          </reporter-output>
        </test-method> <!-- flowMapperTest -->
        <test-method status="PASS" signature="result(org.testng.ITestResult)[pri:0, instance:tests.FlowMapper@53b32d7]" name="result" is-config="true" duration-ms="269" started-at="2019-10-16T18:32:14Z" finished-at="2019-10-16T18:32:15Z">
          <params>
            <param index="0">
              <value>
                <![CDATA[[TestResult name=flowMapperTest status=SUCCESS method=FlowMapper.flowMapperTest(java.util.HashMap)[pri:0, instance:tests.FlowMapper@53b32d7] output={null}]]]>
              </value>
            </param>
          </params>
          <reporter-output>
          </reporter-output>
        </test-method> <!-- result -->
        <test-method status="PASS" signature="flowMapperTest(java.util.HashMap)[pri:0, instance:tests.FlowMapper@53b32d7]" name="flowMapperTest" duration-ms="30331" started-at="2019-10-16T18:32:15Z" data-provider="getData" finished-at="2019-10-16T18:32:45Z">
          <params>
            <param index="0">
              <value>
                <![CDATA[{CONTRACT=BILLPAY, STEP10=, PRIORITY=P2, STEP02=ElectricityTest_001, STEP13=, TCID=FlowMapper_385, STEP03=LogoutTest_001, STEP11=, STEP01=LoginTest_001, STEP12=, STEP06=, STEP07=, STEP04=, STEP05=, RUNMODE=Yes, WALLET=Main, DESCRIPTION=Fetch and verify bill details for BESCOM for new number with name, TESTTYPE=Positive, STEP08=, STEP09=, FEATURE=Electricity: CP}]]>
              </value>
            </param>
          </params>
          <reporter-output>
          </reporter-output>
        </test-method> <!-- flowMapperTest -->
        <test-method status="PASS" signature="result(org.testng.ITestResult)[pri:0, instance:tests.FlowMapper@53b32d7]" name="result" is-config="true" duration-ms="541" started-at="2019-10-16T18:32:45Z" finished-at="2019-10-16T18:32:45Z">
          <params>
            <param index="0">
              <value>
                <![CDATA[[TestResult name=flowMapperTest status=SUCCESS method=FlowMapper.flowMapperTest(java.util.HashMap)[pri:0, instance:tests.FlowMapper@53b32d7] output={null}]]]>
              </value>
            </param>
          </params>
          <reporter-output>
          </reporter-output>
        </test-method> <!-- result -->
        <test-method status="PASS" signature="flowMapperTest(java.util.HashMap)[pri:0, instance:tests.FlowMapper@53b32d7]" name="flowMapperTest" duration-ms="18285" started-at="2019-10-16T18:32:45Z" data-provider="getData" finished-at="2019-10-16T18:33:04Z">
          <params>
            <param index="0">
              <value>
                <![CDATA[{CONTRACT=BILLPAY, STEP10=, PRIORITY=P2, STEP02=ElectricityTest_002, STEP13=, TCID=FlowMapper_386, STEP03=LogoutTest_001, STEP11=, STEP01=LoginTest_001, STEP12=, STEP06=, STEP07=, STEP04=, STEP05=, RUNMODE=Yes, WALLET=Main, DESCRIPTION=Fetch and verify bill details for MSEDC for new number without name, TESTTYPE=Positive, STEP08=, STEP09=, FEATURE=Electricity: CP}]]>
              </value>
            </param>
          </params>
          <reporter-output>
          </reporter-output>
        </test-method> <!-- flowMapperTest -->
        <test-method status="PASS" signature="result(org.testng.ITestResult)[pri:0, instance:tests.FlowMapper@53b32d7]" name="result" is-config="true" duration-ms="510" started-at="2019-10-16T18:33:04Z" finished-at="2019-10-16T18:33:04Z">
          <params>
            <param index="0">
              <value>
                <![CDATA[[TestResult name=flowMapperTest status=SUCCESS method=FlowMapper.flowMapperTest(java.util.HashMap)[pri:0, instance:tests.FlowMapper@53b32d7] output={null}]]]>
              </value>
            </param>
          </params>
          <reporter-output>
          </reporter-output>
        </test-method> <!-- result -->
        <test-method status="PASS" signature="flowMapperTest(java.util.HashMap)[pri:0, instance:tests.FlowMapper@53b32d7]" name="flowMapperTest" duration-ms="38008" started-at="2019-10-16T18:33:04Z" data-provider="getData" finished-at="2019-10-16T18:33:42Z">
          <params>
            <param index="0">
              <value>
                <![CDATA[{CONTRACT=BILLPAY, STEP10=, PRIORITY=P1, STEP02=ElectricityTest_001, STEP13=, TCID=FlowMapper_387, STEP03=ElectricityTest_003, STEP11=, STEP01=LoginTest_001, STEP12=, STEP06=, STEP07=, STEP04=LogoutTest_001, STEP05=, RUNMODE=Yes, WALLET=Main, DESCRIPTION=Verify biller list and pay bill for BESCOM after fetching amount and entering mobile number again, TESTTYPE=Positive, STEP08=, STEP09=, FEATURE=Electricity: CP}]]>
              </value>
            </param>
          </params>
          <reporter-output>
          </reporter-output>
        </test-method> <!-- flowMapperTest -->
        <test-method status="PASS" signature="result(org.testng.ITestResult)[pri:0, instance:tests.FlowMapper@53b32d7]" name="result" is-config="true" duration-ms="453" started-at="2019-10-16T18:33:42Z" finished-at="2019-10-16T18:33:43Z">
          <params>
            <param index="0">
              <value>
                <![CDATA[[TestResult name=flowMapperTest status=SUCCESS method=FlowMapper.flowMapperTest(java.util.HashMap)[pri:0, instance:tests.FlowMapper@53b32d7] output={null}]]]>
              </value>
            </param>
          </params>
          <reporter-output>
          </reporter-output>
        </test-method> <!-- result -->
        <test-method status="PASS" signature="flowMapperTest(java.util.HashMap)[pri:0, instance:tests.FlowMapper@53b32d7]" name="flowMapperTest" duration-ms="43735" started-at="2019-10-16T18:33:43Z" data-provider="getData" finished-at="2019-10-16T18:34:26Z">
          <params>
            <param index="0">
              <value>
                <![CDATA[{CONTRACT=BILLPAY, STEP10=, PRIORITY=P2, STEP02=ElectricityTest_005, STEP13=, TCID=FlowMapper_388, STEP03=ElectricityTest_004, STEP11=, STEP01=LoginTest_001, STEP12=, STEP06=, STEP07=, STEP04=LogoutTest_001, STEP05=, RUNMODE=Yes, WALLET=Main, DESCRIPTION=Verify biller list and pay bill for MSEDC after paying the bill and entering mobile number again, TESTTYPE=Positive, STEP08=, STEP09=, FEATURE=Electricity: CP}]]>
              </value>
            </param>
          </params>
          <reporter-output>
          </reporter-output>
        </test-method> <!-- flowMapperTest -->
        <test-method status="PASS" signature="result(org.testng.ITestResult)[pri:0, instance:tests.FlowMapper@53b32d7]" name="result" is-config="true" duration-ms="446" started-at="2019-10-16T18:34:26Z" finished-at="2019-10-16T18:34:27Z">
          <params>
            <param index="0">
              <value>
                <![CDATA[[TestResult name=flowMapperTest status=SUCCESS method=FlowMapper.flowMapperTest(java.util.HashMap)[pri:0, instance:tests.FlowMapper@53b32d7] output={null}]]]>
              </value>
            </param>
          </params>
          <reporter-output>
          </reporter-output>
        </test-method> <!-- result -->
        <test-method status="PASS" signature="flowMapperTest(java.util.HashMap)[pri:0, instance:tests.FlowMapper@53b32d7]" name="flowMapperTest" duration-ms="26478" started-at="2019-10-16T18:34:27Z" data-provider="getData" finished-at="2019-10-16T18:34:53Z">
          <params>
            <param index="0">
              <value>
                <![CDATA[{CONTRACT=BILLPAY, STEP10=, PRIORITY=P2, STEP02=ElectricityTest_018, STEP13=, TCID=FlowMapper_389, STEP03=LogoutTest_001, STEP11=, STEP01=LoginTest_001, STEP12=, STEP06=, STEP07=, STEP04=, STEP05=, RUNMODE=Yes, WALLET=Main, DESCRIPTION=Success transaction for MSEDC and verify FCM, TESTTYPE=Positive, STEP08=, STEP09=, FEATURE=Electricity: CP}]]>
              </value>
            </param>
          </params>
          <reporter-output>
          </reporter-output>
        </test-method> <!-- flowMapperTest -->
        <test-method status="PASS" signature="result(org.testng.ITestResult)[pri:0, instance:tests.FlowMapper@53b32d7]" name="result" is-config="true" duration-ms="541" started-at="2019-10-16T18:34:53Z" finished-at="2019-10-16T18:34:54Z">
          <params>
            <param index="0">
              <value>
                <![CDATA[[TestResult name=flowMapperTest status=SUCCESS method=FlowMapper.flowMapperTest(java.util.HashMap)[pri:0, instance:tests.FlowMapper@53b32d7] output={null}]]]>
              </value>
            </param>
          </params>
          <reporter-output>
          </reporter-output>
        </test-method> <!-- result -->
        <test-method status="PASS" signature="flowMapperTest(java.util.HashMap)[pri:0, instance:tests.FlowMapper@53b32d7]" name="flowMapperTest" duration-ms="24401" started-at="2019-10-16T18:34:54Z" data-provider="getData" finished-at="2019-10-16T18:35:18Z">
          <params>
            <param index="0">
              <value>
                <![CDATA[{CONTRACT=BILLPAY, STEP10=, PRIORITY=P1, STEP02=ElectricityTest_006, STEP13=, TCID=FlowMapper_390, STEP03=LogoutTest_001, STEP11=, STEP01=LoginTest_001, STEP12=, STEP06=, STEP07=, STEP04=, STEP05=, RUNMODE=Yes, WALLET=Main, DESCRIPTION=Pending transaction for BESCOM, TESTTYPE=Positive, STEP08=, STEP09=, FEATURE=Electricity: CP}]]>
              </value>
            </param>
          </params>
          <reporter-output>
          </reporter-output>
        </test-method> <!-- flowMapperTest -->
        <test-method status="PASS" signature="result(org.testng.ITestResult)[pri:0, instance:tests.FlowMapper@53b32d7]" name="result" is-config="true" duration-ms="431" started-at="2019-10-16T18:35:18Z" finished-at="2019-10-16T18:35:19Z">
          <params>
            <param index="0">
              <value>
                <![CDATA[[TestResult name=flowMapperTest status=SUCCESS method=FlowMapper.flowMapperTest(java.util.HashMap)[pri:0, instance:tests.FlowMapper@53b32d7] output={null}]]]>
              </value>
            </param>
          </params>
          <reporter-output>
          </reporter-output>
        </test-method> <!-- result -->
        <test-method status="PASS" signature="flowMapperTest(java.util.HashMap)[pri:0, instance:tests.FlowMapper@53b32d7]" name="flowMapperTest" duration-ms="23998" started-at="2019-10-16T18:35:19Z" data-provider="getData" finished-at="2019-10-16T18:35:43Z">
          <params>
            <param index="0">
              <value>
                <![CDATA[{CONTRACT=BILLPAY, STEP10=, PRIORITY=P2, STEP02=ElectricityTest_007, STEP13=, TCID=FlowMapper_391, STEP03=LogoutTest_001, STEP11=, STEP01=LoginTest_001, STEP12=, STEP06=, STEP07=, STEP04=, STEP05=, RUNMODE=Yes, WALLET=Main, DESCRIPTION=Failed transaction for BESCOM, TESTTYPE=Negative, STEP08=, STEP09=, FEATURE=Electricity: CP}]]>
              </value>
            </param>
          </params>
          <reporter-output>
          </reporter-output>
        </test-method> <!-- flowMapperTest -->
        <test-method status="PASS" signature="result(org.testng.ITestResult)[pri:0, instance:tests.FlowMapper@53b32d7]" name="result" is-config="true" duration-ms="441" started-at="2019-10-16T18:35:43Z" finished-at="2019-10-16T18:35:43Z">
          <params>
            <param index="0">
              <value>
                <![CDATA[[TestResult name=flowMapperTest status=SUCCESS method=FlowMapper.flowMapperTest(java.util.HashMap)[pri:0, instance:tests.FlowMapper@53b32d7] output={null}]]]>
              </value>
            </param>
          </params>
          <reporter-output>
          </reporter-output>
        </test-method> <!-- result -->
        <test-method status="PASS" signature="flowMapperTest(java.util.HashMap)[pri:0, instance:tests.FlowMapper@53b32d7]" name="flowMapperTest" duration-ms="20663" started-at="2019-10-16T18:35:43Z" data-provider="getData" finished-at="2019-10-16T18:36:04Z">
          <params>
            <param index="0">
              <value>
                <![CDATA[{CONTRACT=BILLPAY, STEP10=, PRIORITY=P2, STEP02=ElectricityTest_008, STEP13=, TCID=FlowMapper_392, STEP03=LogoutTest_001, STEP11=, STEP01=LoginTest_001, STEP12=, STEP06=, STEP07=, STEP04=, STEP05=, RUNMODE=Yes, WALLET=Main, DESCRIPTION=Invalid MPIN and Exit, TESTTYPE=Negative, STEP08=, STEP09=, FEATURE=Electricity: CP}]]>
              </value>
            </param>
          </params>
          <reporter-output>
          </reporter-output>
        </test-method> <!-- flowMapperTest -->
        <test-method status="PASS" signature="result(org.testng.ITestResult)[pri:0, instance:tests.FlowMapper@53b32d7]" name="result" is-config="true" duration-ms="439" started-at="2019-10-16T18:36:04Z" finished-at="2019-10-16T18:36:04Z">
          <params>
            <param index="0">
              <value>
                <![CDATA[[TestResult name=flowMapperTest status=SUCCESS method=FlowMapper.flowMapperTest(java.util.HashMap)[pri:0, instance:tests.FlowMapper@53b32d7] output={null}]]]>
              </value>
            </param>
          </params>
          <reporter-output>
          </reporter-output>
        </test-method> <!-- result -->
        <test-method status="PASS" signature="flowMapperTest(java.util.HashMap)[pri:0, instance:tests.FlowMapper@53b32d7]" name="flowMapperTest" duration-ms="27300" started-at="2019-10-16T18:36:04Z" data-provider="getData" finished-at="2019-10-16T18:36:32Z">
          <params>
            <param index="0">
              <value>
                <![CDATA[{CONTRACT=BILLPAY, STEP10=, PRIORITY=P1, STEP02=ElectricityTest_009, STEP13=, TCID=FlowMapper_393, STEP03=LogoutTest_001, STEP11=, STEP01=LoginTest_001, STEP12=, STEP06=, STEP07=, STEP04=, STEP05=, RUNMODE=Yes, WALLET=Main, DESCRIPTION=Invalid MPIN and Retry, TESTTYPE=Negative, STEP08=, STEP09=, FEATURE=Electricity: CP}]]>
              </value>
            </param>
          </params>
          <reporter-output>
          </reporter-output>
        </test-method> <!-- flowMapperTest -->
        <test-method status="PASS" signature="result(org.testng.ITestResult)[pri:0, instance:tests.FlowMapper@53b32d7]" name="result" is-config="true" duration-ms="455" started-at="2019-10-16T18:36:32Z" finished-at="2019-10-16T18:36:32Z">
          <params>
            <param index="0">
              <value>
                <![CDATA[[TestResult name=flowMapperTest status=SUCCESS method=FlowMapper.flowMapperTest(java.util.HashMap)[pri:0, instance:tests.FlowMapper@53b32d7] output={null}]]]>
              </value>
            </param>
          </params>
          <reporter-output>
          </reporter-output>
        </test-method> <!-- result -->
        <test-method status="PASS" signature="flowMapperTest(java.util.HashMap)[pri:0, instance:tests.FlowMapper@53b32d7]" name="flowMapperTest" duration-ms="25108" started-at="2019-10-16T18:36:32Z" data-provider="getData" finished-at="2019-10-16T18:36:57Z">
          <params>
            <param index="0">
              <value>
                <![CDATA[{CONTRACT=BILLPAY, STEP10=, PRIORITY=P1, STEP02=ElectricityTest_010, STEP13=, TCID=FlowMapper_394, STEP03=LogoutTest_001, STEP11=, STEP01=LoginTest_001, STEP12=, STEP06=, STEP07=, STEP04=, STEP05=, RUNMODE=Yes, WALLET=Main, DESCRIPTION=Verify SMS for success transaction, TESTTYPE=Positive, STEP08=, STEP09=, FEATURE=Electricity: CP}]]>
              </value>
            </param>
          </params>
          <reporter-output>
          </reporter-output>
        </test-method> <!-- flowMapperTest -->
        <test-method status="PASS" signature="result(org.testng.ITestResult)[pri:0, instance:tests.FlowMapper@53b32d7]" name="result" is-config="true" duration-ms="425" started-at="2019-10-16T18:36:57Z" finished-at="2019-10-16T18:36:58Z">
          <params>
            <param index="0">
              <value>
                <![CDATA[[TestResult name=flowMapperTest status=SUCCESS method=FlowMapper.flowMapperTest(java.util.HashMap)[pri:0, instance:tests.FlowMapper@53b32d7] output={null}]]]>
              </value>
            </param>
          </params>
          <reporter-output>
          </reporter-output>
        </test-method> <!-- result -->
        <test-method status="PASS" signature="flowMapperTest(java.util.HashMap)[pri:0, instance:tests.FlowMapper@53b32d7]" name="flowMapperTest" duration-ms="25372" started-at="2019-10-16T18:36:58Z" data-provider="getData" finished-at="2019-10-16T18:37:23Z">
          <params>
            <param index="0">
              <value>
                <![CDATA[{CONTRACT=BILLPAY, STEP10=, PRIORITY=P1, STEP02=ElectricityTest_011, STEP13=, TCID=FlowMapper_395, STEP03=LogoutTest_001, STEP11=, STEP01=LoginTest_001, STEP12=, STEP06=, STEP07=, STEP04=, STEP05=, RUNMODE=Yes, WALLET=Main, DESCRIPTION=Print receipt for success transaction, TESTTYPE=Positive, STEP08=, STEP09=, FEATURE=Electricity: CP}]]>
              </value>
            </param>
          </params>
          <reporter-output>
          </reporter-output>
        </test-method> <!-- flowMapperTest -->
        <test-method status="PASS" signature="result(org.testng.ITestResult)[pri:0, instance:tests.FlowMapper@53b32d7]" name="result" is-config="true" duration-ms="436" started-at="2019-10-16T18:37:23Z" finished-at="2019-10-16T18:37:23Z">
          <params>
            <param index="0">
              <value>
                <![CDATA[[TestResult name=flowMapperTest status=SUCCESS method=FlowMapper.flowMapperTest(java.util.HashMap)[pri:0, instance:tests.FlowMapper@53b32d7] output={null}]]]>
              </value>
            </param>
          </params>
          <reporter-output>
          </reporter-output>
        </test-method> <!-- result -->
        <test-method status="PASS" signature="flowMapperTest(java.util.HashMap)[pri:0, instance:tests.FlowMapper@53b32d7]" name="flowMapperTest" duration-ms="22108" started-at="2019-10-16T18:37:23Z" data-provider="getData" finished-at="2019-10-16T18:37:45Z">
          <params>
            <param index="0">
              <value>
                <![CDATA[{CONTRACT=BILLPAY, STEP10=, PRIORITY=P2, STEP02=ElectricityTest_012, STEP13=, TCID=FlowMapper_396, STEP03=LogoutTest_001, STEP11=, STEP01=LoginTest_001, STEP12=, STEP06=, STEP07=, STEP04=, STEP05=, RUNMODE=Yes, WALLET=Main, DESCRIPTION=Cancel MPIN, TESTTYPE=Negative, STEP08=, STEP09=, FEATURE=Electricity: CP}]]>
              </value>
            </param>
          </params>
          <reporter-output>
          </reporter-output>
        </test-method> <!-- flowMapperTest -->
        <test-method status="PASS" signature="result(org.testng.ITestResult)[pri:0, instance:tests.FlowMapper@53b32d7]" name="result" is-config="true" duration-ms="493" started-at="2019-10-16T18:37:45Z" finished-at="2019-10-16T18:37:46Z">
          <params>
            <param index="0">
              <value>
                <![CDATA[[TestResult name=flowMapperTest status=SUCCESS method=FlowMapper.flowMapperTest(java.util.HashMap)[pri:0, instance:tests.FlowMapper@53b32d7] output={null}]]]>
              </value>
            </param>
          </params>
          <reporter-output>
          </reporter-output>
        </test-method> <!-- result -->
        <test-method status="PASS" signature="flowMapperTest(java.util.HashMap)[pri:0, instance:tests.FlowMapper@53b32d7]" name="flowMapperTest" duration-ms="14533" started-at="2019-10-16T18:37:46Z" data-provider="getData" finished-at="2019-10-16T18:38:01Z">
          <params>
            <param index="0">
              <value>
                <![CDATA[{CONTRACT=BILLPAY, STEP10=, PRIORITY=P2, STEP02=ElectricityTest_013, STEP13=, TCID=FlowMapper_397, STEP03=LogoutTest_001, STEP11=, STEP01=LoginTest_001, STEP12=, STEP06=, STEP07=, STEP04=, STEP05=, RUNMODE=Yes, WALLET=Main, DESCRIPTION=Clear the entered details before fetching amount, TESTTYPE=Negative, STEP08=, STEP09=, FEATURE=Electricity: CP}]]>
              </value>
            </param>
          </params>
          <reporter-output>
          </reporter-output>
        </test-method> <!-- flowMapperTest -->
        <test-method status="PASS" signature="result(org.testng.ITestResult)[pri:0, instance:tests.FlowMapper@53b32d7]" name="result" is-config="true" duration-ms="472" started-at="2019-10-16T18:38:01Z" finished-at="2019-10-16T18:38:01Z">
          <params>
            <param index="0">
              <value>
                <![CDATA[[TestResult name=flowMapperTest status=SUCCESS method=FlowMapper.flowMapperTest(java.util.HashMap)[pri:0, instance:tests.FlowMapper@53b32d7] output={null}]]]>
              </value>
            </param>
          </params>
          <reporter-output>
          </reporter-output>
        </test-method> <!-- result -->
        <test-method status="PASS" signature="flowMapperTest(java.util.HashMap)[pri:0, instance:tests.FlowMapper@53b32d7]" name="flowMapperTest" duration-ms="18237" started-at="2019-10-16T18:38:01Z" data-provider="getData" finished-at="2019-10-16T18:38:19Z">
          <params>
            <param index="0">
              <value>
                <![CDATA[{CONTRACT=BILLPAY, STEP10=, PRIORITY=P2, STEP02=ElectricityTest_014, STEP13=, TCID=FlowMapper_398, STEP03=LogoutTest_001, STEP11=, STEP01=LoginTest_001, STEP12=, STEP06=, STEP07=, STEP04=, STEP05=, RUNMODE=Yes, WALLET=Main, DESCRIPTION=Clear the entered details after fetching amount, TESTTYPE=Negative, STEP08=, STEP09=, FEATURE=Electricity: CP}]]>
              </value>
            </param>
          </params>
          <reporter-output>
          </reporter-output>
        </test-method> <!-- flowMapperTest -->
        <test-method status="PASS" signature="result(org.testng.ITestResult)[pri:0, instance:tests.FlowMapper@53b32d7]" name="result" is-config="true" duration-ms="453" started-at="2019-10-16T18:38:19Z" finished-at="2019-10-16T18:38:20Z">
          <params>
            <param index="0">
              <value>
                <![CDATA[[TestResult name=flowMapperTest status=SUCCESS method=FlowMapper.flowMapperTest(java.util.HashMap)[pri:0, instance:tests.FlowMapper@53b32d7] output={null}]]]>
              </value>
            </param>
          </params>
          <reporter-output>
          </reporter-output>
        </test-method> <!-- result -->
        <test-method status="PASS" signature="flowMapperTest(java.util.HashMap)[pri:0, instance:tests.FlowMapper@53b32d7]" name="flowMapperTest" duration-ms="17954" started-at="2019-10-16T18:38:20Z" data-provider="getData" finished-at="2019-10-16T18:38:38Z">
          <params>
            <param index="0">
              <value>
                <![CDATA[{CONTRACT=BILLPAY, STEP10=, PRIORITY=P2, STEP02=ElectricityTest_015, STEP13=, TCID=FlowMapper_399, STEP03=LogoutTest_001, STEP11=, STEP01=LoginTest_001, STEP12=, STEP06=, STEP07=, STEP04=, STEP05=, RUNMODE=Yes, WALLET=-, DESCRIPTION=Amount greater than wallet balance, TESTTYPE=Negative, STEP08=, STEP09=, FEATURE=Electricity: CP}]]>
              </value>
            </param>
          </params>
          <reporter-output>
          </reporter-output>
        </test-method> <!-- flowMapperTest -->
        <test-method status="PASS" signature="result(org.testng.ITestResult)[pri:0, instance:tests.FlowMapper@53b32d7]" name="result" is-config="true" duration-ms="421" started-at="2019-10-16T18:38:38Z" finished-at="2019-10-16T18:38:38Z">
          <params>
            <param index="0">
              <value>
                <![CDATA[[TestResult name=flowMapperTest status=SUCCESS method=FlowMapper.flowMapperTest(java.util.HashMap)[pri:0, instance:tests.FlowMapper@53b32d7] output={null}]]]>
              </value>
            </param>
          </params>
          <reporter-output>
          </reporter-output>
        </test-method> <!-- result -->
        <test-method status="PASS" signature="flowMapperTest(java.util.HashMap)[pri:0, instance:tests.FlowMapper@53b32d7]" name="flowMapperTest" duration-ms="26082" started-at="2019-10-16T18:38:38Z" data-provider="getData" finished-at="2019-10-16T18:39:04Z">
          <params>
            <param index="0">
              <value>
                <![CDATA[{CONTRACT=BILLPAY, STEP10=, PRIORITY=P2, STEP02=ElectricityTest_036, STEP13=, TCID=FlowMapper_400, STEP03=LogoutTest_001, STEP11=, STEP01=LoginTest_001, STEP12=, STEP06=, STEP07=, STEP04=, STEP05=, RUNMODE=Yes, WALLET=Cashout, DESCRIPTION=Insuffiicient Balance in Main Wallet, TESTTYPE=Negative, STEP08=, STEP09=, FEATURE=Electricity: CP}]]>
              </value>
            </param>
          </params>
          <reporter-output>
          </reporter-output>
        </test-method> <!-- flowMapperTest -->
        <test-method status="PASS" signature="result(org.testng.ITestResult)[pri:0, instance:tests.FlowMapper@53b32d7]" name="result" is-config="true" duration-ms="474" started-at="2019-10-16T18:39:04Z" finished-at="2019-10-16T18:39:05Z">
          <params>
            <param index="0">
              <value>
                <![CDATA[[TestResult name=flowMapperTest status=SUCCESS method=FlowMapper.flowMapperTest(java.util.HashMap)[pri:0, instance:tests.FlowMapper@53b32d7] output={null}]]]>
              </value>
            </param>
          </params>
          <reporter-output>
          </reporter-output>
        </test-method> <!-- result -->
        <test-method status="PASS" signature="flowMapperTest(java.util.HashMap)[pri:0, instance:tests.FlowMapper@53b32d7]" name="flowMapperTest" duration-ms="26057" started-at="2019-10-16T18:39:05Z" data-provider="getData" finished-at="2019-10-16T18:39:31Z">
          <params>
            <param index="0">
              <value>
                <![CDATA[{CONTRACT=BILLPAY, STEP10=, PRIORITY=P2, STEP02=ElectricityTest_037, STEP13=, TCID=FlowMapper_401, STEP03=LogoutTest_001, STEP11=, STEP01=LoginTest_001, STEP12=, STEP06=, STEP07=, STEP04=, STEP05=, RUNMODE=Yes, WALLET=Main, DESCRIPTION=Insuffiicient Balance in Cashout Wallet, TESTTYPE=Negative, STEP08=, STEP09=, FEATURE=Electricity: CP}]]>
              </value>
            </param>
          </params>
          <reporter-output>
          </reporter-output>
        </test-method> <!-- flowMapperTest -->
        <test-method status="PASS" signature="result(org.testng.ITestResult)[pri:0, instance:tests.FlowMapper@53b32d7]" name="result" is-config="true" duration-ms="457" started-at="2019-10-16T18:39:31Z" finished-at="2019-10-16T18:39:31Z">
          <params>
            <param index="0">
              <value>
                <![CDATA[[TestResult name=flowMapperTest status=SUCCESS method=FlowMapper.flowMapperTest(java.util.HashMap)[pri:0, instance:tests.FlowMapper@53b32d7] output={null}]]]>
              </value>
            </param>
          </params>
          <reporter-output>
          </reporter-output>
        </test-method> <!-- result -->
        <test-method status="PASS" signature="flowMapperTest(java.util.HashMap)[pri:0, instance:tests.FlowMapper@53b32d7]" name="flowMapperTest" duration-ms="27639" started-at="2019-10-16T18:39:31Z" data-provider="getData" finished-at="2019-10-16T18:39:59Z">
          <params>
            <param index="0">
              <value>
                <![CDATA[{CONTRACT=BILLPAY, STEP10=, PRIORITY=P1, STEP02=ElectricityTest_038, STEP13=, TCID=FlowMapper_402, STEP03=LogoutTest_001, STEP11=, STEP01=LoginTest_001, STEP12=, STEP06=, STEP07=, STEP04=, STEP05=, RUNMODE=Yes, WALLET=Cashout, DESCRIPTION=Main Wallet = 0, Cashout !=0, TESTTYPE=Negative, STEP08=, STEP09=, FEATURE=Electricity: CP}]]>
              </value>
            </param>
          </params>
          <reporter-output>
          </reporter-output>
        </test-method> <!-- flowMapperTest -->
        <test-method status="PASS" signature="result(org.testng.ITestResult)[pri:0, instance:tests.FlowMapper@53b32d7]" name="result" is-config="true" duration-ms="448" started-at="2019-10-16T18:39:59Z" finished-at="2019-10-16T18:39:59Z">
          <params>
            <param index="0">
              <value>
                <![CDATA[[TestResult name=flowMapperTest status=SUCCESS method=FlowMapper.flowMapperTest(java.util.HashMap)[pri:0, instance:tests.FlowMapper@53b32d7] output={null}]]]>
              </value>
            </param>
          </params>
          <reporter-output>
          </reporter-output>
        </test-method> <!-- result -->
        <test-method status="PASS" signature="flowMapperTest(java.util.HashMap)[pri:0, instance:tests.FlowMapper@53b32d7]" name="flowMapperTest" duration-ms="25092" started-at="2019-10-16T18:39:59Z" data-provider="getData" finished-at="2019-10-16T18:40:24Z">
          <params>
            <param index="0">
              <value>
                <![CDATA[{CONTRACT=BILLPAY, STEP10=, PRIORITY=P2, STEP02=ElectricityTest_039, STEP13=, TCID=FlowMapper_403, STEP03=LogoutTest_001, STEP11=, STEP01=LoginTest_001, STEP12=, STEP06=, STEP07=, STEP04=, STEP05=, RUNMODE=Yes, WALLET=Main, DESCRIPTION=Main Wallet != 0, Cashout =0, TESTTYPE=Negative, STEP08=, STEP09=, FEATURE=Electricity: CP}]]>
              </value>
            </param>
          </params>
          <reporter-output>
          </reporter-output>
        </test-method> <!-- flowMapperTest -->
        <test-method status="PASS" signature="result(org.testng.ITestResult)[pri:0, instance:tests.FlowMapper@53b32d7]" name="result" is-config="true" duration-ms="416" started-at="2019-10-16T18:40:24Z" finished-at="2019-10-16T18:40:25Z">
          <params>
            <param index="0">
              <value>
                <![CDATA[[TestResult name=flowMapperTest status=SUCCESS method=FlowMapper.flowMapperTest(java.util.HashMap)[pri:0, instance:tests.FlowMapper@53b32d7] output={null}]]]>
              </value>
            </param>
          </params>
          <reporter-output>
          </reporter-output>
        </test-method> <!-- result -->
        <test-method status="PASS" signature="flowMapperTest(java.util.HashMap)[pri:0, instance:tests.FlowMapper@53b32d7]" name="flowMapperTest" duration-ms="25870" started-at="2019-10-16T18:40:25Z" data-provider="getData" finished-at="2019-10-16T18:40:51Z">
          <params>
            <param index="0">
              <value>
                <![CDATA[{CONTRACT=BILLPAY, STEP10=, PRIORITY=P2, STEP02=ElectricityTest_016, STEP13=, TCID=FlowMapper_404, STEP03=LogoutTest_001, STEP11=, STEP01=LoginTest_001, STEP12=, STEP06=, STEP07=, STEP04=, STEP05=, RUNMODE=Yes, WALLET=Main, DESCRIPTION=Due date has passed while paying the bill, TESTTYPE=Negative, STEP08=, STEP09=, FEATURE=Electricity: CP}]]>
              </value>
            </param>
          </params>
          <reporter-output>
          </reporter-output>
        </test-method> <!-- flowMapperTest -->
        <test-method status="PASS" signature="result(org.testng.ITestResult)[pri:0, instance:tests.FlowMapper@53b32d7]" name="result" is-config="true" duration-ms="453" started-at="2019-10-16T18:40:51Z" finished-at="2019-10-16T18:40:51Z">
          <params>
            <param index="0">
              <value>
                <![CDATA[[TestResult name=flowMapperTest status=SUCCESS method=FlowMapper.flowMapperTest(java.util.HashMap)[pri:0, instance:tests.FlowMapper@53b32d7] output={null}]]]>
              </value>
            </param>
          </params>
          <reporter-output>
          </reporter-output>
        </test-method> <!-- result -->
        <test-method status="PASS" signature="flowMapperTest(java.util.HashMap)[pri:0, instance:tests.FlowMapper@53b32d7]" name="flowMapperTest" duration-ms="15345" started-at="2019-10-16T18:40:51Z" data-provider="getData" finished-at="2019-10-16T18:41:06Z">
          <params>
            <param index="0">
              <value>
                <![CDATA[{CONTRACT=BILLPAY, STEP10=, PRIORITY=P2, STEP02=ElectricityTest_017, STEP13=, TCID=FlowMapper_405, STEP03=LogoutTest_001, STEP11=, STEP01=LoginTest_001, STEP12=, STEP06=, STEP07=, STEP04=, STEP05=, RUNMODE=Yes, WALLET=Main, DESCRIPTION=Bill was not fetched while fetching the bill, TESTTYPE=Negative, STEP08=, STEP09=, FEATURE=Electricity: CP}]]>
              </value>
            </param>
          </params>
          <reporter-output>
          </reporter-output>
        </test-method> <!-- flowMapperTest -->
        <test-method status="PASS" signature="result(org.testng.ITestResult)[pri:0, instance:tests.FlowMapper@53b32d7]" name="result" is-config="true" duration-ms="441" started-at="2019-10-16T18:41:06Z" finished-at="2019-10-16T18:41:07Z">
          <params>
            <param index="0">
              <value>
                <![CDATA[[TestResult name=flowMapperTest status=SUCCESS method=FlowMapper.flowMapperTest(java.util.HashMap)[pri:0, instance:tests.FlowMapper@53b32d7] output={null}]]]>
              </value>
            </param>
          </params>
          <reporter-output>
          </reporter-output>
        </test-method> <!-- result -->
        <test-method status="PASS" signature="flowMapperTest(java.util.HashMap)[pri:0, instance:tests.FlowMapper@53b32d7]" name="flowMapperTest" duration-ms="31429" started-at="2019-10-16T18:41:07Z" data-provider="getData" finished-at="2019-10-16T18:41:38Z">
          <params>
            <param index="0">
              <value>
                <![CDATA[{CONTRACT=BILLPAY, STEP10=, PRIORITY=P1, STEP02=ElectricityTest_005, STEP13=, TCID=FlowMapper_406, STEP03=ElectricityStatusEnquiryTest_001, STEP11=, STEP01=LoginTest_001, STEP12=, STEP06=, STEP07=, STEP04=LogoutTest_001, STEP05=, RUNMODE=Yes, WALLET=Main, DESCRIPTION=Status enquiry for a successful transaction, TESTTYPE=Positive, STEP08=, STEP09=, FEATURE=Electricity: CP}]]>
              </value>
            </param>
          </params>
          <reporter-output>
          </reporter-output>
        </test-method> <!-- flowMapperTest -->
        <test-method status="PASS" signature="result(org.testng.ITestResult)[pri:0, instance:tests.FlowMapper@53b32d7]" name="result" is-config="true" duration-ms="434" started-at="2019-10-16T18:41:38Z" finished-at="2019-10-16T18:41:39Z">
          <params>
            <param index="0">
              <value>
                <![CDATA[[TestResult name=flowMapperTest status=SUCCESS method=FlowMapper.flowMapperTest(java.util.HashMap)[pri:0, instance:tests.FlowMapper@53b32d7] output={null}]]]>
              </value>
            </param>
          </params>
          <reporter-output>
          </reporter-output>
        </test-method> <!-- result -->
        <test-method status="PASS" signature="flowMapperTest(java.util.HashMap)[pri:0, instance:tests.FlowMapper@53b32d7]" name="flowMapperTest" duration-ms="31833" started-at="2019-10-16T18:41:39Z" data-provider="getData" finished-at="2019-10-16T18:42:11Z">
          <params>
            <param index="0">
              <value>
                <![CDATA[{CONTRACT=BILLPAY, STEP10=, PRIORITY=P1, STEP02=ElectricityTest_007, STEP13=, TCID=FlowMapper_407, STEP03=ElectricityStatusEnquiryTest_002, STEP11=, STEP01=LoginTest_001, STEP12=, STEP06=, STEP07=, STEP04=LogoutTest_001, STEP05=, RUNMODE=Yes, WALLET=Main, DESCRIPTION=Status enquiry for a failed transaction, TESTTYPE=Positive, STEP08=, STEP09=, FEATURE=Electricity: CP}]]>
              </value>
            </param>
          </params>
          <reporter-output>
          </reporter-output>
        </test-method> <!-- flowMapperTest -->
        <test-method status="PASS" signature="result(org.testng.ITestResult)[pri:0, instance:tests.FlowMapper@53b32d7]" name="result" is-config="true" duration-ms="463" started-at="2019-10-16T18:42:11Z" finished-at="2019-10-16T18:42:11Z">
          <params>
            <param index="0">
              <value>
                <![CDATA[[TestResult name=flowMapperTest status=SUCCESS method=FlowMapper.flowMapperTest(java.util.HashMap)[pri:0, instance:tests.FlowMapper@53b32d7] output={null}]]]>
              </value>
            </param>
          </params>
          <reporter-output>
          </reporter-output>
        </test-method> <!-- result -->
        <test-method status="PASS" signature="flowMapperTest(java.util.HashMap)[pri:0, instance:tests.FlowMapper@53b32d7]" name="flowMapperTest" duration-ms="38320" started-at="2019-10-16T18:42:11Z" data-provider="getData" finished-at="2019-10-16T18:42:49Z">
          <params>
            <param index="0">
              <value>
                <![CDATA[{CONTRACT=BILLPAY, STEP10=, PRIORITY=P2, STEP02=ElectricityTest_006, STEP13=, TCID=FlowMapper_410, STEP03=ElectricityStatusEnquiryTest_016, STEP11=, STEP01=LoginTest_001, STEP12=, STEP06=, STEP07=, STEP04=LogoutTest_001, STEP05=, RUNMODE=Yes, WALLET=Main, DESCRIPTION=Status enquiry for a pending to fail transaction and Verify SMS, TESTTYPE=Positive, STEP08=, STEP09=, FEATURE=Electricity: CP}]]>
              </value>
            </param>
          </params>
          <reporter-output>
          </reporter-output>
        </test-method> <!-- flowMapperTest -->
        <test-method status="PASS" signature="result(org.testng.ITestResult)[pri:0, instance:tests.FlowMapper@53b32d7]" name="result" is-config="true" duration-ms="440" started-at="2019-10-16T18:42:49Z" finished-at="2019-10-16T18:42:50Z">
          <params>
            <param index="0">
              <value>
                <![CDATA[[TestResult name=flowMapperTest status=SUCCESS method=FlowMapper.flowMapperTest(java.util.HashMap)[pri:0, instance:tests.FlowMapper@53b32d7] output={null}]]]>
              </value>
            </param>
          </params>
          <reporter-output>
          </reporter-output>
        </test-method> <!-- result -->
        <test-method status="PASS" signature="flowMapperTest(java.util.HashMap)[pri:0, instance:tests.FlowMapper@53b32d7]" name="flowMapperTest" duration-ms="46407" started-at="2019-10-16T18:42:50Z" data-provider="getData" finished-at="2019-10-16T18:43:36Z">
          <params>
            <param index="0">
              <value>
                <![CDATA[{CONTRACT=BILLPAY, STEP10=, PRIORITY=P1, STEP02=ElectricityTest_006, STEP13=, TCID=FlowMapper_411, STEP03=ElectricityStatusEnquiryTest_005, STEP11=, STEP01=LoginTest_001, STEP12=, STEP06=, STEP07=, STEP04=ElectricityStatusEnquiryTest_006, STEP05=LogoutTest_001, RUNMODE=Yes, WALLET=Main, DESCRIPTION=Refund for a later failed transaction and Status enquiry for refunded transaction, TESTTYPE=Positive, STEP08=, STEP09=, FEATURE=Electricity: CP}]]>
              </value>
            </param>
          </params>
          <reporter-output>
          </reporter-output>
        </test-method> <!-- flowMapperTest -->
        <test-method status="PASS" signature="result(org.testng.ITestResult)[pri:0, instance:tests.FlowMapper@53b32d7]" name="result" is-config="true" duration-ms="492" started-at="2019-10-16T18:43:36Z" finished-at="2019-10-16T18:43:37Z">
          <params>
            <param index="0">
              <value>
                <![CDATA[[TestResult name=flowMapperTest status=SUCCESS method=FlowMapper.flowMapperTest(java.util.HashMap)[pri:0, instance:tests.FlowMapper@53b32d7] output={null}]]]>
              </value>
            </param>
          </params>
          <reporter-output>
          </reporter-output>
        </test-method> <!-- result -->
        <test-method status="PASS" signature="flowMapperTest(java.util.HashMap)[pri:0, instance:tests.FlowMapper@53b32d7]" name="flowMapperTest" duration-ms="31355" started-at="2019-10-16T18:43:37Z" data-provider="getData" finished-at="2019-10-16T18:44:08Z">
          <params>
            <param index="0">
              <value>
                <![CDATA[{CONTRACT=BILLPAY, STEP10=, PRIORITY=P1, STEP02=ElectricityTest_005, STEP13=, TCID=FlowMapper_412, STEP03=ElectricityStatusEnquiryTest_007, STEP11=, STEP01=LoginTest_001, STEP12=, STEP06=, STEP07=, STEP04=LogoutTest_001, STEP05=, RUNMODE=Yes, WALLET=Main, DESCRIPTION=Status Enquiry using Mobile Number, TESTTYPE=Positive, STEP08=, STEP09=, FEATURE=Electricity: CP}]]>
              </value>
            </param>
          </params>
          <reporter-output>
          </reporter-output>
        </test-method> <!-- flowMapperTest -->
        <test-method status="PASS" signature="result(org.testng.ITestResult)[pri:0, instance:tests.FlowMapper@53b32d7]" name="result" is-config="true" duration-ms="449" started-at="2019-10-16T18:44:08Z" finished-at="2019-10-16T18:44:08Z">
          <params>
            <param index="0">
              <value>
                <![CDATA[[TestResult name=flowMapperTest status=SUCCESS method=FlowMapper.flowMapperTest(java.util.HashMap)[pri:0, instance:tests.FlowMapper@53b32d7] output={null}]]]>
              </value>
            </param>
          </params>
          <reporter-output>
          </reporter-output>
        </test-method> <!-- result -->
        <test-method status="PASS" signature="flowMapperTest(java.util.HashMap)[pri:0, instance:tests.FlowMapper@53b32d7]" name="flowMapperTest" duration-ms="11380" started-at="2019-10-16T18:44:08Z" data-provider="getData" finished-at="2019-10-16T18:44:20Z">
          <params>
            <param index="0">
              <value>
                <![CDATA[{CONTRACT=BILLPAY, STEP10=, PRIORITY=P2, STEP02=ElectricityStatusEnquiryTest_008, STEP13=, TCID=FlowMapper_413, STEP03=LogoutTest_001, STEP11=, STEP01=LoginTest_001, STEP12=, STEP06=, STEP07=, STEP04=, STEP05=, RUNMODE=Yes, WALLET=Main, DESCRIPTION=No transaction available, TESTTYPE=Positive, STEP08=, STEP09=, FEATURE=Electricity: CP}]]>
              </value>
            </param>
          </params>
          <reporter-output>
          </reporter-output>
        </test-method> <!-- flowMapperTest -->
        <test-method status="PASS" signature="result(org.testng.ITestResult)[pri:0, instance:tests.FlowMapper@53b32d7]" name="result" is-config="true" duration-ms="439" started-at="2019-10-16T18:44:20Z" finished-at="2019-10-16T18:44:20Z">
          <params>
            <param index="0">
              <value>
                <![CDATA[[TestResult name=flowMapperTest status=SUCCESS method=FlowMapper.flowMapperTest(java.util.HashMap)[pri:0, instance:tests.FlowMapper@53b32d7] output={null}]]]>
              </value>
            </param>
          </params>
          <reporter-output>
          </reporter-output>
        </test-method> <!-- result -->
        <test-method status="PASS" signature="flowMapperTest(java.util.HashMap)[pri:0, instance:tests.FlowMapper@53b32d7]" name="flowMapperTest" duration-ms="33971" started-at="2019-10-16T18:44:20Z" data-provider="getData" finished-at="2019-10-16T18:44:54Z">
          <params>
            <param index="0">
              <value>
                <![CDATA[{CONTRACT=BILLPAY, STEP10=, PRIORITY=P2, STEP02=ElectricityTest_005, STEP13=, TCID=FlowMapper_414, STEP03=ElectricityStatusEnquiryTest_009, STEP11=, STEP01=LoginTest_001, STEP12=, STEP06=, STEP07=, STEP04=LogoutTest_001, STEP05=, RUNMODE=Yes, WALLET=Main, DESCRIPTION=Status Enquiry using Txn ID, TESTTYPE=Positive, STEP08=, STEP09=, FEATURE=Electricity: CP}]]>
              </value>
            </param>
          </params>
          <reporter-output>
          </reporter-output>
        </test-method> <!-- flowMapperTest -->
        <test-method status="PASS" signature="result(org.testng.ITestResult)[pri:0, instance:tests.FlowMapper@53b32d7]" name="result" is-config="true" duration-ms="466" started-at="2019-10-16T18:44:54Z" finished-at="2019-10-16T18:44:55Z">
          <params>
            <param index="0">
              <value>
                <![CDATA[[TestResult name=flowMapperTest status=SUCCESS method=FlowMapper.flowMapperTest(java.util.HashMap)[pri:0, instance:tests.FlowMapper@53b32d7] output={null}]]]>
              </value>
            </param>
          </params>
          <reporter-output>
          </reporter-output>
        </test-method> <!-- result -->
        <test-method status="PASS" signature="flowMapperTest(java.util.HashMap)[pri:0, instance:tests.FlowMapper@53b32d7]" name="flowMapperTest" duration-ms="35005" started-at="2019-10-16T18:44:55Z" data-provider="getData" finished-at="2019-10-16T18:45:30Z">
          <params>
            <param index="0">
              <value>
                <![CDATA[{CONTRACT=BILLPAY, STEP10=, PRIORITY=P2, STEP02=ElectricityTest_005, STEP13=, TCID=FlowMapper_415, STEP03=ElectricityStatusEnquiryTest_010, STEP11=, STEP01=LoginTest_001, STEP12=, STEP06=, STEP07=, STEP04=LogoutTest_001, STEP05=, RUNMODE=Yes, WALLET=Main, DESCRIPTION=Status Enquiry using Mobile Number, TESTTYPE=Positive, STEP08=, STEP09=, FEATURE=Electricity: CP}]]>
              </value>
            </param>
          </params>
          <reporter-output>
          </reporter-output>
        </test-method> <!-- flowMapperTest -->
        <test-method status="PASS" signature="result(org.testng.ITestResult)[pri:0, instance:tests.FlowMapper@53b32d7]" name="result" is-config="true" duration-ms="462" started-at="2019-10-16T18:45:30Z" finished-at="2019-10-16T18:45:30Z">
          <params>
            <param index="0">
              <value>
                <![CDATA[[TestResult name=flowMapperTest status=SUCCESS method=FlowMapper.flowMapperTest(java.util.HashMap)[pri:0, instance:tests.FlowMapper@53b32d7] output={null}]]]>
              </value>
            </param>
          </params>
          <reporter-output>
          </reporter-output>
        </test-method> <!-- result -->
        <test-method status="PASS" signature="flowMapperTest(java.util.HashMap)[pri:0, instance:tests.FlowMapper@53b32d7]" name="flowMapperTest" duration-ms="13485" started-at="2019-10-16T18:45:30Z" data-provider="getData" finished-at="2019-10-16T18:45:44Z">
          <params>
            <param index="0">
              <value>
                <![CDATA[{CONTRACT=BILLPAY, STEP10=, PRIORITY=P2, STEP02=ElectricityStatusEnquiryTest_011, STEP13=, TCID=FlowMapper_416, STEP03=LogoutTest_001, STEP11=, STEP01=LoginTest_001, STEP12=, STEP06=, STEP07=, STEP04=, STEP05=, RUNMODE=Yes, WALLET=Main, DESCRIPTION=No transaction available, TESTTYPE=Positive, STEP08=, STEP09=, FEATURE=Electricity: CP}]]>
              </value>
            </param>
          </params>
          <reporter-output>
          </reporter-output>
        </test-method> <!-- flowMapperTest -->
        <test-method status="PASS" signature="result(org.testng.ITestResult)[pri:0, instance:tests.FlowMapper@53b32d7]" name="result" is-config="true" duration-ms="431" started-at="2019-10-16T18:45:44Z" finished-at="2019-10-16T18:45:44Z">
          <params>
            <param index="0">
              <value>
                <![CDATA[[TestResult name=flowMapperTest status=SUCCESS method=FlowMapper.flowMapperTest(java.util.HashMap)[pri:0, instance:tests.FlowMapper@53b32d7] output={null}]]]>
              </value>
            </param>
          </params>
          <reporter-output>
          </reporter-output>
        </test-method> <!-- result -->
        <test-method status="PASS" signature="flowMapperTest(java.util.HashMap)[pri:0, instance:tests.FlowMapper@53b32d7]" name="flowMapperTest" duration-ms="38070" started-at="2019-10-16T18:45:44Z" data-provider="getData" finished-at="2019-10-16T18:46:22Z">
          <params>
            <param index="0">
              <value>
                <![CDATA[{CONTRACT=BILLPAY, STEP10=, PRIORITY=P2, STEP02=ElectricityTest_006, STEP13=, TCID=FlowMapper_417, STEP03=ElectricityStatusEnquiryTest_012, STEP11=, STEP01=LoginTest_001, STEP12=, STEP06=, STEP07=, STEP04=LogoutTest_001, STEP05=, RUNMODE=Yes, WALLET=Main, DESCRIPTION=Incorrect OTP, TESTTYPE=Positive, STEP08=, STEP09=, FEATURE=Electricity: CP}]]>
              </value>
            </param>
          </params>
          <reporter-output>
          </reporter-output>
        </test-method> <!-- flowMapperTest -->
        <test-method status="PASS" signature="result(org.testng.ITestResult)[pri:0, instance:tests.FlowMapper@53b32d7]" name="result" is-config="true" duration-ms="448" started-at="2019-10-16T18:46:22Z" finished-at="2019-10-16T18:46:23Z">
          <params>
            <param index="0">
              <value>
                <![CDATA[[TestResult name=flowMapperTest status=SUCCESS method=FlowMapper.flowMapperTest(java.util.HashMap)[pri:0, instance:tests.FlowMapper@53b32d7] output={null}]]]>
              </value>
            </param>
          </params>
          <reporter-output>
          </reporter-output>
        </test-method> <!-- result -->
        <test-method status="PASS" signature="flowMapperTest(java.util.HashMap)[pri:0, instance:tests.FlowMapper@53b32d7]" name="flowMapperTest" duration-ms="37459" started-at="2019-10-16T18:46:23Z" data-provider="getData" finished-at="2019-10-16T18:47:00Z">
          <params>
            <param index="0">
              <value>
                <![CDATA[{CONTRACT=BILLPAY, STEP10=, PRIORITY=P2, STEP02=ElectricityTest_006, STEP13=, TCID=FlowMapper_418, STEP03=ElectricityStatusEnquiryTest_013, STEP11=, STEP01=LoginTest_001, STEP12=, STEP06=, STEP07=, STEP04=LogoutTest_001, STEP05=, RUNMODE=Yes, WALLET=Main, DESCRIPTION=Cancel OTP, TESTTYPE=Positive, STEP08=, STEP09=, FEATURE=Electricity: CP}]]>
              </value>
            </param>
          </params>
          <reporter-output>
          </reporter-output>
        </test-method> <!-- flowMapperTest -->
        <test-method status="PASS" signature="result(org.testng.ITestResult)[pri:0, instance:tests.FlowMapper@53b32d7]" name="result" is-config="true" duration-ms="450" started-at="2019-10-16T18:47:00Z" finished-at="2019-10-16T18:47:01Z">
          <params>
            <param index="0">
              <value>
                <![CDATA[[TestResult name=flowMapperTest status=SUCCESS method=FlowMapper.flowMapperTest(java.util.HashMap)[pri:0, instance:tests.FlowMapper@53b32d7] output={null}]]]>
              </value>
            </param>
          </params>
          <reporter-output>
          </reporter-output>
        </test-method> <!-- result -->
        <test-method status="PASS" signature="flowMapperTest(java.util.HashMap)[pri:0, instance:tests.FlowMapper@53b32d7]" name="flowMapperTest" duration-ms="43532" started-at="2019-10-16T18:47:01Z" data-provider="getData" finished-at="2019-10-16T18:47:44Z">
          <params>
            <param index="0">
              <value>
                <![CDATA[{CONTRACT=BILLPAY, STEP10=, PRIORITY=P2, STEP02=ElectricityTest_006, STEP13=, TCID=FlowMapper_419, STEP03=ElectricityStatusEnquiryTest_014, STEP11=, STEP01=LoginTest_001, STEP12=, STEP06=, STEP07=, STEP04=LogoutTest_001, STEP05=, RUNMODE=Yes, WALLET=Main, DESCRIPTION=Retry OTP, TESTTYPE=Positive, STEP08=, STEP09=, FEATURE=Electricity: CP}]]>
              </value>
            </param>
          </params>
          <reporter-output>
          </reporter-output>
        </test-method> <!-- flowMapperTest -->
        <test-method status="PASS" signature="result(org.testng.ITestResult)[pri:0, instance:tests.FlowMapper@53b32d7]" name="result" is-config="true" duration-ms="703" started-at="2019-10-16T18:47:44Z" finished-at="2019-10-16T18:47:45Z">
          <params>
            <param index="0">
              <value>
                <![CDATA[[TestResult name=flowMapperTest status=SUCCESS method=FlowMapper.flowMapperTest(java.util.HashMap)[pri:0, instance:tests.FlowMapper@53b32d7] output={null}]]]>
              </value>
            </param>
          </params>
          <reporter-output>
          </reporter-output>
        </test-method> <!-- result -->
        <test-method status="PASS" signature="flowMapperTest(java.util.HashMap)[pri:0, instance:tests.FlowMapper@53b32d7]" name="flowMapperTest" duration-ms="68241" started-at="2019-10-16T18:47:45Z" data-provider="getData" finished-at="2019-10-16T18:48:53Z">
          <params>
            <param index="0">
              <value>
                <![CDATA[{CONTRACT=BILLPAY, STEP10=, PRIORITY=P2, STEP02=ElectricityTest_006, STEP13=, TCID=FlowMapper_420, STEP03=ElectricityStatusEnquiryTest_015, STEP11=, STEP01=LoginTest_001, STEP12=, STEP06=, STEP07=, STEP04=LogoutTest_001, STEP05=, RUNMODE=Yes, WALLET=Main, DESCRIPTION=Resend OTP, TESTTYPE=Positive, STEP08=, STEP09=, FEATURE=Electricity: CP}]]>
              </value>
            </param>
          </params>
          <reporter-output>
          </reporter-output>
        </test-method> <!-- flowMapperTest -->
        <test-method status="PASS" signature="result(org.testng.ITestResult)[pri:0, instance:tests.FlowMapper@53b32d7]" name="result" is-config="true" duration-ms="457" started-at="2019-10-16T18:48:53Z" finished-at="2019-10-16T18:48:53Z">
          <params>
            <param index="0">
              <value>
                <![CDATA[[TestResult name=flowMapperTest status=SUCCESS method=FlowMapper.flowMapperTest(java.util.HashMap)[pri:0, instance:tests.FlowMapper@53b32d7] output={null}]]]>
              </value>
            </param>
          </params>
          <reporter-output>
          </reporter-output>
        </test-method> <!-- result -->
        <test-method status="PASS" signature="flowMapperTest(java.util.HashMap)[pri:0, instance:tests.FlowMapper@53b32d7]" name="flowMapperTest" duration-ms="17385" started-at="2019-10-16T18:48:53Z" data-provider="getData" finished-at="2019-10-16T18:49:11Z">
          <params>
            <param index="0">
              <value>
                <![CDATA[{CONTRACT=BILLPAY, STEP10=, PRIORITY=P2, STEP02=ElectricityTest_019, STEP13=, TCID=FlowMapper_421, STEP03=LogoutTest_001, STEP11=, STEP01=LoginTest_001, STEP12=, STEP06=, STEP07=, STEP04=, STEP05=, RUNMODE=Yes, WALLET=Main, DESCRIPTION=Fetch and verify bill details for BESCOM for new number with name, TESTTYPE=Positive, STEP08=, STEP09=, FEATURE=Electricity: BA}]]>
              </value>
            </param>
          </params>
          <reporter-output>
          </reporter-output>
        </test-method> <!-- flowMapperTest -->
        <test-method status="PASS" signature="result(org.testng.ITestResult)[pri:0, instance:tests.FlowMapper@53b32d7]" name="result" is-config="true" duration-ms="419" started-at="2019-10-16T18:49:11Z" finished-at="2019-10-16T18:49:11Z">
          <params>
            <param index="0">
              <value>
                <![CDATA[[TestResult name=flowMapperTest status=SUCCESS method=FlowMapper.flowMapperTest(java.util.HashMap)[pri:0, instance:tests.FlowMapper@53b32d7] output={null}]]]>
              </value>
            </param>
          </params>
          <reporter-output>
          </reporter-output>
        </test-method> <!-- result -->
        <test-method status="PASS" signature="flowMapperTest(java.util.HashMap)[pri:0, instance:tests.FlowMapper@53b32d7]" name="flowMapperTest" duration-ms="18470" started-at="2019-10-16T18:49:11Z" data-provider="getData" finished-at="2019-10-16T18:49:30Z">
          <params>
            <param index="0">
              <value>
                <![CDATA[{CONTRACT=BILLPAY, STEP10=, PRIORITY=P2, STEP02=ElectricityTest_020, STEP13=, TCID=FlowMapper_422, STEP03=LogoutTest_001, STEP11=, STEP01=LoginTest_001, STEP12=, STEP06=, STEP07=, STEP04=, STEP05=, RUNMODE=Yes, WALLET=Main, DESCRIPTION=Fetch and verify bill details for MSEDC for new number without name, TESTTYPE=Positive, STEP08=, STEP09=, FEATURE=Electricity: BA}]]>
              </value>
            </param>
          </params>
          <reporter-output>
          </reporter-output>
        </test-method> <!-- flowMapperTest -->
        <test-method status="PASS" signature="result(org.testng.ITestResult)[pri:0, instance:tests.FlowMapper@53b32d7]" name="result" is-config="true" duration-ms="676" started-at="2019-10-16T18:49:30Z" finished-at="2019-10-16T18:49:30Z">
          <params>
            <param index="0">
              <value>
                <![CDATA[[TestResult name=flowMapperTest status=SUCCESS method=FlowMapper.flowMapperTest(java.util.HashMap)[pri:0, instance:tests.FlowMapper@53b32d7] output={null}]]]>
              </value>
            </param>
          </params>
          <reporter-output>
          </reporter-output>
        </test-method> <!-- result -->
        <test-method status="PASS" signature="flowMapperTest(java.util.HashMap)[pri:0, instance:tests.FlowMapper@53b32d7]" name="flowMapperTest" duration-ms="34477" started-at="2019-10-16T18:49:30Z" data-provider="getData" finished-at="2019-10-16T18:50:05Z">
          <params>
            <param index="0">
              <value>
                <![CDATA[{CONTRACT=BILLPAY, STEP10=, PRIORITY=P1, STEP02=ElectricityTest_019, STEP13=, TCID=FlowMapper_423, STEP03=ElectricityTest_021, STEP11=, STEP01=LoginTest_001, STEP12=, STEP06=, STEP07=, STEP04=LogoutTest_001, STEP05=, RUNMODE=Yes, WALLET=Main, DESCRIPTION=Verify biller list and pay bill for BESCOM after fetching amount and entering mobile number again, TESTTYPE=Positive, STEP08=, STEP09=, FEATURE=Electricity: BA}]]>
              </value>
            </param>
          </params>
          <reporter-output>
          </reporter-output>
        </test-method> <!-- flowMapperTest -->
        <test-method status="PASS" signature="result(org.testng.ITestResult)[pri:0, instance:tests.FlowMapper@53b32d7]" name="result" is-config="true" duration-ms="479" started-at="2019-10-16T18:50:05Z" finished-at="2019-10-16T18:50:05Z">
          <params>
            <param index="0">
              <value>
                <![CDATA[[TestResult name=flowMapperTest status=SUCCESS method=FlowMapper.flowMapperTest(java.util.HashMap)[pri:0, instance:tests.FlowMapper@53b32d7] output={null}]]]>
              </value>
            </param>
          </params>
          <reporter-output>
          </reporter-output>
        </test-method> <!-- result -->
        <test-method status="PASS" signature="flowMapperTest(java.util.HashMap)[pri:0, instance:tests.FlowMapper@53b32d7]" name="flowMapperTest" duration-ms="41061" started-at="2019-10-16T18:50:05Z" data-provider="getData" finished-at="2019-10-16T18:50:46Z">
          <params>
            <param index="0">
              <value>
                <![CDATA[{CONTRACT=BILLPAY, STEP10=, PRIORITY=P2, STEP02=ElectricityTest_023, STEP13=, TCID=FlowMapper_424, STEP03=ElectricityTest_022, STEP11=, STEP01=LoginTest_001, STEP12=, STEP06=, STEP07=, STEP04=LogoutTest_001, STEP05=, RUNMODE=Yes, WALLET=Main, DESCRIPTION=Verify biller list and pay bill for MSEDC after paying the bill and entering mobile number again, TESTTYPE=Positive, STEP08=, STEP09=, FEATURE=Electricity: BA}]]>
              </value>
            </param>
          </params>
          <reporter-output>
          </reporter-output>
        </test-method> <!-- flowMapperTest -->
        <test-method status="PASS" signature="result(org.testng.ITestResult)[pri:0, instance:tests.FlowMapper@53b32d7]" name="result" is-config="true" duration-ms="478" started-at="2019-10-16T18:50:46Z" finished-at="2019-10-16T18:50:47Z">
          <params>
            <param index="0">
              <value>
                <![CDATA[[TestResult name=flowMapperTest status=SUCCESS method=FlowMapper.flowMapperTest(java.util.HashMap)[pri:0, instance:tests.FlowMapper@53b32d7] output={null}]]]>
              </value>
            </param>
          </params>
          <reporter-output>
          </reporter-output>
        </test-method> <!-- result -->
        <test-method status="PASS" signature="flowMapperTest(java.util.HashMap)[pri:0, instance:tests.FlowMapper@53b32d7]" name="flowMapperTest" duration-ms="16026" started-at="2019-10-16T18:50:47Z" data-provider="getData" finished-at="2019-10-16T18:51:03Z">
          <params>
            <param index="0">
              <value>
                <![CDATA[{CONTRACT=BILLPAY, STEP10=, PRIORITY=P2, STEP02=ElectricityTest_034, STEP13=, TCID=FlowMapper_425, STEP03=LogoutTest_001, STEP11=, STEP01=LoginTest_001, STEP12=, STEP06=, STEP07=, STEP04=, STEP05=, RUNMODE=Yes, WALLET=Main, DESCRIPTION=Success transaction for MSEDC and verify FCM, TESTTYPE=Positive, STEP08=, STEP09=, FEATURE=Electricity: BA}]]>
              </value>
            </param>
          </params>
          <reporter-output>
          </reporter-output>
        </test-method> <!-- flowMapperTest -->
        <test-method status="PASS" signature="result(org.testng.ITestResult)[pri:0, instance:tests.FlowMapper@53b32d7]" name="result" is-config="true" duration-ms="446" started-at="2019-10-16T18:51:03Z" finished-at="2019-10-16T18:51:03Z">
          <params>
            <param index="0">
              <value>
                <![CDATA[[TestResult name=flowMapperTest status=SUCCESS method=FlowMapper.flowMapperTest(java.util.HashMap)[pri:0, instance:tests.FlowMapper@53b32d7] output={null}]]]>
              </value>
            </param>
          </params>
          <reporter-output>
          </reporter-output>
        </test-method> <!-- result -->
        <test-method status="PASS" signature="flowMapperTest(java.util.HashMap)[pri:0, instance:tests.FlowMapper@53b32d7]" name="flowMapperTest" duration-ms="26528" started-at="2019-10-16T18:51:03Z" data-provider="getData" finished-at="2019-10-16T18:51:30Z">
          <params>
            <param index="0">
              <value>
                <![CDATA[{CONTRACT=BILLPAY, STEP10=, PRIORITY=P1, STEP02=ElectricityTest_024, STEP13=, TCID=FlowMapper_426, STEP03=LogoutTest_001, STEP11=, STEP01=LoginTest_001, STEP12=, STEP06=, STEP07=, STEP04=, STEP05=, RUNMODE=Yes, WALLET=Main, DESCRIPTION=Pending transaction for BESCOM, TESTTYPE=Positive, STEP08=, STEP09=, FEATURE=Electricity: BA}]]>
              </value>
            </param>
          </params>
          <reporter-output>
          </reporter-output>
        </test-method> <!-- flowMapperTest -->
        <test-method status="PASS" signature="result(org.testng.ITestResult)[pri:0, instance:tests.FlowMapper@53b32d7]" name="result" is-config="true" duration-ms="420" started-at="2019-10-16T18:51:30Z" finished-at="2019-10-16T18:51:30Z">
          <params>
            <param index="0">
              <value>
                <![CDATA[[TestResult name=flowMapperTest status=SUCCESS method=FlowMapper.flowMapperTest(java.util.HashMap)[pri:0, instance:tests.FlowMapper@53b32d7] output={null}]]]>
              </value>
            </param>
          </params>
          <reporter-output>
          </reporter-output>
        </test-method> <!-- result -->
        <test-method status="PASS" signature="flowMapperTest(java.util.HashMap)[pri:0, instance:tests.FlowMapper@53b32d7]" name="flowMapperTest" duration-ms="26144" started-at="2019-10-16T18:51:30Z" data-provider="getData" finished-at="2019-10-16T18:51:57Z">
          <params>
            <param index="0">
              <value>
                <![CDATA[{CONTRACT=BILLPAY, STEP10=, PRIORITY=P2, STEP02=ElectricityTest_025, STEP13=, TCID=FlowMapper_427, STEP03=LogoutTest_001, STEP11=, STEP01=LoginTest_001, STEP12=, STEP06=, STEP07=, STEP04=, STEP05=, RUNMODE=Yes, WALLET=Main, DESCRIPTION=Failed transaction for BESCOM, TESTTYPE=Negative, STEP08=, STEP09=, FEATURE=Electricity: BA}]]>
              </value>
            </param>
          </params>
          <reporter-output>
          </reporter-output>
        </test-method> <!-- flowMapperTest -->
        <test-method status="PASS" signature="result(org.testng.ITestResult)[pri:0, instance:tests.FlowMapper@53b32d7]" name="result" is-config="true" duration-ms="431" started-at="2019-10-16T18:51:57Z" finished-at="2019-10-16T18:51:57Z">
          <params>
            <param index="0">
              <value>
                <![CDATA[[TestResult name=flowMapperTest status=SUCCESS method=FlowMapper.flowMapperTest(java.util.HashMap)[pri:0, instance:tests.FlowMapper@53b32d7] output={null}]]]>
              </value>
            </param>
          </params>
          <reporter-output>
          </reporter-output>
        </test-method> <!-- result -->
        <test-method status="PASS" signature="flowMapperTest(java.util.HashMap)[pri:0, instance:tests.FlowMapper@53b32d7]" name="flowMapperTest" duration-ms="19956" started-at="2019-10-16T18:51:57Z" data-provider="getData" finished-at="2019-10-16T18:52:17Z">
          <params>
            <param index="0">
              <value>
                <![CDATA[{CONTRACT=BILLPAY, STEP10=, PRIORITY=P2, STEP02=ElectricityTest_026, STEP13=, TCID=FlowMapper_428, STEP03=LogoutTest_001, STEP11=, STEP01=LoginTest_001, STEP12=, STEP06=, STEP07=, STEP04=, STEP05=, RUNMODE=Yes, WALLET=Main, DESCRIPTION=Invalid MPIN and Exit, TESTTYPE=Negative, STEP08=, STEP09=, FEATURE=Electricity: BA}]]>
              </value>
            </param>
          </params>
          <reporter-output>
          </reporter-output>
        </test-method> <!-- flowMapperTest -->
        <test-method status="PASS" signature="result(org.testng.ITestResult)[pri:0, instance:tests.FlowMapper@53b32d7]" name="result" is-config="true" duration-ms="442" started-at="2019-10-16T18:52:17Z" finished-at="2019-10-16T18:52:17Z">
          <params>
            <param index="0">
              <value>
                <![CDATA[[TestResult name=flowMapperTest status=SUCCESS method=FlowMapper.flowMapperTest(java.util.HashMap)[pri:0, instance:tests.FlowMapper@53b32d7] output={null}]]]>
              </value>
            </param>
          </params>
          <reporter-output>
          </reporter-output>
        </test-method> <!-- result -->
        <test-method status="PASS" signature="flowMapperTest(java.util.HashMap)[pri:0, instance:tests.FlowMapper@53b32d7]" name="flowMapperTest" duration-ms="27562" started-at="2019-10-16T18:52:17Z" data-provider="getData" finished-at="2019-10-16T18:52:45Z">
          <params>
            <param index="0">
              <value>
                <![CDATA[{CONTRACT=BILLPAY, STEP10=, PRIORITY=P1, STEP02=ElectricityTest_027, STEP13=, TCID=FlowMapper_429, STEP03=LogoutTest_001, STEP11=, STEP01=LoginTest_001, STEP12=, STEP06=, STEP07=, STEP04=, STEP05=, RUNMODE=Yes, WALLET=Main, DESCRIPTION=Invalid MPIN and Retry, TESTTYPE=Negative, STEP08=, STEP09=, FEATURE=Electricity: BA}]]>
              </value>
            </param>
          </params>
          <reporter-output>
          </reporter-output>
        </test-method> <!-- flowMapperTest -->
        <test-method status="PASS" signature="result(org.testng.ITestResult)[pri:0, instance:tests.FlowMapper@53b32d7]" name="result" is-config="true" duration-ms="448" started-at="2019-10-16T18:52:45Z" finished-at="2019-10-16T18:52:45Z">
          <params>
            <param index="0">
              <value>
                <![CDATA[[TestResult name=flowMapperTest status=SUCCESS method=FlowMapper.flowMapperTest(java.util.HashMap)[pri:0, instance:tests.FlowMapper@53b32d7] output={null}]]]>
              </value>
            </param>
          </params>
          <reporter-output>
          </reporter-output>
        </test-method> <!-- result -->
        <test-method status="PASS" signature="flowMapperTest(java.util.HashMap)[pri:0, instance:tests.FlowMapper@53b32d7]" name="flowMapperTest" duration-ms="25472" started-at="2019-10-16T18:52:45Z" data-provider="getData" finished-at="2019-10-16T18:53:11Z">
          <params>
            <param index="0">
              <value>
                <![CDATA[{CONTRACT=BILLPAY, STEP10=, PRIORITY=P1, STEP02=ElectricityTest_028, STEP13=, TCID=FlowMapper_430, STEP03=LogoutTest_001, STEP11=, STEP01=LoginTest_001, STEP12=, STEP06=, STEP07=, STEP04=, STEP05=, RUNMODE=Yes, WALLET=Main, DESCRIPTION=Verify SMS for success transaction, TESTTYPE=Positive, STEP08=, STEP09=, FEATURE=Electricity: BA}]]>
              </value>
            </param>
          </params>
          <reporter-output>
          </reporter-output>
        </test-method> <!-- flowMapperTest -->
        <test-method status="PASS" signature="result(org.testng.ITestResult)[pri:0, instance:tests.FlowMapper@53b32d7]" name="result" is-config="true" duration-ms="429" started-at="2019-10-16T18:53:11Z" finished-at="2019-10-16T18:53:11Z">
          <params>
            <param index="0">
              <value>
                <![CDATA[[TestResult name=flowMapperTest status=SUCCESS method=FlowMapper.flowMapperTest(java.util.HashMap)[pri:0, instance:tests.FlowMapper@53b32d7] output={null}]]]>
              </value>
            </param>
          </params>
          <reporter-output>
          </reporter-output>
        </test-method> <!-- result -->
        <test-method status="PASS" signature="flowMapperTest(java.util.HashMap)[pri:0, instance:tests.FlowMapper@53b32d7]" name="flowMapperTest" duration-ms="25943" started-at="2019-10-16T18:53:11Z" data-provider="getData" finished-at="2019-10-16T18:53:37Z">
          <params>
            <param index="0">
              <value>
                <![CDATA[{CONTRACT=BILLPAY, STEP10=, PRIORITY=P1, STEP02=ElectricityTest_029, STEP13=, TCID=FlowMapper_431, STEP03=LogoutTest_001, STEP11=, STEP01=LoginTest_001, STEP12=, STEP06=, STEP07=, STEP04=, STEP05=, RUNMODE=Yes, WALLET=Main, DESCRIPTION=Print receipt for success transaction, TESTTYPE=Positive, STEP08=, STEP09=, FEATURE=Electricity: BA}]]>
              </value>
            </param>
          </params>
          <reporter-output>
          </reporter-output>
        </test-method> <!-- flowMapperTest -->
        <test-method status="PASS" signature="result(org.testng.ITestResult)[pri:0, instance:tests.FlowMapper@53b32d7]" name="result" is-config="true" duration-ms="423" started-at="2019-10-16T18:53:37Z" finished-at="2019-10-16T18:53:38Z">
          <params>
            <param index="0">
              <value>
                <![CDATA[[TestResult name=flowMapperTest status=SUCCESS method=FlowMapper.flowMapperTest(java.util.HashMap)[pri:0, instance:tests.FlowMapper@53b32d7] output={null}]]]>
              </value>
            </param>
          </params>
          <reporter-output>
          </reporter-output>
        </test-method> <!-- result -->
        <test-method status="PASS" signature="flowMapperTest(java.util.HashMap)[pri:0, instance:tests.FlowMapper@53b32d7]" name="flowMapperTest" duration-ms="18787" started-at="2019-10-16T18:53:38Z" data-provider="getData" finished-at="2019-10-16T18:53:56Z">
          <params>
            <param index="0">
              <value>
                <![CDATA[{CONTRACT=BILLPAY, STEP10=, PRIORITY=P2, STEP02=ElectricityTest_030, STEP13=, TCID=FlowMapper_432, STEP03=LogoutTest_001, STEP11=, STEP01=LoginTest_001, STEP12=, STEP06=, STEP07=, STEP04=, STEP05=, RUNMODE=Yes, WALLET=Main, DESCRIPTION=Cancel MPIN, TESTTYPE=Negative, STEP08=, STEP09=, FEATURE=Electricity: BA}]]>
              </value>
            </param>
          </params>
          <reporter-output>
          </reporter-output>
        </test-method> <!-- flowMapperTest -->
        <test-method status="PASS" signature="result(org.testng.ITestResult)[pri:0, instance:tests.FlowMapper@53b32d7]" name="result" is-config="true" duration-ms="461" started-at="2019-10-16T18:53:56Z" finished-at="2019-10-16T18:53:57Z">
          <params>
            <param index="0">
              <value>
                <![CDATA[[TestResult name=flowMapperTest status=SUCCESS method=FlowMapper.flowMapperTest(java.util.HashMap)[pri:0, instance:tests.FlowMapper@53b32d7] output={null}]]]>
              </value>
            </param>
          </params>
          <reporter-output>
          </reporter-output>
        </test-method> <!-- result -->
        <test-method status="PASS" signature="flowMapperTest(java.util.HashMap)[pri:0, instance:tests.FlowMapper@53b32d7]" name="flowMapperTest" duration-ms="15146" started-at="2019-10-16T18:53:57Z" data-provider="getData" finished-at="2019-10-16T18:54:12Z">
          <params>
            <param index="0">
              <value>
                <![CDATA[{CONTRACT=BILLPAY, STEP10=, PRIORITY=P2, STEP02=ElectricityTest_031, STEP13=, TCID=FlowMapper_433, STEP03=LogoutTest_001, STEP11=, STEP01=LoginTest_001, STEP12=, STEP06=, STEP07=, STEP04=, STEP05=, RUNMODE=Yes, WALLET=Main, DESCRIPTION=Clear the entered details before fetching amount, TESTTYPE=Negative, STEP08=, STEP09=, FEATURE=Electricity: BA}]]>
              </value>
            </param>
          </params>
          <reporter-output>
          </reporter-output>
        </test-method> <!-- flowMapperTest -->
        <test-method status="PASS" signature="result(org.testng.ITestResult)[pri:0, instance:tests.FlowMapper@53b32d7]" name="result" is-config="true" duration-ms="464" started-at="2019-10-16T18:54:12Z" finished-at="2019-10-16T18:54:12Z">
          <params>
            <param index="0">
              <value>
                <![CDATA[[TestResult name=flowMapperTest status=SUCCESS method=FlowMapper.flowMapperTest(java.util.HashMap)[pri:0, instance:tests.FlowMapper@53b32d7] output={null}]]]>
              </value>
            </param>
          </params>
          <reporter-output>
          </reporter-output>
        </test-method> <!-- result -->
        <test-method status="PASS" signature="flowMapperTest(java.util.HashMap)[pri:0, instance:tests.FlowMapper@53b32d7]" name="flowMapperTest" duration-ms="17900" started-at="2019-10-16T18:54:12Z" data-provider="getData" finished-at="2019-10-16T18:54:30Z">
          <params>
            <param index="0">
              <value>
                <![CDATA[{CONTRACT=BILLPAY, STEP10=, PRIORITY=P2, STEP02=ElectricityTest_032, STEP13=, TCID=FlowMapper_434, STEP03=LogoutTest_001, STEP11=, STEP01=LoginTest_001, STEP12=, STEP06=, STEP07=, STEP04=, STEP05=, RUNMODE=Yes, WALLET=Main, DESCRIPTION=Clear the entered details after fetching amount, TESTTYPE=Negative, STEP08=, STEP09=, FEATURE=Electricity: BA}]]>
              </value>
            </param>
          </params>
          <reporter-output>
          </reporter-output>
        </test-method> <!-- flowMapperTest -->
        <test-method status="PASS" signature="result(org.testng.ITestResult)[pri:0, instance:tests.FlowMapper@53b32d7]" name="result" is-config="true" duration-ms="466" started-at="2019-10-16T18:54:30Z" finished-at="2019-10-16T18:54:31Z">
          <params>
            <param index="0">
              <value>
                <![CDATA[[TestResult name=flowMapperTest status=SUCCESS method=FlowMapper.flowMapperTest(java.util.HashMap)[pri:0, instance:tests.FlowMapper@53b32d7] output={null}]]]>
              </value>
            </param>
          </params>
          <reporter-output>
          </reporter-output>
        </test-method> <!-- result -->
        <test-method status="PASS" signature="flowMapperTest(java.util.HashMap)[pri:0, instance:tests.FlowMapper@53b32d7]" name="flowMapperTest" duration-ms="19715" started-at="2019-10-16T18:54:31Z" data-provider="getData" finished-at="2019-10-16T18:54:51Z">
          <params>
            <param index="0">
              <value>
                <![CDATA[{CONTRACT=BILLPAY, STEP10=, PRIORITY=P2, STEP02=ElectricityTest_033, STEP13=, TCID=FlowMapper_435, STEP03=LogoutTest_001, STEP11=, STEP01=LoginTest_001, STEP12=, STEP06=, STEP07=, STEP04=, STEP05=, RUNMODE=Yes, WALLET=-, DESCRIPTION=Amount greater than wallet balance, TESTTYPE=Negative, STEP08=, STEP09=, FEATURE=Electricity: BA}]]>
              </value>
            </param>
          </params>
          <reporter-output>
          </reporter-output>
        </test-method> <!-- flowMapperTest -->
        <test-method status="PASS" signature="result(org.testng.ITestResult)[pri:0, instance:tests.FlowMapper@53b32d7]" name="result" is-config="true" duration-ms="467" started-at="2019-10-16T18:54:51Z" finished-at="2019-10-16T18:54:51Z">
          <params>
            <param index="0">
              <value>
                <![CDATA[[TestResult name=flowMapperTest status=SUCCESS method=FlowMapper.flowMapperTest(java.util.HashMap)[pri:0, instance:tests.FlowMapper@53b32d7] output={null}]]]>
              </value>
            </param>
          </params>
          <reporter-output>
          </reporter-output>
        </test-method> <!-- result -->
        <test-method status="PASS" signature="flowMapperTest(java.util.HashMap)[pri:0, instance:tests.FlowMapper@53b32d7]" name="flowMapperTest" duration-ms="27441" started-at="2019-10-16T18:54:51Z" data-provider="getData" finished-at="2019-10-16T18:55:18Z">
          <params>
            <param index="0">
              <value>
                <![CDATA[{CONTRACT=BILLPAY, STEP10=, PRIORITY=P2, STEP02=ElectricityTest_040, STEP13=, TCID=FlowMapper_436, STEP03=LogoutTest_001, STEP11=, STEP01=LoginTest_001, STEP12=, STEP06=, STEP07=, STEP04=, STEP05=, RUNMODE=Yes, WALLET=Cashout, DESCRIPTION=Insuffiicient Balance in Main Wallet, TESTTYPE=Negative, STEP08=, STEP09=, FEATURE=Electricity: BA}]]>
              </value>
            </param>
          </params>
          <reporter-output>
          </reporter-output>
        </test-method> <!-- flowMapperTest -->
        <test-method status="PASS" signature="result(org.testng.ITestResult)[pri:0, instance:tests.FlowMapper@53b32d7]" name="result" is-config="true" duration-ms="492" started-at="2019-10-16T18:55:18Z" finished-at="2019-10-16T18:55:19Z">
          <params>
            <param index="0">
              <value>
                <![CDATA[[TestResult name=flowMapperTest status=SUCCESS method=FlowMapper.flowMapperTest(java.util.HashMap)[pri:0, instance:tests.FlowMapper@53b32d7] output={null}]]]>
              </value>
            </param>
          </params>
          <reporter-output>
          </reporter-output>
        </test-method> <!-- result -->
        <test-method status="PASS" signature="flowMapperTest(java.util.HashMap)[pri:0, instance:tests.FlowMapper@53b32d7]" name="flowMapperTest" duration-ms="26463" started-at="2019-10-16T18:55:19Z" data-provider="getData" finished-at="2019-10-16T18:55:45Z">
          <params>
            <param index="0">
              <value>
                <![CDATA[{CONTRACT=BILLPAY, STEP10=, PRIORITY=P2, STEP02=ElectricityTest_041, STEP13=, TCID=FlowMapper_437, STEP03=LogoutTest_001, STEP11=, STEP01=LoginTest_001, STEP12=, STEP06=, STEP07=, STEP04=, STEP05=, RUNMODE=Yes, WALLET=Main, DESCRIPTION=Insuffiicient Balance in Cashout Wallet, TESTTYPE=Negative, STEP08=, STEP09=, FEATURE=Electricity: BA}]]>
              </value>
            </param>
          </params>
          <reporter-output>
          </reporter-output>
        </test-method> <!-- flowMapperTest -->
        <test-method status="PASS" signature="result(org.testng.ITestResult)[pri:0, instance:tests.FlowMapper@53b32d7]" name="result" is-config="true" duration-ms="473" started-at="2019-10-16T18:55:45Z" finished-at="2019-10-16T18:55:46Z">
          <params>
            <param index="0">
              <value>
                <![CDATA[[TestResult name=flowMapperTest status=SUCCESS method=FlowMapper.flowMapperTest(java.util.HashMap)[pri:0, instance:tests.FlowMapper@53b32d7] output={null}]]]>
              </value>
            </param>
          </params>
          <reporter-output>
          </reporter-output>
        </test-method> <!-- result -->
        <test-method status="PASS" signature="flowMapperTest(java.util.HashMap)[pri:0, instance:tests.FlowMapper@53b32d7]" name="flowMapperTest" duration-ms="27743" started-at="2019-10-16T18:55:46Z" data-provider="getData" finished-at="2019-10-16T18:56:14Z">
          <params>
            <param index="0">
              <value>
                <![CDATA[{CONTRACT=BILLPAY, STEP10=, PRIORITY=P2, STEP02=ElectricityTest_042, STEP13=, TCID=FlowMapper_438, STEP03=LogoutTest_001, STEP11=, STEP01=LoginTest_001, STEP12=, STEP06=, STEP07=, STEP04=, STEP05=, RUNMODE=Yes, WALLET=Cashout, DESCRIPTION=Main Wallet = 0, Cashout !=0, TESTTYPE=Negative, STEP08=, STEP09=, FEATURE=Electricity: BA}]]>
              </value>
            </param>
          </params>
          <reporter-output>
          </reporter-output>
        </test-method> <!-- flowMapperTest -->
        <test-method status="PASS" signature="result(org.testng.ITestResult)[pri:0, instance:tests.FlowMapper@53b32d7]" name="result" is-config="true" duration-ms="504" started-at="2019-10-16T18:56:14Z" finished-at="2019-10-16T18:56:14Z">
          <params>
            <param index="0">
              <value>
                <![CDATA[[TestResult name=flowMapperTest status=SUCCESS method=FlowMapper.flowMapperTest(java.util.HashMap)[pri:0, instance:tests.FlowMapper@53b32d7] output={null}]]]>
              </value>
            </param>
          </params>
          <reporter-output>
          </reporter-output>
        </test-method> <!-- result -->
        <test-method status="PASS" signature="flowMapperTest(java.util.HashMap)[pri:0, instance:tests.FlowMapper@53b32d7]" name="flowMapperTest" duration-ms="24893" started-at="2019-10-16T18:56:14Z" data-provider="getData" finished-at="2019-10-16T18:56:39Z">
          <params>
            <param index="0">
              <value>
                <![CDATA[{CONTRACT=BILLPAY, STEP10=, PRIORITY=P1, STEP02=ElectricityTest_043, STEP13=, TCID=FlowMapper_439, STEP03=LogoutTest_001, STEP11=, STEP01=LoginTest_001, STEP12=, STEP06=, STEP07=, STEP04=, STEP05=, RUNMODE=Yes, WALLET=Main, DESCRIPTION=Main Wallet != 0, Cashout =0, TESTTYPE=Negative, STEP08=, STEP09=, FEATURE=Electricity: BA}]]>
              </value>
            </param>
          </params>
          <reporter-output>
          </reporter-output>
        </test-method> <!-- flowMapperTest -->
        <test-method status="PASS" signature="result(org.testng.ITestResult)[pri:0, instance:tests.FlowMapper@53b32d7]" name="result" is-config="true" duration-ms="416" started-at="2019-10-16T18:56:39Z" finished-at="2019-10-16T18:56:39Z">
          <params>
            <param index="0">
              <value>
                <![CDATA[[TestResult name=flowMapperTest status=SUCCESS method=FlowMapper.flowMapperTest(java.util.HashMap)[pri:0, instance:tests.FlowMapper@53b32d7] output={null}]]]>
              </value>
            </param>
          </params>
          <reporter-output>
          </reporter-output>
        </test-method> <!-- result -->
        <test-method status="PASS" signature="flowMapperTest(java.util.HashMap)[pri:0, instance:tests.FlowMapper@53b32d7]" name="flowMapperTest" duration-ms="15998" started-at="2019-10-16T18:56:39Z" data-provider="getData" finished-at="2019-10-16T18:56:55Z">
          <params>
            <param index="0">
              <value>
                <![CDATA[{CONTRACT=BILLPAY, STEP10=, PRIORITY=P2, STEP02=ElectricityTest_034, STEP13=, TCID=FlowMapper_440, STEP03=LogoutTest_001, STEP11=, STEP01=LoginTest_001, STEP12=, STEP06=, STEP07=, STEP04=, STEP05=, RUNMODE=Yes, WALLET=Main, DESCRIPTION=Bill was not fetched while fetching the bill, TESTTYPE=Negative, STEP08=, STEP09=, FEATURE=Electricity: BA}]]>
              </value>
            </param>
          </params>
          <reporter-output>
          </reporter-output>
        </test-method> <!-- flowMapperTest -->
        <test-method status="PASS" signature="result(org.testng.ITestResult)[pri:0, instance:tests.FlowMapper@53b32d7]" name="result" is-config="true" duration-ms="433" started-at="2019-10-16T18:56:55Z" finished-at="2019-10-16T18:56:56Z">
          <params>
            <param index="0">
              <value>
                <![CDATA[[TestResult name=flowMapperTest status=SUCCESS method=FlowMapper.flowMapperTest(java.util.HashMap)[pri:0, instance:tests.FlowMapper@53b32d7] output={null}]]]>
              </value>
            </param>
          </params>
          <reporter-output>
          </reporter-output>
        </test-method> <!-- result -->
        <test-method status="PASS" signature="flowMapperTest(java.util.HashMap)[pri:0, instance:tests.FlowMapper@53b32d7]" name="flowMapperTest" duration-ms="32256" started-at="2019-10-16T18:56:56Z" data-provider="getData" finished-at="2019-10-16T18:57:28Z">
          <params>
            <param index="0">
              <value>
                <![CDATA[{CONTRACT=BILLPAY, STEP10=, PRIORITY=P1, STEP02=ElectricityTest_023, STEP13=, TCID=FlowMapper_441, STEP03=ElectricityStatusEnquiryTest_001, STEP11=, STEP01=LoginTest_001, STEP12=, STEP06=, STEP07=, STEP04=LogoutTest_001, STEP05=, RUNMODE=Yes, WALLET=Main, DESCRIPTION=Status enquiry for a successful transaction, TESTTYPE=Positive, STEP08=, STEP09=, FEATURE=Electricity: BA}]]>
              </value>
            </param>
          </params>
          <reporter-output>
          </reporter-output>
        </test-method> <!-- flowMapperTest -->
        <test-method status="PASS" signature="result(org.testng.ITestResult)[pri:0, instance:tests.FlowMapper@53b32d7]" name="result" is-config="true" duration-ms="428" started-at="2019-10-16T18:57:28Z" finished-at="2019-10-16T18:57:29Z">
          <params>
            <param index="0">
              <value>
                <![CDATA[[TestResult name=flowMapperTest status=SUCCESS method=FlowMapper.flowMapperTest(java.util.HashMap)[pri:0, instance:tests.FlowMapper@53b32d7] output={null}]]]>
              </value>
            </param>
          </params>
          <reporter-output>
          </reporter-output>
        </test-method> <!-- result -->
        <test-method status="PASS" signature="flowMapperTest(java.util.HashMap)[pri:0, instance:tests.FlowMapper@53b32d7]" name="flowMapperTest" duration-ms="32106" started-at="2019-10-16T18:57:29Z" data-provider="getData" finished-at="2019-10-16T18:58:01Z">
          <params>
            <param index="0">
              <value>
                <![CDATA[{CONTRACT=BILLPAY, STEP10=, PRIORITY=P1, STEP02=ElectricityTest_025, STEP13=, TCID=FlowMapper_442, STEP03=ElectricityStatusEnquiryTest_002, STEP11=, STEP01=LoginTest_001, STEP12=, STEP06=, STEP07=, STEP04=LogoutTest_001, STEP05=, RUNMODE=Yes, WALLET=Main, DESCRIPTION=Status enquiry for a failed transaction, TESTTYPE=Positive, STEP08=, STEP09=, FEATURE=Electricity: BA}]]>
              </value>
            </param>
          </params>
          <reporter-output>
          </reporter-output>
        </test-method> <!-- flowMapperTest -->
        <test-method status="PASS" signature="result(org.testng.ITestResult)[pri:0, instance:tests.FlowMapper@53b32d7]" name="result" is-config="true" duration-ms="457" started-at="2019-10-16T18:58:01Z" finished-at="2019-10-16T18:58:01Z">
          <params>
            <param index="0">
              <value>
                <![CDATA[[TestResult name=flowMapperTest status=SUCCESS method=FlowMapper.flowMapperTest(java.util.HashMap)[pri:0, instance:tests.FlowMapper@53b32d7] output={null}]]]>
              </value>
            </param>
          </params>
          <reporter-output>
          </reporter-output>
        </test-method> <!-- result -->
        <test-method status="PASS" signature="flowMapperTest(java.util.HashMap)[pri:0, instance:tests.FlowMapper@53b32d7]" name="flowMapperTest" duration-ms="33170" started-at="2019-10-16T18:58:01Z" data-provider="getData" finished-at="2019-10-16T18:58:34Z">
          <params>
            <param index="0">
              <value>
                <![CDATA[{CONTRACT=BILLPAY, STEP10=, PRIORITY=P2, STEP02=ElectricityTest_024, STEP13=, TCID=FlowMapper_443, STEP03=ElectricityStatusEnquiryTest_003, STEP11=, STEP01=LoginTest_001, STEP12=, STEP06=, STEP07=, STEP04=LogoutTest_001, STEP05=, RUNMODE=Yes, WALLET=Main, DESCRIPTION=Status enquiry for a pending transaction, TESTTYPE=Positive, STEP08=, STEP09=, FEATURE=Electricity: BA}]]>
              </value>
            </param>
          </params>
          <reporter-output>
          </reporter-output>
        </test-method> <!-- flowMapperTest -->
        <test-method status="PASS" signature="result(org.testng.ITestResult)[pri:0, instance:tests.FlowMapper@53b32d7]" name="result" is-config="true" duration-ms="438" started-at="2019-10-16T18:58:34Z" finished-at="2019-10-16T18:58:35Z">
          <params>
            <param index="0">
              <value>
                <![CDATA[[TestResult name=flowMapperTest status=SUCCESS method=FlowMapper.flowMapperTest(java.util.HashMap)[pri:0, instance:tests.FlowMapper@53b32d7] output={null}]]]>
              </value>
            </param>
          </params>
          <reporter-output>
          </reporter-output>
        </test-method> <!-- result -->
        <test-method status="PASS" signature="flowMapperTest(java.util.HashMap)[pri:0, instance:tests.FlowMapper@53b32d7]" name="flowMapperTest" duration-ms="33097" started-at="2019-10-16T18:58:35Z" data-provider="getData" finished-at="2019-10-16T18:59:08Z">
          <params>
            <param index="0">
              <value>
                <![CDATA[{CONTRACT=BILLPAY, STEP10=, PRIORITY=P2, STEP02=ElectricityTest_044, STEP13=, TCID=FlowMapper_444, STEP03=ElectricityStatusEnquiryTest_004, STEP11=, STEP01=LoginTest_001, STEP12=, STEP06=, STEP07=, STEP04=LogoutTest_001, STEP05=, RUNMODE=Yes, WALLET=Main, DESCRIPTION=Status enquiry for a pending to success transaction, TESTTYPE=Positive, STEP08=, STEP09=, FEATURE=Electricity: BA}]]>
              </value>
            </param>
          </params>
          <reporter-output>
          </reporter-output>
        </test-method> <!-- flowMapperTest -->
        <test-method status="PASS" signature="result(org.testng.ITestResult)[pri:0, instance:tests.FlowMapper@53b32d7]" name="result" is-config="true" duration-ms="460" started-at="2019-10-16T18:59:08Z" finished-at="2019-10-16T18:59:08Z">
          <params>
            <param index="0">
              <value>
                <![CDATA[[TestResult name=flowMapperTest status=SUCCESS method=FlowMapper.flowMapperTest(java.util.HashMap)[pri:0, instance:tests.FlowMapper@53b32d7] output={null}]]]>
              </value>
            </param>
          </params>
          <reporter-output>
          </reporter-output>
        </test-method> <!-- result -->
        <test-method status="PASS" signature="flowMapperTest(java.util.HashMap)[pri:0, instance:tests.FlowMapper@53b32d7]" name="flowMapperTest" duration-ms="37467" started-at="2019-10-16T18:59:08Z" data-provider="getData" finished-at="2019-10-16T18:59:46Z">
          <params>
            <param index="0">
              <value>
                <![CDATA[{CONTRACT=BILLPAY, STEP10=, PRIORITY=P2, STEP02=ElectricityTest_045, STEP13=, TCID=FlowMapper_445, STEP03=ElectricityStatusEnquiryTest_016, STEP11=, STEP01=LoginTest_001, STEP12=, STEP06=, STEP07=, STEP04=LogoutTest_001, STEP05=, RUNMODE=Yes, WALLET=Main, DESCRIPTION=Status enquiry for a pending to fail transaction and Verify SMS, TESTTYPE=Positive, STEP08=, STEP09=, FEATURE=Electricity: BA}]]>
              </value>
            </param>
          </params>
          <reporter-output>
          </reporter-output>
        </test-method> <!-- flowMapperTest -->
        <test-method status="PASS" signature="result(org.testng.ITestResult)[pri:0, instance:tests.FlowMapper@53b32d7]" name="result" is-config="true" duration-ms="549" started-at="2019-10-16T18:59:46Z" finished-at="2019-10-16T18:59:46Z">
          <params>
            <param index="0">
              <value>
                <![CDATA[[TestResult name=flowMapperTest status=SUCCESS method=FlowMapper.flowMapperTest(java.util.HashMap)[pri:0, instance:tests.FlowMapper@53b32d7] output={null}]]]>
              </value>
            </param>
          </params>
          <reporter-output>
          </reporter-output>
        </test-method> <!-- result -->
        <test-method status="PASS" signature="flowMapperTest(java.util.HashMap)[pri:0, instance:tests.FlowMapper@53b32d7]" name="flowMapperTest" duration-ms="47899" started-at="2019-10-16T18:59:46Z" data-provider="getData" finished-at="2019-10-16T19:00:34Z">
          <params>
            <param index="0">
              <value>
                <![CDATA[{CONTRACT=BILLPAY, STEP10=, PRIORITY=P1, STEP02=ElectricityTest_045, STEP13=, TCID=FlowMapper_446, STEP03=ElectricityStatusEnquiryTest_005, STEP11=, STEP01=LoginTest_001, STEP12=, STEP06=, STEP07=, STEP04=ElectricityStatusEnquiryTest_006, STEP05=LogoutTest_001, RUNMODE=Yes, WALLET=Main, DESCRIPTION=Refund for a later failed transaction and Status enquiry for refunded transaction, TESTTYPE=Positive, STEP08=, STEP09=, FEATURE=Electricity: BA}]]>
              </value>
            </param>
          </params>
          <reporter-output>
          </reporter-output>
        </test-method> <!-- flowMapperTest -->
        <test-method status="PASS" signature="result(org.testng.ITestResult)[pri:0, instance:tests.FlowMapper@53b32d7]" name="result" is-config="true" duration-ms="438" started-at="2019-10-16T19:00:34Z" finished-at="2019-10-16T19:00:35Z">
          <params>
            <param index="0">
              <value>
                <![CDATA[[TestResult name=flowMapperTest status=SUCCESS method=FlowMapper.flowMapperTest(java.util.HashMap)[pri:0, instance:tests.FlowMapper@53b32d7] output={null}]]]>
              </value>
            </param>
          </params>
          <reporter-output>
          </reporter-output>
        </test-method> <!-- result -->
        <test-method status="PASS" signature="killDriver()[pri:0, instance:tests.FlowMapper@53b32d7]" name="killDriver" is-config="true" duration-ms="763" started-at="2019-10-16T19:00:35Z" finished-at="2019-10-16T19:00:35Z">
          <reporter-output>
            <line>
              <![CDATA[Shutdown the Web Application]]>
            </line>
          </reporter-output>
        </test-method> <!-- killDriver -->
      </class> <!-- tests.FlowMapper -->
    </test> <!-- Default test -->
  </suite> <!-- Default suite -->
</testng-results>
