<?xml version="1.0" encoding="UTF-8"?>
<testng-results ignored="0" total="4" passed="4" failed="0" skipped="0">
  <reporter-output>
  </reporter-output>
  <suite started-at="2021-03-28T15:18:30 IST" name="Default suite" finished-at="2021-03-28T15:21:18 IST" duration-ms="167410">
    <groups>
    </groups>
    <test started-at="2021-03-28T15:18:30 IST" name="Default test" finished-at="2021-03-28T15:21:18 IST" duration-ms="167410">
      <class name="tests.FlowMapper">
        <test-method is-config="true" signature="generateIniFile()[pri:0, instance:tests.FlowMapper@4d154ccd]" started-at="2021-03-28T15:18:30 IST" name="generateIniFile" finished-at="2021-03-28T15:18:30 IST" duration-ms="32" status="PASS">
          <reporter-output>
          </reporter-output>
        </test-method> <!-- generateIniFile -->
        <test-method signature="flowMapperTest(java.util.HashMap)[pri:0, instance:tests.FlowMapper@4d154ccd]" started-at="2021-03-28T15:18:33 IST" name="flowMapperTest" data-provider="getData" finished-at="2021-03-28T15:18:36 IST" duration-ms="2556" status="PASS">
          <params>
            <param index="0">
              <value>
                <![CDATA[{CONTRACT=-, STEP10=, PRIORITY=P, STEP02=, STEP13=, TCID=FlowMapper_000, STEP03=, STEP11=, STEP01=EnvTest_QA1, STEP12=, STEP06=, FCM=-, STEP07=, STEP04=, STEP05=, RUNMODE=Yes, WALLET=-, DESCRIPTION=Set environment to run test cases, TESTTYPE=no-check, STEP08=, STEP09=, FEATURE=-}]]>
              </value>
            </param>
          </params>
          <reporter-output>
          </reporter-output>
        </test-method> <!-- flowMapperTest -->
        <test-method is-config="true" signature="result(org.testng.ITestResult)[pri:0, instance:tests.FlowMapper@4d154ccd]" started-at="2021-03-28T15:18:36 IST" name="result" finished-at="2021-03-28T15:18:36 IST" duration-ms="332" status="PASS">
          <params>
            <param index="0">
              <value>
                <![CDATA[[TestResult name=flowMapperTest status=SUCCESS method=FlowMapper.flowMapperTest(java.util.HashMap)[pri:0, instance:tests.FlowMapper@4d154ccd] output={null}]]]>
              </value>
            </param>
          </params>
          <reporter-output>
          </reporter-output>
        </test-method> <!-- result -->
        <test-method signature="flowMapperTest(java.util.HashMap)[pri:0, instance:tests.FlowMapper@4d154ccd]" started-at="2021-03-28T15:18:36 IST" name="flowMapperTest" data-provider="getData" finished-at="2021-03-28T15:19:32 IST" duration-ms="55800" status="PASS">
          <params>
            <param index="0">
              <value>
                <![CDATA[{CONTRACT=CMS, STEP10=, PRIORITY=P0, STEP02=CapitalFirstAgentTest_003, STEP13=, TCID=FlowMapper_483, STEP03=LogoutTest_001, STEP11=, STEP01=LoginTest_001, STEP12=, STEP06=, FCM=, STEP07=, STEP04=, STEP05=, RUNMODE=Yes, WALLET=Main, DESCRIPTION=Success transaction for CFL via Encollect, TESTTYPE=Positive, STEP08=, STEP09=, FEATURE=IDFC First Bank Agent}]]>
              </value>
            </param>
          </params>
          <reporter-output>
          </reporter-output>
        </test-method> <!-- flowMapperTest -->
        <test-method is-config="true" signature="result(org.testng.ITestResult)[pri:0, instance:tests.FlowMapper@4d154ccd]" started-at="2021-03-28T15:19:32 IST" name="result" finished-at="2021-03-28T15:19:34 IST" duration-ms="1694" status="PASS">
          <params>
            <param index="0">
              <value>
                <![CDATA[[TestResult name=flowMapperTest status=SUCCESS method=FlowMapper.flowMapperTest(java.util.HashMap)[pri:0, instance:tests.FlowMapper@4d154ccd] output={null}]]]>
              </value>
            </param>
          </params>
          <reporter-output>
          </reporter-output>
        </test-method> <!-- result -->
        <test-method signature="flowMapperTest(java.util.HashMap)[pri:0, instance:tests.FlowMapper@4d154ccd]" started-at="2021-03-28T15:19:34 IST" name="flowMapperTest" data-provider="getData" finished-at="2021-03-28T15:20:12 IST" duration-ms="38862" status="PASS">
          <params>
            <param index="0">
              <value>
                <![CDATA[{CONTRACT=CMS, STEP10=, PRIORITY=P0, STEP02=CapitalFirstAgentTest_016, STEP13=, TCID=FlowMapper_496, STEP03=LogoutTest_001, STEP11=, STEP01=LoginTest_001, STEP12=, STEP06=, FCM=, STEP07=, STEP04=, STEP05=, RUNMODE=Yes, WALLET=Cashout, DESCRIPTION=Insuffiicient Balance in Main Wallet, TESTTYPE=Negative, STEP08=, STEP09=, FEATURE=IDFC First Bank Agent}]]>
              </value>
            </param>
          </params>
          <reporter-output>
          </reporter-output>
        </test-method> <!-- flowMapperTest -->
        <test-method is-config="true" signature="result(org.testng.ITestResult)[pri:0, instance:tests.FlowMapper@4d154ccd]" started-at="2021-03-28T15:20:12 IST" name="result" finished-at="2021-03-28T15:20:14 IST" duration-ms="1651" status="PASS">
          <params>
            <param index="0">
              <value>
                <![CDATA[[TestResult name=flowMapperTest status=SUCCESS method=FlowMapper.flowMapperTest(java.util.HashMap)[pri:0, instance:tests.FlowMapper@4d154ccd] output={null}]]]>
              </value>
            </param>
          </params>
          <reporter-output>
          </reporter-output>
        </test-method> <!-- result -->
        <test-method signature="flowMapperTest(java.util.HashMap)[pri:0, instance:tests.FlowMapper@4d154ccd]" started-at="2021-03-28T15:20:14 IST" name="flowMapperTest" data-provider="getData" finished-at="2021-03-28T15:21:15 IST" duration-ms="60923" status="PASS">
          <params>
            <param index="0">
              <value>
                <![CDATA[{CONTRACT=NOVOPAY, STEP10=, PRIORITY=P0, STEP02=SettingsTest_019, STEP13=, TCID=FlowMapper_673, STEP03=LogoutTest_001, STEP11=, STEP01=LoginTest_001, STEP12=, STEP06=, FCM=, STEP07=, STEP04=, STEP05=, RUNMODE=Yes, WALLET=Main, DESCRIPTION=Add New account when there is no account and becomes pending, TESTTYPE=Positive, STEP08=, STEP09=, FEATURE=Settings}]]>
              </value>
            </param>
          </params>
          <reporter-output>
          </reporter-output>
        </test-method> <!-- flowMapperTest -->
        <test-method is-config="true" signature="result(org.testng.ITestResult)[pri:0, instance:tests.FlowMapper@4d154ccd]" started-at="2021-03-28T15:21:15 IST" name="result" finished-at="2021-03-28T15:21:17 IST" duration-ms="1634" status="PASS">
          <params>
            <param index="0">
              <value>
                <![CDATA[[TestResult name=flowMapperTest status=SUCCESS method=FlowMapper.flowMapperTest(java.util.HashMap)[pri:0, instance:tests.FlowMapper@4d154ccd] output={null}]]]>
              </value>
            </param>
          </params>
          <reporter-output>
          </reporter-output>
        </test-method> <!-- result -->
        <test-method is-config="true" signature="killDriver()[pri:0, instance:tests.FlowMapper@4d154ccd]" started-at="2021-03-28T15:21:17 IST" name="killDriver" finished-at="2021-03-28T15:21:18 IST" duration-ms="883" status="PASS">
          <reporter-output>
          </reporter-output>
        </test-method> <!-- killDriver -->
      </class> <!-- tests.FlowMapper -->
    </test> <!-- Default test -->
  </suite> <!-- Default suite -->
</testng-results>
