<?xml version="1.0" encoding="UTF-8"?>
<testng-results ignored="0" total="2" passed="2" failed="0" skipped="0">
  <reporter-output>
  </reporter-output>
  <suite started-at="2022-03-27T17:29:24 IST" name="Default suite" finished-at="2022-03-27T17:31:05 IST" duration-ms="100413">
    <groups>
    </groups>
    <test started-at="2022-03-27T17:29:24 IST" name="Default test" finished-at="2022-03-27T17:31:05 IST" duration-ms="100413">
      <class name="tests.FlowMapper">
        <test-method is-config="true" signature="generateIniFile()[pri:0, instance:tests.FlowMapper@537f60bf]" started-at="2022-03-27T17:29:24 IST" name="generateIniFile" finished-at="2022-03-27T17:29:24 IST" duration-ms="41" status="PASS">
          <reporter-output>
          </reporter-output>
        </test-method> <!-- generateIniFile -->
        <test-method signature="flowMapperTest(java.util.HashMap)[pri:0, instance:tests.FlowMapper@537f60bf]" started-at="2022-03-27T17:29:29 IST" name="flowMapperTest" data-provider="getData" finished-at="2022-03-27T17:29:32 IST" duration-ms="2872" status="PASS">
          <params>
            <param index="0">
              <value>
                <![CDATA[{CONTRACT=-, PRIORITY=P, STEP02=, TCID=FlowMapper_000, STEP03=, STEP01=EnvTest_QA1, STEP06=, STEP07=, STEP04=, STEP05=, RUNMODE=Yes, WALLET=-, DESCRIPTION=Set environment to run test cases, TESTTYPE=no-check, STEP08=, STEP09=, FEATURE=-, VENDOR=-, TYPE=-}]]>
              </value>
            </param>
          </params>
          <reporter-output>
          </reporter-output>
        </test-method> <!-- flowMapperTest -->
        <test-method is-config="true" signature="result(org.testng.ITestResult)[pri:0, instance:tests.FlowMapper@537f60bf]" started-at="2022-03-27T17:29:32 IST" name="result" finished-at="2022-03-27T17:29:32 IST" duration-ms="254" status="PASS">
          <params>
            <param index="0">
              <value>
                <![CDATA[[TestResult name=flowMapperTest status=SUCCESS method=FlowMapper.flowMapperTest(java.util.HashMap)[pri:0, instance:tests.FlowMapper@537f60bf] output={null}]]]>
              </value>
            </param>
          </params>
          <reporter-output>
          </reporter-output>
        </test-method> <!-- result -->
        <test-method signature="flowMapperTest(java.util.HashMap)[pri:0, instance:tests.FlowMapper@537f60bf]" started-at="2022-03-27T17:29:32 IST" name="flowMapperTest" data-provider="getData" finished-at="2022-03-27T17:31:00 IST" duration-ms="88337" status="PASS">
          <params>
            <param index="0">
              <value>
                <![CDATA[{CONTRACT=BILLPAY, PRIORITY=P1, STEP02=ElectricityTest_005, TCID=FlowMapper_175, STEP03=ElectricityStatusEnquiryTest_017, STEP01=LoginTest_001, STEP06=, STEP07=, STEP04=LogoutTest_001, STEP05=, RUNMODE=Yes, WALLET=Main, DESCRIPTION=Print for status enquiry for a successful transaction, TESTTYPE=Positive, STEP08=, STEP09=, FEATURE=Electricity, VENDOR=Billavenue, TYPE=Positive}]]>
              </value>
            </param>
          </params>
          <reporter-output>
          </reporter-output>
        </test-method> <!-- flowMapperTest -->
        <test-method is-config="true" signature="result(org.testng.ITestResult)[pri:0, instance:tests.FlowMapper@537f60bf]" started-at="2022-03-27T17:31:00 IST" name="result" finished-at="2022-03-27T17:31:04 IST" duration-ms="3726" status="PASS">
          <params>
            <param index="0">
              <value>
                <![CDATA[[TestResult name=flowMapperTest status=SUCCESS method=FlowMapper.flowMapperTest(java.util.HashMap)[pri:0, instance:tests.FlowMapper@537f60bf] output={null}]]]>
              </value>
            </param>
          </params>
          <reporter-output>
          </reporter-output>
        </test-method> <!-- result -->
        <test-method is-config="true" signature="killDriver()[pri:0, instance:tests.FlowMapper@537f60bf]" started-at="2022-03-27T17:31:04 IST" name="killDriver" finished-at="2022-03-27T17:31:05 IST" duration-ms="740" status="PASS">
          <reporter-output>
          </reporter-output>
        </test-method> <!-- killDriver -->
      </class> <!-- tests.FlowMapper -->
    </test> <!-- Default test -->
  </suite> <!-- Default suite -->
</testng-results>
