<?xml version="1.0" encoding="UTF-8"?>
<testng-results skipped="0" failed="0" total="4" passed="4">
  <reporter-output>
    <line>
      <![CDATA[Shutdown the Web Application]]>
    </line>
  </reporter-output>
  <suite name="Default suite" duration-ms="192850" started-at="2019-09-30T22:19:07Z" finished-at="2019-09-30T22:22:20Z">
    <groups>
    </groups>
    <test name="Default test" duration-ms="192850" started-at="2019-09-30T22:19:07Z" finished-at="2019-09-30T22:22:20Z">
      <class name="tests.FlowMapper">
        <test-method status="PASS" signature="generateIniFile()[pri:0, instance:tests.FlowMapper@53b32d7]" name="generateIniFile" is-config="true" duration-ms="18" started-at="2019-10-01T03:49:07Z" finished-at="2019-10-01T03:49:07Z">
          <reporter-output>
          </reporter-output>
        </test-method> <!-- generateIniFile -->
        <test-method status="PASS" signature="flowMapperTest(java.util.HashMap)[pri:0, instance:tests.FlowMapper@53b32d7]" name="flowMapperTest" duration-ms="1997" started-at="2019-10-01T03:49:08Z" data-provider="getData" finished-at="2019-10-01T03:49:10Z">
          <params>
            <param index="0">
              <value>
                <![CDATA[{CONTRACT=-, STEP10=, PRIORITY=P, STEP02=, STEP13=, TCID=FlowMapper_000, STEP03=, STEP11=, STEP01=EnvTest_QA1, STEP12=, STEP06=, STEP07=, STEP04=, STEP05=, RUNMODE=Yes, WALLET=-, DESCRIPTION=Set environment to run test cases, TESTTYPE=no-check, STEP08=, STEP09=, FEATURE=-}]]>
              </value>
            </param>
          </params>
          <reporter-output>
          </reporter-output>
        </test-method> <!-- flowMapperTest -->
        <test-method status="PASS" signature="result(org.testng.ITestResult)[pri:0, instance:tests.FlowMapper@53b32d7]" name="result" is-config="true" duration-ms="178" started-at="2019-10-01T03:49:10Z" finished-at="2019-10-01T03:49:10Z">
          <params>
            <param index="0">
              <value>
                <![CDATA[[TestResult name=flowMapperTest status=SUCCESS method=FlowMapper.flowMapperTest(java.util.HashMap)[pri:0, instance:tests.FlowMapper@53b32d7] output={null}]]]>
              </value>
            </param>
          </params>
          <reporter-output>
          </reporter-output>
        </test-method> <!-- result -->
        <test-method status="PASS" signature="flowMapperTest(java.util.HashMap)[pri:0, instance:tests.FlowMapper@53b32d7]" name="flowMapperTest" duration-ms="91212" started-at="2019-10-01T03:49:10Z" data-provider="getData" finished-at="2019-10-01T03:50:41Z">
          <params>
            <param index="0">
              <value>
                <![CDATA[{CONTRACT=RBL, STEP10=, PRIORITY=P0, STEP02=RBLMoneyTransferTest_005, STEP13=, TCID=FlowMapper_282, STEP03=ReportsTest_009, STEP11=, STEP01=LoginTest_001, STEP12=, STEP06=, STEP07=, STEP04=LogoutTest_001, STEP05=, RUNMODE=Yes, WALLET=Main, DESCRIPTION=Account Statement - Money Transfer, TESTTYPE=Positive, STEP08=, STEP09=, FEATURE=Reports: MT}]]>
              </value>
            </param>
          </params>
          <reporter-output>
          </reporter-output>
        </test-method> <!-- flowMapperTest -->
        <test-method status="PASS" signature="result(org.testng.ITestResult)[pri:0, instance:tests.FlowMapper@53b32d7]" name="result" is-config="true" duration-ms="978" started-at="2019-10-01T03:50:41Z" finished-at="2019-10-01T03:50:42Z">
          <params>
            <param index="0">
              <value>
                <![CDATA[[TestResult name=flowMapperTest status=SUCCESS method=FlowMapper.flowMapperTest(java.util.HashMap)[pri:0, instance:tests.FlowMapper@53b32d7] output={null}]]]>
              </value>
            </param>
          </params>
          <reporter-output>
          </reporter-output>
        </test-method> <!-- result -->
        <test-method status="PASS" signature="flowMapperTest(java.util.HashMap)[pri:0, instance:tests.FlowMapper@53b32d7]" name="flowMapperTest" duration-ms="47139" started-at="2019-10-01T03:50:42Z" data-provider="getData" finished-at="2019-10-01T03:51:30Z">
          <params>
            <param index="0">
              <value>
                <![CDATA[{CONTRACT=CMS, STEP10=, PRIORITY=P1, STEP02=CapitalFirstAgentTest_003, STEP13=, TCID=FlowMapper_284, STEP03=ReportsTest_045, STEP11=, STEP01=LoginTest_001, STEP12=, STEP06=, STEP07=, STEP04=LogoutTest_001, STEP05=, RUNMODE=Yes, WALLET=Main, DESCRIPTION=Account Statement - Capital First Agent, TESTTYPE=Positive, STEP08=, STEP09=, FEATURE=Reports: CFA}]]>
              </value>
            </param>
          </params>
          <reporter-output>
          </reporter-output>
        </test-method> <!-- flowMapperTest -->
        <test-method status="PASS" signature="result(org.testng.ITestResult)[pri:0, instance:tests.FlowMapper@53b32d7]" name="result" is-config="true" duration-ms="956" started-at="2019-10-01T03:51:30Z" finished-at="2019-10-01T03:51:31Z">
          <params>
            <param index="0">
              <value>
                <![CDATA[[TestResult name=flowMapperTest status=SUCCESS method=FlowMapper.flowMapperTest(java.util.HashMap)[pri:0, instance:tests.FlowMapper@53b32d7] output={null}]]]>
              </value>
            </param>
          </params>
          <reporter-output>
          </reporter-output>
        </test-method> <!-- result -->
        <test-method status="PASS" signature="flowMapperTest(java.util.HashMap)[pri:0, instance:tests.FlowMapper@53b32d7]" name="flowMapperTest" duration-ms="47324" started-at="2019-10-01T03:51:31Z" data-provider="getData" finished-at="2019-10-01T03:52:18Z">
          <params>
            <param index="0">
              <value>
                <![CDATA[{CONTRACT=CMS, STEP10=, PRIORITY=P1, STEP02=CapitalFirstConsumerTest_002, STEP13=, TCID=FlowMapper_284, STEP03=ReportsTest_046, STEP11=, STEP01=LoginTest_001, STEP12=, STEP06=, STEP07=, STEP04=LogoutTest_001, STEP05=, RUNMODE=Yes, WALLET=Main, DESCRIPTION=Account Statement - Capital First Consumer, TESTTYPE=Positive, STEP08=, STEP09=, FEATURE=Reports: CFC}]]>
              </value>
            </param>
          </params>
          <reporter-output>
          </reporter-output>
        </test-method> <!-- flowMapperTest -->
        <test-method status="PASS" signature="result(org.testng.ITestResult)[pri:0, instance:tests.FlowMapper@53b32d7]" name="result" is-config="true" duration-ms="1024" started-at="2019-10-01T03:52:18Z" finished-at="2019-10-01T03:52:19Z">
          <params>
            <param index="0">
              <value>
                <![CDATA[[TestResult name=flowMapperTest status=SUCCESS method=FlowMapper.flowMapperTest(java.util.HashMap)[pri:0, instance:tests.FlowMapper@53b32d7] output={null}]]]>
              </value>
            </param>
          </params>
          <reporter-output>
          </reporter-output>
        </test-method> <!-- result -->
        <test-method status="PASS" signature="killDriver()[pri:0, instance:tests.FlowMapper@53b32d7]" name="killDriver" is-config="true" duration-ms="632" started-at="2019-10-01T03:52:19Z" finished-at="2019-10-01T03:52:20Z">
          <reporter-output>
            <line>
              <![CDATA[Shutdown the Web Application]]>
            </line>
          </reporter-output>
        </test-method> <!-- killDriver -->
      </class> <!-- tests.FlowMapper -->
    </test> <!-- Default test -->
  </suite> <!-- Default suite -->
</testng-results>
