<?xml version="1.0" encoding="UTF-8"?>
<testng-results skipped="0" failed="0" total="2" passed="2">
  <reporter-output>
    <line>
      <![CDATA[Shutdown the Web Application]]>
    </line>
  </reporter-output>
  <suite name="Default suite" duration-ms="46939" started-at="2019-10-13T08:09:50Z" finished-at="2019-10-13T08:10:37Z">
    <groups>
    </groups>
    <test name="Default test" duration-ms="46939" started-at="2019-10-13T08:09:50Z" finished-at="2019-10-13T08:10:37Z">
      <class name="tests.FlowMapper">
        <test-method status="PASS" signature="generateIniFile()[pri:0, instance:tests.FlowMapper@53b32d7]" name="generateIniFile" is-config="true" duration-ms="20" started-at="2019-10-13T13:39:50Z" finished-at="2019-10-13T13:39:50Z">
          <reporter-output>
          </reporter-output>
        </test-method> <!-- generateIniFile -->
        <test-method status="PASS" signature="flowMapperTest(java.util.HashMap)[pri:0, instance:tests.FlowMapper@53b32d7]" name="flowMapperTest" duration-ms="1988" started-at="2019-10-13T13:39:51Z" data-provider="getData" finished-at="2019-10-13T13:39:53Z">
          <params>
            <param index="0">
              <value>
                <![CDATA[{CONTRACT=-, STEP10=, PRIORITY=P, STEP02=, STEP13=, TCID=FlowMapper_000, STEP03=, STEP11=, STEP01=EnvTest_QA2, STEP12=, STEP06=, STEP07=, STEP04=, STEP05=, RUNMODE=Yes, WALLET=-, DESCRIPTION=Set environment to run test cases, TESTTYPE=no-check, STEP08=, STEP09=, FEATURE=-}]]>
              </value>
            </param>
          </params>
          <reporter-output>
          </reporter-output>
        </test-method> <!-- flowMapperTest -->
        <test-method status="PASS" signature="result(org.testng.ITestResult)[pri:0, instance:tests.FlowMapper@53b32d7]" name="result" is-config="true" duration-ms="129" started-at="2019-10-13T13:39:53Z" finished-at="2019-10-13T13:39:53Z">
          <params>
            <param index="0">
              <value>
                <![CDATA[[TestResult name=flowMapperTest status=SUCCESS method=FlowMapper.flowMapperTest(java.util.HashMap)[pri:0, instance:tests.FlowMapper@53b32d7] output={null}]]]>
              </value>
            </param>
          </params>
          <reporter-output>
          </reporter-output>
        </test-method> <!-- result -->
        <test-method status="PASS" signature="flowMapperTest(java.util.HashMap)[pri:0, instance:tests.FlowMapper@53b32d7]" name="flowMapperTest" duration-ms="41912" started-at="2019-10-13T13:39:53Z" data-provider="getData" finished-at="2019-10-13T13:40:35Z">
          <params>
            <param index="0">
              <value>
                <![CDATA[{CONTRACT=BILLPAY, STEP10=, PRIORITY=P2, STEP02=ElectricityTest_005, STEP13=, TCID=FlowMapper_463, STEP03=ReportsTest_048, STEP11=, STEP01=LoginTest_001, STEP12=, STEP06=, STEP07=, STEP04=LogoutTest_001, STEP05=, RUNMODE=Yes, WALLET=Main, DESCRIPTION=Account Statement - Electricity, TESTTYPE=Positive, STEP08=, STEP09=, FEATURE=Reports: BP}]]>
              </value>
            </param>
          </params>
          <reporter-output>
          </reporter-output>
        </test-method> <!-- flowMapperTest -->
        <test-method status="PASS" signature="result(org.testng.ITestResult)[pri:0, instance:tests.FlowMapper@53b32d7]" name="result" is-config="true" duration-ms="986" started-at="2019-10-13T13:40:35Z" finished-at="2019-10-13T13:40:36Z">
          <params>
            <param index="0">
              <value>
                <![CDATA[[TestResult name=flowMapperTest status=SUCCESS method=FlowMapper.flowMapperTest(java.util.HashMap)[pri:0, instance:tests.FlowMapper@53b32d7] output={null}]]]>
              </value>
            </param>
          </params>
          <reporter-output>
          </reporter-output>
        </test-method> <!-- result -->
        <test-method status="PASS" signature="killDriver()[pri:0, instance:tests.FlowMapper@53b32d7]" name="killDriver" is-config="true" duration-ms="621" started-at="2019-10-13T13:40:36Z" finished-at="2019-10-13T13:40:37Z">
          <reporter-output>
            <line>
              <![CDATA[Shutdown the Web Application]]>
            </line>
          </reporter-output>
        </test-method> <!-- killDriver -->
      </class> <!-- tests.FlowMapper -->
    </test> <!-- Default test -->
  </suite> <!-- Default suite -->
</testng-results>
