<?xml version="1.0" encoding="UTF-8"?>
<testng-results skipped="0" failed="0" total="2" passed="2">
  <reporter-output>
  </reporter-output>
  <suite name="Default suite" duration-ms="143836" started-at="2020-11-22T13:55:38Z" finished-at="2020-11-22T13:58:02Z">
    <groups>
    </groups>
    <test name="Default test" duration-ms="143836" started-at="2020-11-22T13:55:38Z" finished-at="2020-11-22T13:58:02Z">
      <class name="tests.FlowMapper">
        <test-method status="PASS" signature="generateIniFile()[pri:0, instance:tests.FlowMapper@146ba0ac]" name="generateIniFile" is-config="true" duration-ms="21" started-at="2020-11-22T19:25:38Z" finished-at="2020-11-22T19:25:38Z">
          <reporter-output>
          </reporter-output>
        </test-method> <!-- generateIniFile -->
        <test-method status="PASS" signature="flowMapperTest(java.util.HashMap)[pri:0, instance:tests.FlowMapper@146ba0ac]" name="flowMapperTest" duration-ms="1771" started-at="2020-11-22T19:25:40Z" data-provider="getData" finished-at="2020-11-22T19:25:41Z">
          <params>
            <param index="0">
              <value>
                <![CDATA[{CONTRACT=-, STEP10=, PRIORITY=P, STEP02=, STEP13=, TCID=FlowMapper_000, STEP03=, STEP11=, STEP01=EnvTest_PP, STEP12=, STEP06=, FCM=-, STEP07=, STEP04=, STEP05=, RUNMODE=Yes, WALLET=-, DESCRIPTION=Set environment to run test cases, TESTTYPE=no-check, STEP08=, STEP09=, FEATURE=-}]]>
              </value>
            </param>
          </params>
          <reporter-output>
          </reporter-output>
        </test-method> <!-- flowMapperTest -->
        <test-method status="PASS" signature="result(org.testng.ITestResult)[pri:0, instance:tests.FlowMapper@146ba0ac]" name="result" is-config="true" duration-ms="180" started-at="2020-11-22T19:25:41Z" finished-at="2020-11-22T19:25:42Z">
          <params>
            <param index="0">
              <value>
                <![CDATA[[TestResult name=flowMapperTest status=SUCCESS method=FlowMapper.flowMapperTest(java.util.HashMap)[pri:0, instance:tests.FlowMapper@146ba0ac] output={null}]]]>
              </value>
            </param>
          </params>
          <reporter-output>
          </reporter-output>
        </test-method> <!-- result -->
        <test-method status="PASS" signature="flowMapperTest(java.util.HashMap)[pri:0, instance:tests.FlowMapper@146ba0ac]" name="flowMapperTest" duration-ms="138708" started-at="2020-11-22T19:25:42Z" data-provider="getData" finished-at="2020-11-22T19:28:00Z">
          <params>
            <param index="0">
              <value>
                <![CDATA[{CONTRACT=NOVOPAY, STEP10=, PRIORITY=P0, STEP02=RBLMoneyTransferTest_117, STEP13=, TCID=FlowMapper_156, STEP03=FinoMoneyTransferTest_119, STEP11=, STEP01=LoginTest_001, STEP12=, STEP06=, FCM=, STEP07=, STEP04=LogoutTest_001, STEP05=, RUNMODE=Yes, WALLET=Main, DESCRIPTION=Verify remaining limit and transaction partner after a transaction of ?10000 and later ?20000 when RBL and FINO partners are assigned and both are enabled, TESTTYPE=Positive, STEP08=, STEP09=, FEATURE=Money Transfer}]]>
              </value>
            </param>
          </params>
          <reporter-output>
          </reporter-output>
        </test-method> <!-- flowMapperTest -->
        <test-method status="PASS" signature="result(org.testng.ITestResult)[pri:0, instance:tests.FlowMapper@146ba0ac]" name="result" is-config="true" duration-ms="1117" started-at="2020-11-22T19:28:00Z" finished-at="2020-11-22T19:28:01Z">
          <params>
            <param index="0">
              <value>
                <![CDATA[[TestResult name=flowMapperTest status=SUCCESS method=FlowMapper.flowMapperTest(java.util.HashMap)[pri:0, instance:tests.FlowMapper@146ba0ac] output={null}]]]>
              </value>
            </param>
          </params>
          <reporter-output>
          </reporter-output>
        </test-method> <!-- result -->
        <test-method status="PASS" signature="killDriver()[pri:0, instance:tests.FlowMapper@146ba0ac]" name="killDriver" is-config="true" duration-ms="670" started-at="2020-11-22T19:28:01Z" finished-at="2020-11-22T19:28:02Z">
          <reporter-output>
          </reporter-output>
        </test-method> <!-- killDriver -->
      </class> <!-- tests.FlowMapper -->
    </test> <!-- Default test -->
  </suite> <!-- Default suite -->
</testng-results>
