<?xml version="1.0" encoding="UTF-8"?>
<testng-results skipped="0" failed="0" total="2" passed="2">
  <reporter-output>
  </reporter-output>
  <suite name="Default suite" duration-ms="44649" started-at="2020-10-11T10:06:55Z" finished-at="2020-10-11T10:07:40Z">
    <groups>
    </groups>
    <test name="Default test" duration-ms="44649" started-at="2020-10-11T10:06:55Z" finished-at="2020-10-11T10:07:40Z">
      <class name="tests.FlowMapper">
        <test-method status="PASS" signature="generateIniFile()[pri:0, instance:tests.FlowMapper@146ba0ac]" name="generateIniFile" is-config="true" duration-ms="23" started-at="2020-10-11T15:36:55Z" finished-at="2020-10-11T15:36:55Z">
          <reporter-output>
          </reporter-output>
        </test-method> <!-- generateIniFile -->
        <test-method status="PASS" signature="flowMapperTest(java.util.HashMap)[pri:0, instance:tests.FlowMapper@146ba0ac]" name="flowMapperTest" duration-ms="1537" started-at="2020-10-11T15:36:57Z" data-provider="getData" finished-at="2020-10-11T15:36:58Z">
          <params>
            <param index="0">
              <value>
                <![CDATA[{Yes=-, CONTRACT=-, STEP10=, PRIORITY=P, STEP02=, STEP13=, TCID=FlowMapper_000, STEP03=, STEP11=, STEP01=EnvTest_PP, STEP12=, STEP06=, STEP07=, STEP04=, STEP05=, RUNMODE=Yes, WALLET=-, DESCRIPTION=Set environment to run test cases, TESTTYPE=no-check, STEP08=, STEP09=, FEATURE=-}]]>
              </value>
            </param>
          </params>
          <reporter-output>
          </reporter-output>
        </test-method> <!-- flowMapperTest -->
        <test-method status="PASS" signature="result(org.testng.ITestResult)[pri:0, instance:tests.FlowMapper@146ba0ac]" name="result" is-config="true" duration-ms="194" started-at="2020-10-11T15:36:58Z" finished-at="2020-10-11T15:36:59Z">
          <params>
            <param index="0">
              <value>
                <![CDATA[[TestResult name=flowMapperTest status=SUCCESS method=FlowMapper.flowMapperTest(java.util.HashMap)[pri:0, instance:tests.FlowMapper@146ba0ac] output={null}]]]>
              </value>
            </param>
          </params>
          <reporter-output>
          </reporter-output>
        </test-method> <!-- result -->
        <test-method status="PASS" signature="flowMapperTest(java.util.HashMap)[pri:0, instance:tests.FlowMapper@146ba0ac]" name="flowMapperTest" duration-ms="39873" started-at="2020-10-11T15:36:59Z" data-provider="getData" finished-at="2020-10-11T15:37:38Z">
          <params>
            <param index="0">
              <value>
                <![CDATA[{Yes=, CONTRACT=CMS, STEP10=, PRIORITY=P0, STEP02=FinoCMSTest_004, STEP13=, TCID=FlowMapper_388, STEP03=LogoutTest_001, STEP11=, STEP01=LoginTest_001, STEP12=, STEP06=, STEP07=, STEP04=, STEP05=, RUNMODE=Yes, WALLET=Main, DESCRIPTION=Failed transaction, TESTTYPE=Positive, STEP08=, STEP09=, FEATURE=CMS: Fino}]]>
              </value>
            </param>
          </params>
          <reporter-output>
          </reporter-output>
        </test-method> <!-- flowMapperTest -->
        <test-method status="PASS" signature="result(org.testng.ITestResult)[pri:0, instance:tests.FlowMapper@146ba0ac]" name="result" is-config="true" duration-ms="896" started-at="2020-10-11T15:37:38Z" finished-at="2020-10-11T15:37:39Z">
          <params>
            <param index="0">
              <value>
                <![CDATA[[TestResult name=flowMapperTest status=SUCCESS method=FlowMapper.flowMapperTest(java.util.HashMap)[pri:0, instance:tests.FlowMapper@146ba0ac] output={null}]]]>
              </value>
            </param>
          </params>
          <reporter-output>
          </reporter-output>
        </test-method> <!-- result -->
        <test-method status="PASS" signature="killDriver()[pri:0, instance:tests.FlowMapper@146ba0ac]" name="killDriver" is-config="true" duration-ms="704" started-at="2020-10-11T15:37:39Z" finished-at="2020-10-11T15:37:40Z">
          <reporter-output>
          </reporter-output>
        </test-method> <!-- killDriver -->
      </class> <!-- tests.FlowMapper -->
    </test> <!-- Default test -->
  </suite> <!-- Default suite -->
</testng-results>
