<?xml version="1.0" encoding="UTF-8"?>
<testng-results skipped="0" failed="0" total="2" passed="2">
  <reporter-output>
    <line>
      <![CDATA[Shutdown the Web Application]]>
    </line>
  </reporter-output>
  <suite name="Default suite" duration-ms="129383" started-at="2019-09-29T13:05:34Z" finished-at="2019-09-29T13:07:43Z">
    <groups>
    </groups>
    <test name="Default test" duration-ms="129383" started-at="2019-09-29T13:05:34Z" finished-at="2019-09-29T13:07:43Z">
      <class name="tests.FlowMapper">
        <test-method status="PASS" signature="generateIniFile()[pri:0, instance:tests.FlowMapper@3d51f06e]" name="generateIniFile" is-config="true" duration-ms="33" started-at="2019-09-29T18:35:34Z" finished-at="2019-09-29T18:35:34Z">
          <reporter-output>
          </reporter-output>
        </test-method> <!-- generateIniFile -->
        <test-method status="PASS" signature="flowMapperTest(java.util.HashMap)[pri:0, instance:tests.FlowMapper@3d51f06e]" name="flowMapperTest" duration-ms="2620" started-at="2019-09-29T18:35:36Z" data-provider="getData" finished-at="2019-09-29T18:35:38Z">
          <params>
            <param index="0">
              <value>
                <![CDATA[{CONTRACT=-, STEP10=, PRIORITY=P, STEP02=, STEP13=, TCID=FlowMapper_000, STEP03=, STEP11=, STEP01=EnvTest_QA1, STEP12=, STEP06=, STEP07=, STEP04=, STEP05=, RUNMODE=Yes, WALLET=-, DESCRIPTION=Set environment to run test cases, TESTTYPE=no-check, STEP08=, STEP09=, FEATURE=-}]]>
              </value>
            </param>
          </params>
          <reporter-output>
          </reporter-output>
        </test-method> <!-- flowMapperTest -->
        <test-method status="PASS" signature="result(org.testng.ITestResult)[pri:0, instance:tests.FlowMapper@3d51f06e]" name="result" is-config="true" duration-ms="369" started-at="2019-09-29T18:35:38Z" finished-at="2019-09-29T18:35:39Z">
          <params>
            <param index="0">
              <value>
                <![CDATA[[TestResult name=flowMapperTest status=SUCCESS method=FlowMapper.flowMapperTest(java.util.HashMap)[pri:0, instance:tests.FlowMapper@3d51f06e] output={null}]]]>
              </value>
            </param>
          </params>
          <reporter-output>
          </reporter-output>
        </test-method> <!-- result -->
        <test-method status="PASS" signature="flowMapperTest(java.util.HashMap)[pri:0, instance:tests.FlowMapper@3d51f06e]" name="flowMapperTest" duration-ms="122293" started-at="2019-09-29T18:35:39Z" data-provider="getData" finished-at="2019-09-29T18:37:41Z">
          <params>
            <param index="0">
              <value>
                <![CDATA[{CONTRACT=RBL, STEP10=, PRIORITY=P2, STEP02=RBLMoneyTransferTest_038, STEP13=, TCID=FlowMapper_126, STEP03=RBLStatusEnquiryTest_017, STEP11=, STEP01=LoginTest_001, STEP12=, STEP06=, STEP07=, STEP04=LogoutTest_001, STEP05=, RUNMODE=Yes, WALLET=Main, DESCRIPTION=FCM on failed refund, TESTTYPE=Positive, STEP08=, STEP09=, FEATURE=Money Transfer}]]>
              </value>
            </param>
          </params>
          <reporter-output>
          </reporter-output>
        </test-method> <!-- flowMapperTest -->
        <test-method status="PASS" signature="result(org.testng.ITestResult)[pri:0, instance:tests.FlowMapper@3d51f06e]" name="result" is-config="true" duration-ms="1108" started-at="2019-09-29T18:37:41Z" finished-at="2019-09-29T18:37:42Z">
          <params>
            <param index="0">
              <value>
                <![CDATA[[TestResult name=flowMapperTest status=SUCCESS method=FlowMapper.flowMapperTest(java.util.HashMap)[pri:0, instance:tests.FlowMapper@3d51f06e] output={null}]]]>
              </value>
            </param>
          </params>
          <reporter-output>
          </reporter-output>
        </test-method> <!-- result -->
        <test-method status="PASS" signature="killDriver()[pri:0, instance:tests.FlowMapper@3d51f06e]" name="killDriver" is-config="true" duration-ms="793" started-at="2019-09-29T18:37:42Z" finished-at="2019-09-29T18:37:43Z">
          <reporter-output>
            <line>
              <![CDATA[Shutdown the Web Application]]>
            </line>
          </reporter-output>
        </test-method> <!-- killDriver -->
      </class> <!-- tests.FlowMapper -->
    </test> <!-- Default test -->
  </suite> <!-- Default suite -->
</testng-results>
