<?xml version="1.0" encoding="UTF-8"?>
<testng-results skipped="0" failed="0" total="3" passed="3">
  <reporter-output>
    <line>
      <![CDATA[Shutdown the Web Application]]>
    </line>
  </reporter-output>
  <suite name="Default suite" duration-ms="97278" started-at="2019-10-02T12:20:19Z" finished-at="2019-10-02T12:21:56Z">
    <groups>
    </groups>
    <test name="Default test" duration-ms="97278" started-at="2019-10-02T12:20:19Z" finished-at="2019-10-02T12:21:56Z">
      <class name="tests.FlowMapper">
        <test-method status="PASS" signature="generateIniFile()[pri:0, instance:tests.FlowMapper@53b32d7]" name="generateIniFile" is-config="true" duration-ms="19" started-at="2019-10-02T17:50:19Z" finished-at="2019-10-02T17:50:19Z">
          <reporter-output>
          </reporter-output>
        </test-method> <!-- generateIniFile -->
        <test-method status="PASS" signature="flowMapperTest(java.util.HashMap)[pri:0, instance:tests.FlowMapper@53b32d7]" name="flowMapperTest" duration-ms="1860" started-at="2019-10-02T17:50:20Z" data-provider="getData" finished-at="2019-10-02T17:50:22Z">
          <params>
            <param index="0">
              <value>
                <![CDATA[{CONTRACT=-, STEP10=, PRIORITY=P, STEP02=, STEP13=, TCID=FlowMapper_000, STEP03=, STEP11=, STEP01=EnvTest_QA1, STEP12=, STEP06=, STEP07=, STEP04=, STEP05=, RUNMODE=Yes, WALLET=-, DESCRIPTION=Set environment to run test cases, TESTTYPE=no-check, STEP08=, STEP09=, FEATURE=-}]]>
              </value>
            </param>
          </params>
          <reporter-output>
          </reporter-output>
        </test-method> <!-- flowMapperTest -->
        <test-method status="PASS" signature="result(org.testng.ITestResult)[pri:0, instance:tests.FlowMapper@53b32d7]" name="result" is-config="true" duration-ms="158" started-at="2019-10-02T17:50:22Z" finished-at="2019-10-02T17:50:22Z">
          <params>
            <param index="0">
              <value>
                <![CDATA[[TestResult name=flowMapperTest status=SUCCESS method=FlowMapper.flowMapperTest(java.util.HashMap)[pri:0, instance:tests.FlowMapper@53b32d7] output={null}]]]>
              </value>
            </param>
          </params>
          <reporter-output>
          </reporter-output>
        </test-method> <!-- result -->
        <test-method status="PASS" signature="flowMapperTest(java.util.HashMap)[pri:0, instance:tests.FlowMapper@53b32d7]" name="flowMapperTest" duration-ms="48132" started-at="2019-10-02T17:50:22Z" data-provider="getData" finished-at="2019-10-02T17:51:10Z">
          <params>
            <param index="0">
              <value>
                <![CDATA[{CONTRACT=WALLET, STEP10=, PRIORITY=P0, STEP02=SettlementTest_022, STEP13=, TCID=FlowMapper_308, STEP03=LogoutTest_001, STEP11=, STEP01=LoginTest_001, STEP12=, STEP06=, STEP07=, STEP04=, STEP05=, RUNMODE=Yes, WALLET=Main, DESCRIPTION=RBL | IMPS | FCM when settlement is pending, TESTTYPE=Positive, STEP08=, STEP09=, FEATURE=Settlement}]]>
              </value>
            </param>
          </params>
          <reporter-output>
          </reporter-output>
        </test-method> <!-- flowMapperTest -->
        <test-method status="PASS" signature="result(org.testng.ITestResult)[pri:0, instance:tests.FlowMapper@53b32d7]" name="result" is-config="true" duration-ms="924" started-at="2019-10-02T17:51:10Z" finished-at="2019-10-02T17:51:11Z">
          <params>
            <param index="0">
              <value>
                <![CDATA[[TestResult name=flowMapperTest status=SUCCESS method=FlowMapper.flowMapperTest(java.util.HashMap)[pri:0, instance:tests.FlowMapper@53b32d7] output={null}]]]>
              </value>
            </param>
          </params>
          <reporter-output>
          </reporter-output>
        </test-method> <!-- result -->
        <test-method status="PASS" signature="flowMapperTest(java.util.HashMap)[pri:0, instance:tests.FlowMapper@53b32d7]" name="flowMapperTest" duration-ms="43447" started-at="2019-10-02T17:51:11Z" data-provider="getData" finished-at="2019-10-02T17:51:55Z">
          <params>
            <param index="0">
              <value>
                <![CDATA[{CONTRACT=WALLET, STEP10=, PRIORITY=P0, STEP02=SettlementTest_034, STEP13=, TCID=FlowMapper_321, STEP03=LogoutTest_001, STEP11=, STEP01=LoginTest_001, STEP12=, STEP06=, STEP07=, STEP04=, STEP05=, RUNMODE=Yes, WALLET=Main, DESCRIPTION=YBL | IMPS | FCM when settlement is pending, TESTTYPE=Positive, STEP08=, STEP09=, FEATURE=Settlement}]]>
              </value>
            </param>
          </params>
          <reporter-output>
          </reporter-output>
        </test-method> <!-- flowMapperTest -->
        <test-method status="PASS" signature="result(org.testng.ITestResult)[pri:0, instance:tests.FlowMapper@53b32d7]" name="result" is-config="true" duration-ms="853" started-at="2019-10-02T17:51:55Z" finished-at="2019-10-02T17:51:56Z">
          <params>
            <param index="0">
              <value>
                <![CDATA[[TestResult name=flowMapperTest status=SUCCESS method=FlowMapper.flowMapperTest(java.util.HashMap)[pri:0, instance:tests.FlowMapper@53b32d7] output={null}]]]>
              </value>
            </param>
          </params>
          <reporter-output>
          </reporter-output>
        </test-method> <!-- result -->
        <test-method status="PASS" signature="killDriver()[pri:0, instance:tests.FlowMapper@53b32d7]" name="killDriver" is-config="true" duration-ms="635" started-at="2019-10-02T17:51:56Z" finished-at="2019-10-02T17:51:56Z">
          <reporter-output>
            <line>
              <![CDATA[Shutdown the Web Application]]>
            </line>
          </reporter-output>
        </test-method> <!-- killDriver -->
      </class> <!-- tests.FlowMapper -->
    </test> <!-- Default test -->
  </suite> <!-- Default suite -->
</testng-results>
