<?xml version="1.0" encoding="UTF-8"?>
<testng-results ignored="0" total="2" passed="2" failed="0" skipped="0">
  <reporter-output>
  </reporter-output>
  <suite started-at="2021-04-12T00:09:54 IST" name="Default suite" finished-at="2021-04-12T00:11:34 IST" duration-ms="100065">
    <groups>
    </groups>
    <test started-at="2021-04-12T00:09:54 IST" name="Default test" finished-at="2021-04-12T00:11:34 IST" duration-ms="100065">
      <class name="tests.FlowMapper">
        <test-method is-config="true" signature="generateIniFile()[pri:0, instance:tests.FlowMapper@4d154ccd]" started-at="2021-04-12T00:09:54 IST" name="generateIniFile" finished-at="2021-04-12T00:09:54 IST" duration-ms="33" status="PASS">
          <reporter-output>
          </reporter-output>
        </test-method> <!-- generateIniFile -->
        <test-method signature="flowMapperTest(java.util.HashMap)[pri:0, instance:tests.FlowMapper@4d154ccd]" started-at="2021-04-12T00:09:58 IST" name="flowMapperTest" data-provider="getData" finished-at="2021-04-12T00:10:01 IST" duration-ms="3082" status="PASS">
          <params>
            <param index="0">
              <value>
                <![CDATA[{CONTRACT=-, STEP10=, PRIORITY=P, STEP02=, STEP13=, TCID=FlowMapper_000, STEP03=, STEP11=, STEP01=EnvTest_QA1, STEP12=, STEP06=, FCM=-, STEP07=, STEP04=, STEP05=, RUNMODE=Yes, WALLET=-, DESCRIPTION=Set environment to run test cases, TESTTYPE=no-check, STEP08=, STEP09=, FEATURE=-}]]>
              </value>
            </param>
          </params>
          <reporter-output>
          </reporter-output>
        </test-method> <!-- flowMapperTest -->
        <test-method is-config="true" signature="result(org.testng.ITestResult)[pri:0, instance:tests.FlowMapper@4d154ccd]" started-at="2021-04-12T00:10:01 IST" name="result" finished-at="2021-04-12T00:10:01 IST" duration-ms="290" status="PASS">
          <params>
            <param index="0">
              <value>
                <![CDATA[[TestResult name=flowMapperTest status=SUCCESS method=FlowMapper.flowMapperTest(java.util.HashMap)[pri:0, instance:tests.FlowMapper@4d154ccd] output={null}]]]>
              </value>
            </param>
          </params>
          <reporter-output>
          </reporter-output>
        </test-method> <!-- result -->
        <test-method signature="flowMapperTest(java.util.HashMap)[pri:0, instance:tests.FlowMapper@4d154ccd]" started-at="2021-04-12T00:10:01 IST" name="flowMapperTest" data-provider="getData" finished-at="2021-04-12T00:11:31 IST" duration-ms="89953" status="PASS">
          <params>
            <param index="0">
              <value>
                <![CDATA[{CONTRACT=WALLET, STEP10=, PRIORITY=P1, STEP02=SettingsTest_024, STEP13=, TCID=FlowMapper_678, STEP03=LogoutTest_001, STEP11=, STEP01=LoginTest_001, STEP12=, STEP06=, FCM=, STEP07=, STEP04=, STEP05=, RUNMODE=Yes, WALLET=Main, DESCRIPTION=Select IFSC from drop down, TESTTYPE=Positive, STEP08=, STEP09=, FEATURE=Settings}]]>
              </value>
            </param>
          </params>
          <reporter-output>
          </reporter-output>
        </test-method> <!-- flowMapperTest -->
        <test-method is-config="true" signature="result(org.testng.ITestResult)[pri:0, instance:tests.FlowMapper@4d154ccd]" started-at="2021-04-12T00:11:31 IST" name="result" finished-at="2021-04-12T00:11:33 IST" duration-ms="1805" status="PASS">
          <params>
            <param index="0">
              <value>
                <![CDATA[[TestResult name=flowMapperTest status=SUCCESS method=FlowMapper.flowMapperTest(java.util.HashMap)[pri:0, instance:tests.FlowMapper@4d154ccd] output={null}]]]>
              </value>
            </param>
          </params>
          <reporter-output>
          </reporter-output>
        </test-method> <!-- result -->
        <test-method is-config="true" signature="killDriver()[pri:0, instance:tests.FlowMapper@4d154ccd]" started-at="2021-04-12T00:11:33 IST" name="killDriver" finished-at="2021-04-12T00:11:34 IST" duration-ms="880" status="PASS">
          <reporter-output>
          </reporter-output>
        </test-method> <!-- killDriver -->
      </class> <!-- tests.FlowMapper -->
    </test> <!-- Default test -->
  </suite> <!-- Default suite -->
</testng-results>
