<?xml version="1.0" encoding="UTF-8"?>
<testng-results skipped="0" failed="0" total="2" passed="2">
  <reporter-output>
    <line>
      <![CDATA[Shutdown the Web Application]]>
    </line>
  </reporter-output>
  <suite name="Default suite" duration-ms="34990" started-at="2019-07-08T20:06:01Z" finished-at="2019-07-08T20:06:36Z">
    <groups>
    </groups>
    <test name="Default test" duration-ms="34990" started-at="2019-07-08T20:06:01Z" finished-at="2019-07-08T20:06:36Z">
      <class name="tests.FlowMapper">
        <test-method status="PASS" signature="generateIniFile()[pri:0, instance:tests.FlowMapper@754ba872]" name="generateIniFile" is-config="true" duration-ms="21" started-at="2019-07-09T01:36:01Z" finished-at="2019-07-09T01:36:01Z">
          <reporter-output>
          </reporter-output>
        </test-method> <!-- generateIniFile -->
        <test-method status="PASS" signature="flowMapperTest(java.util.HashMap)[pri:0, instance:tests.FlowMapper@754ba872]" name="flowMapperTest" duration-ms="1792" started-at="2019-07-09T01:36:03Z" data-provider="getData" finished-at="2019-07-09T01:36:04Z">
          <params>
            <param index="0">
              <value>
                <![CDATA[{PARTNER=-, STEP10=, PRIORITY=P, STEP02=, STEP13=, TCID=FlowMapper_000, STEP03=, STEP11=, STEP01=EnvTest_QA1, STEP12=, STEP06=, STEP07=, STEP04=, STEP05=, RUNMODE=Yes, DESCRIPTION=Set environment to run test cases, TESTTYPE=no-check, STEP08=, STEP09=, FEATURE=-}]]>
              </value>
            </param>
          </params>
          <reporter-output>
          </reporter-output>
        </test-method> <!-- flowMapperTest -->
        <test-method status="PASS" signature="result(org.testng.ITestResult)[pri:0, instance:tests.FlowMapper@754ba872]" name="result" is-config="true" duration-ms="148" started-at="2019-07-09T01:36:04Z" finished-at="2019-07-09T01:36:05Z">
          <params>
            <param index="0">
              <value>
                <![CDATA[[TestResult name=flowMapperTest status=SUCCESS method=FlowMapper.flowMapperTest(java.util.HashMap)[pri:0, instance:tests.FlowMapper@754ba872] output={null}]]]>
              </value>
            </param>
          </params>
          <reporter-output>
          </reporter-output>
        </test-method> <!-- result -->
        <test-method status="PASS" signature="flowMapperTest(java.util.HashMap)[pri:0, instance:tests.FlowMapper@754ba872]" name="flowMapperTest" duration-ms="29717" started-at="2019-07-09T01:36:05Z" data-provider="getData" finished-at="2019-07-09T01:36:34Z">
          <params>
            <param index="0">
              <value>
                <![CDATA[{PARTNER=BILLPAY, STEP10=, PRIORITY=P2, STEP02=RBLMoneyTransferTest_098, STEP13=, TCID=FlowMapper_321, STEP03=ElectricityTest_017, STEP11=, STEP01=LoginTest_001, STEP12=, STEP06=, STEP07=, STEP04=LogoutTest_001, STEP05=, RUNMODE=Yes, DESCRIPTION=Bill was not fetched while fetching the bill, TESTTYPE=Positive, STEP08=, STEP09=, FEATURE=Electricity}]]>
              </value>
            </param>
          </params>
          <reporter-output>
          </reporter-output>
        </test-method> <!-- flowMapperTest -->
        <test-method status="PASS" signature="result(org.testng.ITestResult)[pri:0, instance:tests.FlowMapper@754ba872]" name="result" is-config="true" duration-ms="1364" started-at="2019-07-09T01:36:34Z" finished-at="2019-07-09T01:36:36Z">
          <params>
            <param index="0">
              <value>
                <![CDATA[[TestResult name=flowMapperTest status=SUCCESS method=FlowMapper.flowMapperTest(java.util.HashMap)[pri:0, instance:tests.FlowMapper@754ba872] output={null}]]]>
              </value>
            </param>
          </params>
          <reporter-output>
          </reporter-output>
        </test-method> <!-- result -->
        <test-method status="PASS" signature="killDriver()[pri:0, instance:tests.FlowMapper@754ba872]" name="killDriver" is-config="true" duration-ms="621" started-at="2019-07-09T01:36:36Z" finished-at="2019-07-09T01:36:36Z">
          <reporter-output>
            <line>
              <![CDATA[Shutdown the Web Application]]>
            </line>
          </reporter-output>
        </test-method> <!-- killDriver -->
      </class> <!-- tests.FlowMapper -->
    </test> <!-- Default test -->
  </suite> <!-- Default suite -->
</testng-results>
