<?xml version="1.0" encoding="UTF-8"?>
<testng-results skipped="0" failed="0" total="2" passed="2">
  <reporter-output>
    <line>
      <![CDATA[Connecting server...]]>
    </line>
    <line>
      <![CDATA[Connection established...]]>
    </line>
    <line>
      <![CDATA[Shutdown the Web Application]]>
    </line>
  </reporter-output>
  <suite name="Default suite" duration-ms="76984" started-at="2019-10-05T09:08:12Z" finished-at="2019-10-05T09:09:29Z">
    <groups>
    </groups>
    <test name="Default test" duration-ms="76984" started-at="2019-10-05T09:08:12Z" finished-at="2019-10-05T09:09:29Z">
      <class name="tests.FlowMapper">
        <test-method status="PASS" signature="generateIniFile()[pri:0, instance:tests.FlowMapper@53b32d7]" name="generateIniFile" is-config="true" duration-ms="32" started-at="2019-10-05T14:38:12Z" finished-at="2019-10-05T14:38:12Z">
          <reporter-output>
          </reporter-output>
        </test-method> <!-- generateIniFile -->
        <test-method status="PASS" signature="flowMapperTest(java.util.HashMap)[pri:0, instance:tests.FlowMapper@53b32d7]" name="flowMapperTest" duration-ms="3457" started-at="2019-10-05T14:38:14Z" data-provider="getData" finished-at="2019-10-05T14:38:17Z">
          <params>
            <param index="0">
              <value>
                <![CDATA[{CONTRACT=-, STEP10=, PRIORITY=P, STEP02=, STEP13=, TCID=FlowMapper_000, STEP03=, STEP11=, STEP01=EnvTest_QA2, STEP12=, STEP06=, STEP07=, STEP04=, STEP05=, RUNMODE=Yes, WALLET=-, DESCRIPTION=Set environment to run test cases, TESTTYPE=no-check, STEP08=, STEP09=, FEATURE=-}]]>
              </value>
            </param>
          </params>
          <reporter-output>
          </reporter-output>
        </test-method> <!-- flowMapperTest -->
        <test-method status="PASS" signature="result(org.testng.ITestResult)[pri:0, instance:tests.FlowMapper@53b32d7]" name="result" is-config="true" duration-ms="327" started-at="2019-10-05T14:38:17Z" finished-at="2019-10-05T14:38:18Z">
          <params>
            <param index="0">
              <value>
                <![CDATA[[TestResult name=flowMapperTest status=SUCCESS method=FlowMapper.flowMapperTest(java.util.HashMap)[pri:0, instance:tests.FlowMapper@53b32d7] output={null}]]]>
              </value>
            </param>
          </params>
          <reporter-output>
          </reporter-output>
        </test-method> <!-- result -->
        <test-method status="PASS" signature="flowMapperTest(java.util.HashMap)[pri:0, instance:tests.FlowMapper@53b32d7]" name="flowMapperTest" duration-ms="67275" started-at="2019-10-05T14:38:18Z" data-provider="getData" finished-at="2019-10-05T14:39:25Z">
          <params>
            <param index="0">
              <value>
                <![CDATA[{CONTRACT=YBL, STEP10=, PRIORITY=P1, STEP02=YBLBankingTest_030, STEP13=, TCID=FlowMapper_283, STEP03=ReportsTest_043, STEP11=, STEP01=LoginTest_001, STEP12=, STEP06=, STEP07=, STEP04=LogoutTest_001, STEP05=, RUNMODE=Yes, WALLET=Main, DESCRIPTION=Account Statement - Cash Withdrawal, TESTTYPE=Positive, STEP08=, STEP09=, FEATURE=Reports: AEPS}]]>
              </value>
            </param>
          </params>
          <reporter-output>
            <line>
              <![CDATA[Connecting server...]]>
            </line>
            <line>
              <![CDATA[Connection established...]]>
            </line>
          </reporter-output>
        </test-method> <!-- flowMapperTest -->
        <test-method status="PASS" signature="result(org.testng.ITestResult)[pri:0, instance:tests.FlowMapper@53b32d7]" name="result" is-config="true" duration-ms="2797" started-at="2019-10-05T14:39:25Z" finished-at="2019-10-05T14:39:28Z">
          <params>
            <param index="0">
              <value>
                <![CDATA[[TestResult name=flowMapperTest status=SUCCESS method=FlowMapper.flowMapperTest(java.util.HashMap)[pri:0, instance:tests.FlowMapper@53b32d7] output=Connecting server...]]]>
              </value>
            </param>
          </params>
          <reporter-output>
          </reporter-output>
        </test-method> <!-- result -->
        <test-method status="PASS" signature="killDriver()[pri:0, instance:tests.FlowMapper@53b32d7]" name="killDriver" is-config="true" duration-ms="784" started-at="2019-10-05T14:39:28Z" finished-at="2019-10-05T14:39:29Z">
          <reporter-output>
            <line>
              <![CDATA[Shutdown the Web Application]]>
            </line>
          </reporter-output>
        </test-method> <!-- killDriver -->
      </class> <!-- tests.FlowMapper -->
    </test> <!-- Default test -->
  </suite> <!-- Default suite -->
</testng-results>
