<?xml version="1.0" encoding="UTF-8"?>
<testng-results ignored="0" total="2" passed="2" failed="0" skipped="0">
  <reporter-output>
  </reporter-output>
  <suite started-at="2024-05-08T15:39:48 IST" name="Default suite" finished-at="2024-05-08T15:40:31 IST" duration-ms="42766">
    <groups>
    </groups>
    <test started-at="2024-05-08T15:39:48 IST" name="Default test" finished-at="2024-05-08T15:40:31 IST" duration-ms="42766">
      <class name="tests.FlowMapper">
        <test-method is-config="true" signature="generateIniFile()[pri:0, instance:tests.FlowMapper@f78a47e]" started-at="2024-05-08T15:39:48 IST" name="generateIniFile" finished-at="2024-05-08T15:39:48 IST" duration-ms="28" status="PASS">
          <reporter-output>
          </reporter-output>
        </test-method> <!-- generateIniFile -->
        <test-method signature="flowMapperTest(java.util.HashMap)[pri:0, instance:tests.FlowMapper@f78a47e]" started-at="2024-05-08T15:39:50 IST" name="flowMapperTest" data-provider="getData" finished-at="2024-05-08T15:39:51 IST" duration-ms="1120" status="PASS">
          <params>
            <param index="0">
              <value>
                <![CDATA[{CONTRACT=-, PRIORITY=P, STEP02=, TCID=FlowMapper_000, STEP03=, STEP01=EnvTest_QA, STEP06=, STEP07=, STEP04=, STEP05=, RUNMODE=Yes, WALLET=-, DESCRIPTION=Set environment to run test cases, TESTTYPE=no-check, STEP08=, STEP09=, FEATURE=-, VENDOR=-, TYPE=-}]]>
              </value>
            </param>
          </params>
          <reporter-output>
          </reporter-output>
        </test-method> <!-- flowMapperTest -->
        <test-method is-config="true" signature="result(org.testng.ITestResult)[pri:0, instance:tests.FlowMapper@f78a47e]" started-at="2024-05-08T15:39:51 IST" name="result" finished-at="2024-05-08T15:39:51 IST" duration-ms="213" status="PASS">
          <params>
            <param index="0">
              <value>
                <![CDATA[[TestResult name=flowMapperTest status=SUCCESS method=FlowMapper.flowMapperTest(java.util.HashMap)[pri:0, instance:tests.FlowMapper@f78a47e] output={null}]]]>
              </value>
            </param>
          </params>
          <reporter-output>
          </reporter-output>
        </test-method> <!-- result -->
        <test-method signature="flowMapperTest(java.util.HashMap)[pri:0, instance:tests.FlowMapper@f78a47e]" started-at="2024-05-08T15:39:51 IST" name="flowMapperTest" data-provider="getData" finished-at="2024-05-08T15:40:29 IST" duration-ms="37883" status="PASS">
          <params>
            <param index="0">
              <value>
                <![CDATA[{CONTRACT=RECHARGES, PRIORITY=P1, STEP02=RechargesTest_096, TCID=FlowMapper_102, STEP03=LogoutTest_001, STEP01=LoginTest_001, STEP06=, STEP07=, STEP04=, STEP05=, RUNMODE=Yes, WALLET=Main, DESCRIPTION=Success transaction for Mobile Prepaid Special Recharge, TESTTYPE=Positive, STEP08=, STEP09=, FEATURE=Mobile Prepaid, VENDOR=Gorecharge, TYPE=Positive}]]>
              </value>
            </param>
          </params>
          <reporter-output>
          </reporter-output>
        </test-method> <!-- flowMapperTest -->
        <test-method is-config="true" signature="result(org.testng.ITestResult)[pri:0, instance:tests.FlowMapper@f78a47e]" started-at="2024-05-08T15:40:29 IST" name="result" finished-at="2024-05-08T15:40:31 IST" duration-ms="1358" status="PASS">
          <params>
            <param index="0">
              <value>
                <![CDATA[[TestResult name=flowMapperTest status=SUCCESS method=FlowMapper.flowMapperTest(java.util.HashMap)[pri:0, instance:tests.FlowMapper@f78a47e] output={null}]]]>
              </value>
            </param>
          </params>
          <reporter-output>
          </reporter-output>
        </test-method> <!-- result -->
        <test-method is-config="true" signature="killDriver()[pri:0, instance:tests.FlowMapper@f78a47e]" started-at="2024-05-08T15:40:31 IST" name="killDriver" finished-at="2024-05-08T15:40:31 IST" duration-ms="452" status="PASS">
          <reporter-output>
          </reporter-output>
        </test-method> <!-- killDriver -->
      </class> <!-- tests.FlowMapper -->
    </test> <!-- Default test -->
  </suite> <!-- Default suite -->
</testng-results>
