<?xml version="1.0" encoding="UTF-8"?>
<testng-results ignored="0" total="6" passed="6" failed="0" skipped="0">
  <reporter-output>
  </reporter-output>
  <suite started-at="2021-01-23T21:57:54 IST" name="Default suite" finished-at="2021-01-23T22:00:40 IST" duration-ms="165428">
    <groups>
    </groups>
    <test started-at="2021-01-23T21:57:54 IST" name="Default test" finished-at="2021-01-23T22:00:40 IST" duration-ms="165428">
      <class name="tests.FlowMapper">
        <test-method is-config="true" signature="generateIniFile()[pri:0, instance:tests.FlowMapper@16610890]" started-at="2021-01-23T21:57:54 IST" name="generateIniFile" finished-at="2021-01-23T21:57:54 IST" duration-ms="48" status="PASS">
          <reporter-output>
          </reporter-output>
        </test-method> <!-- generateIniFile -->
        <test-method signature="flowMapperTest(java.util.HashMap)[pri:0, instance:tests.FlowMapper@16610890]" started-at="2021-01-23T21:57:57 IST" name="flowMapperTest" data-provider="getData" finished-at="2021-01-23T21:58:00 IST" duration-ms="2264" status="PASS">
          <params>
            <param index="0">
              <value>
                <![CDATA[{CONTRACT=-, STEP10=, PRIORITY=P, STEP02=, STEP13=, TCID=FlowMapper_000, STEP03=, STEP11=, STEP01=EnvTest_QA2, STEP12=, STEP06=, FCM=-, STEP07=, STEP04=, STEP05=, RUNMODE=Yes, WALLET=-, DESCRIPTION=Set environment to run test cases, TESTTYPE=no-check, STEP08=, STEP09=, FEATURE=-}]]>
              </value>
            </param>
          </params>
          <reporter-output>
          </reporter-output>
        </test-method> <!-- flowMapperTest -->
        <test-method is-config="true" signature="result(org.testng.ITestResult)[pri:0, instance:tests.FlowMapper@16610890]" started-at="2021-01-23T21:58:00 IST" name="result" finished-at="2021-01-23T21:58:00 IST" duration-ms="445" status="PASS">
          <params>
            <param index="0">
              <value>
                <![CDATA[[TestResult name=flowMapperTest status=SUCCESS method=FlowMapper.flowMapperTest(java.util.HashMap)[pri:0, instance:tests.FlowMapper@16610890] output={null}]]]>
              </value>
            </param>
          </params>
          <reporter-output>
          </reporter-output>
        </test-method> <!-- result -->
        <test-method signature="flowMapperTest(java.util.HashMap)[pri:0, instance:tests.FlowMapper@16610890]" started-at="2021-01-23T21:58:00 IST" name="flowMapperTest" data-provider="getData" finished-at="2021-01-23T21:58:46 IST" duration-ms="46024" status="PASS">
          <params>
            <param index="0">
              <value>
                <![CDATA[{CONTRACT=CMS, STEP10=, PRIORITY=P3, STEP02=CapitalFirstAgentTest_001, STEP13=, TCID=FlowMapper_481, STEP03=LogoutTest_001, STEP11=, STEP01=LoginTest_001, STEP12=, STEP06=, FCM=, STEP07=, STEP04=, STEP05=, RUNMODE=Yes, WALLET=Main, DESCRIPTION=Fetch amount for CFL via Encollect, TESTTYPE=Positive, STEP08=, STEP09=, FEATURE=IDFC First Bank Agent}]]>
              </value>
            </param>
          </params>
          <reporter-output>
          </reporter-output>
        </test-method> <!-- flowMapperTest -->
        <test-method is-config="true" signature="result(org.testng.ITestResult)[pri:0, instance:tests.FlowMapper@16610890]" started-at="2021-01-23T21:58:46 IST" name="result" finished-at="2021-01-23T21:58:48 IST" duration-ms="2039" status="PASS">
          <params>
            <param index="0">
              <value>
                <![CDATA[[TestResult name=flowMapperTest status=SUCCESS method=FlowMapper.flowMapperTest(java.util.HashMap)[pri:0, instance:tests.FlowMapper@16610890] output={null}]]]>
              </value>
            </param>
          </params>
          <reporter-output>
          </reporter-output>
        </test-method> <!-- result -->
        <test-method signature="flowMapperTest(java.util.HashMap)[pri:0, instance:tests.FlowMapper@16610890]" started-at="2021-01-23T21:58:48 IST" name="flowMapperTest" data-provider="getData" finished-at="2021-01-23T21:59:11 IST" duration-ms="23198" status="PASS">
          <params>
            <param index="0">
              <value>
                <![CDATA[{CONTRACT=CMS, STEP10=, PRIORITY=P3, STEP02=CapitalFirstConsumerTest_001, STEP13=, TCID=FlowMapper_502, STEP03=LogoutTest_001, STEP11=, STEP01=LoginTest_001, STEP12=, STEP06=, FCM=, STEP07=, STEP04=, STEP05=, RUNMODE=Yes, WALLET=Main, DESCRIPTION=Fetch amount for CFL, TESTTYPE=Positive, STEP08=, STEP09=, FEATURE=IDFC First Bank Customer}]]>
              </value>
            </param>
          </params>
          <reporter-output>
          </reporter-output>
        </test-method> <!-- flowMapperTest -->
        <test-method is-config="true" signature="result(org.testng.ITestResult)[pri:0, instance:tests.FlowMapper@16610890]" started-at="2021-01-23T21:59:11 IST" name="result" finished-at="2021-01-23T21:59:14 IST" duration-ms="2851" status="PASS">
          <params>
            <param index="0">
              <value>
                <![CDATA[[TestResult name=flowMapperTest status=SUCCESS method=FlowMapper.flowMapperTest(java.util.HashMap)[pri:0, instance:tests.FlowMapper@16610890] output={null}]]]>
              </value>
            </param>
          </params>
          <reporter-output>
          </reporter-output>
        </test-method> <!-- result -->
        <test-method signature="flowMapperTest(java.util.HashMap)[pri:0, instance:tests.FlowMapper@16610890]" started-at="2021-01-23T21:59:14 IST" name="flowMapperTest" data-provider="getData" finished-at="2021-01-23T21:59:36 IST" duration-ms="21656" status="PASS">
          <params>
            <param index="0">
              <value>
                <![CDATA[{CONTRACT=CMS, STEP10=, PRIORITY=P3, STEP02=SwiggyTest_001, STEP13=, TCID=FlowMapper_521, STEP03=LogoutTest_001, STEP11=, STEP01=LoginTest_001, STEP12=, STEP06=, FCM=, STEP07=, STEP04=, STEP05=, RUNMODE=Yes, WALLET=Main, DESCRIPTION=Fetch the amount, TESTTYPE=Positive, STEP08=, STEP09=, FEATURE=Swiggy}]]>
              </value>
            </param>
          </params>
          <reporter-output>
          </reporter-output>
        </test-method> <!-- flowMapperTest -->
        <test-method is-config="true" signature="result(org.testng.ITestResult)[pri:0, instance:tests.FlowMapper@16610890]" started-at="2021-01-23T21:59:36 IST" name="result" finished-at="2021-01-23T21:59:38 IST" duration-ms="1898" status="PASS">
          <params>
            <param index="0">
              <value>
                <![CDATA[[TestResult name=flowMapperTest status=SUCCESS method=FlowMapper.flowMapperTest(java.util.HashMap)[pri:0, instance:tests.FlowMapper@16610890] output={null}]]]>
              </value>
            </param>
          </params>
          <reporter-output>
          </reporter-output>
        </test-method> <!-- result -->
        <test-method signature="flowMapperTest(java.util.HashMap)[pri:0, instance:tests.FlowMapper@16610890]" started-at="2021-01-23T21:59:38 IST" name="flowMapperTest" data-provider="getData" finished-at="2021-01-23T22:00:02 IST" duration-ms="23719" status="PASS">
          <params>
            <param index="0">
              <value>
                <![CDATA[{CONTRACT=CMS, STEP10=, PRIORITY=P3, STEP02=FullertonTest_001, STEP13=, TCID=FlowMapper_542, STEP03=LogoutTest_001, STEP11=, STEP01=LoginTest_001, STEP12=, STEP06=, FCM=, STEP07=, STEP04=, STEP05=, RUNMODE=Yes, WALLET=Main, DESCRIPTION=Fetch the amount, TESTTYPE=Positive, STEP08=, STEP09=, FEATURE=Fullerton}]]>
              </value>
            </param>
          </params>
          <reporter-output>
          </reporter-output>
        </test-method> <!-- flowMapperTest -->
        <test-method is-config="true" signature="result(org.testng.ITestResult)[pri:0, instance:tests.FlowMapper@16610890]" started-at="2021-01-23T22:00:02 IST" name="result" finished-at="2021-01-23T22:00:04 IST" duration-ms="1963" status="PASS">
          <params>
            <param index="0">
              <value>
                <![CDATA[[TestResult name=flowMapperTest status=SUCCESS method=FlowMapper.flowMapperTest(java.util.HashMap)[pri:0, instance:tests.FlowMapper@16610890] output={null}]]]>
              </value>
            </param>
          </params>
          <reporter-output>
          </reporter-output>
        </test-method> <!-- result -->
        <test-method signature="flowMapperTest(java.util.HashMap)[pri:0, instance:tests.FlowMapper@16610890]" started-at="2021-01-23T22:00:04 IST" name="flowMapperTest" data-provider="getData" finished-at="2021-01-23T22:00:37 IST" duration-ms="33139" status="PASS">
          <params>
            <param index="0">
              <value>
                <![CDATA[{CONTRACT=CMS, STEP10=, PRIORITY=P2, STEP02=FinoCMSTest_001, STEP13=, TCID=FlowMapper_565, STEP03=LogoutTest_001, STEP11=, STEP01=LoginTest_001, STEP12=, STEP06=, FCM=, STEP07=, STEP04=, STEP05=, RUNMODE=Yes, WALLET=Main, DESCRIPTION=Fetch the amount, TESTTYPE=Positive, STEP08=, STEP09=, FEATURE=Lok Suvidha}]]>
              </value>
            </param>
          </params>
          <reporter-output>
          </reporter-output>
        </test-method> <!-- flowMapperTest -->
        <test-method is-config="true" signature="result(org.testng.ITestResult)[pri:0, instance:tests.FlowMapper@16610890]" started-at="2021-01-23T22:00:37 IST" name="result" finished-at="2021-01-23T22:00:39 IST" duration-ms="2298" status="PASS">
          <params>
            <param index="0">
              <value>
                <![CDATA[[TestResult name=flowMapperTest status=SUCCESS method=FlowMapper.flowMapperTest(java.util.HashMap)[pri:0, instance:tests.FlowMapper@16610890] output={null}]]]>
              </value>
            </param>
          </params>
          <reporter-output>
          </reporter-output>
        </test-method> <!-- result -->
        <test-method is-config="true" signature="killDriver()[pri:0, instance:tests.FlowMapper@16610890]" started-at="2021-01-23T22:00:39 IST" name="killDriver" finished-at="2021-01-23T22:00:40 IST" duration-ms="853" status="PASS">
          <reporter-output>
          </reporter-output>
        </test-method> <!-- killDriver -->
      </class> <!-- tests.FlowMapper -->
    </test> <!-- Default test -->
  </suite> <!-- Default suite -->
</testng-results>
