<?xml version="1.0" encoding="UTF-8"?>
<testng-results skipped="0" failed="2" total="28" passed="26">
  <reporter-output>
    <line>
      <![CDATA[Connecting server...]]>
    </line>
    <line>
      <![CDATA[Connection established...]]>
    </line>
    <line>
      <![CDATA[Shutdown the Web Application]]>
    </line>
  </reporter-output>
  <suite name="Default suite" duration-ms="542298" started-at="2019-09-04T12:47:31Z" finished-at="2019-09-04T12:56:33Z">
    <groups>
    </groups>
    <test name="Default test" duration-ms="542298" started-at="2019-09-04T12:47:31Z" finished-at="2019-09-04T12:56:33Z">
      <class name="tests.FlowMapper">
        <test-method status="PASS" signature="generateIniFile()[pri:0, instance:tests.FlowMapper@53b32d7]" name="generateIniFile" is-config="true" duration-ms="19" started-at="2019-09-04T18:17:31Z" finished-at="2019-09-04T18:17:31Z">
          <reporter-output>
          </reporter-output>
        </test-method> <!-- generateIniFile -->
        <test-method status="PASS" signature="flowMapperTest(java.util.HashMap)[pri:0, instance:tests.FlowMapper@53b32d7]" name="flowMapperTest" duration-ms="1377" started-at="2019-09-04T18:17:33Z" data-provider="getData" finished-at="2019-09-04T18:17:34Z">
          <params>
            <param index="0">
              <value>
                <![CDATA[{CONTRACT=-, STEP10=, PRIORITY=P, STEP02=, STEP13=, TCID=FlowMapper_000, STEP03=, STEP11=, STEP01=EnvTest_QA1, STEP12=, STEP06=, STEP07=, STEP04=, STEP05=, RUNMODE=Yes, DESCRIPTION=Set environment to run test cases, TESTTYPE=no-check, STEP08=, STEP09=, FEATURE=-}]]>
              </value>
            </param>
          </params>
          <reporter-output>
          </reporter-output>
        </test-method> <!-- flowMapperTest -->
        <test-method status="PASS" signature="result(org.testng.ITestResult)[pri:0, instance:tests.FlowMapper@53b32d7]" name="result" is-config="true" duration-ms="239" started-at="2019-09-04T18:17:34Z" finished-at="2019-09-04T18:17:34Z">
          <params>
            <param index="0">
              <value>
                <![CDATA[[TestResult name=flowMapperTest status=SUCCESS method=FlowMapper.flowMapperTest(java.util.HashMap)[pri:0, instance:tests.FlowMapper@53b32d7] output={null}]]]>
              </value>
            </param>
          </params>
          <reporter-output>
          </reporter-output>
        </test-method> <!-- result -->
        <test-method status="PASS" signature="flowMapperTest(java.util.HashMap)[pri:0, instance:tests.FlowMapper@53b32d7]" name="flowMapperTest" duration-ms="33731" started-at="2019-09-04T18:17:34Z" data-provider="getData" finished-at="2019-09-04T18:18:08Z">
          <params>
            <param index="0">
              <value>
                <![CDATA[{CONTRACT=RBL, STEP10=, PRIORITY=P0, STEP02=RBLBankingTest_048, STEP13=, TCID=FlowMapper_142, STEP03=LogoutTest_001, STEP11=, STEP01=LoginTest_001, STEP12=, STEP06=, STEP07=, STEP04=, STEP05=, RUNMODE=Yes, DESCRIPTION=Withdrawal - Verify SMS for success transaction, TESTTYPE=Positive, STEP08=, STEP09=, FEATURE=Banking}]]>
              </value>
            </param>
          </params>
          <reporter-output>
          </reporter-output>
        </test-method> <!-- flowMapperTest -->
        <test-method status="PASS" signature="result(org.testng.ITestResult)[pri:0, instance:tests.FlowMapper@53b32d7]" name="result" is-config="true" duration-ms="564" started-at="2019-09-04T18:18:08Z" finished-at="2019-09-04T18:18:08Z">
          <params>
            <param index="0">
              <value>
                <![CDATA[[TestResult name=flowMapperTest status=SUCCESS method=FlowMapper.flowMapperTest(java.util.HashMap)[pri:0, instance:tests.FlowMapper@53b32d7] output={null}]]]>
              </value>
            </param>
          </params>
          <reporter-output>
          </reporter-output>
        </test-method> <!-- result -->
        <test-method status="PASS" signature="flowMapperTest(java.util.HashMap)[pri:0, instance:tests.FlowMapper@53b32d7]" name="flowMapperTest" duration-ms="19496" started-at="2019-09-04T18:18:08Z" data-provider="getData" finished-at="2019-09-04T18:18:28Z">
          <params>
            <param index="0">
              <value>
                <![CDATA[{CONTRACT=RBL, STEP10=, PRIORITY=P0, STEP02=RBLBankingTest_060, STEP13=, TCID=FlowMapper_154, STEP03=LogoutTest_001, STEP11=, STEP01=LoginTest_001, STEP12=, STEP06=, STEP07=, STEP04=, STEP05=, RUNMODE=Yes, DESCRIPTION=Balance Enquiry - Save as Print Receipt in Success screen, TESTTYPE=Positive, STEP08=, STEP09=, FEATURE=Banking}]]>
              </value>
            </param>
          </params>
          <reporter-output>
          </reporter-output>
        </test-method> <!-- flowMapperTest -->
        <test-method status="PASS" signature="result(org.testng.ITestResult)[pri:0, instance:tests.FlowMapper@53b32d7]" name="result" is-config="true" duration-ms="594" started-at="2019-09-04T18:18:28Z" finished-at="2019-09-04T18:18:29Z">
          <params>
            <param index="0">
              <value>
                <![CDATA[[TestResult name=flowMapperTest status=SUCCESS method=FlowMapper.flowMapperTest(java.util.HashMap)[pri:0, instance:tests.FlowMapper@53b32d7] output={null}]]]>
              </value>
            </param>
          </params>
          <reporter-output>
          </reporter-output>
        </test-method> <!-- result -->
        <test-method status="PASS" signature="flowMapperTest(java.util.HashMap)[pri:0, instance:tests.FlowMapper@53b32d7]" name="flowMapperTest" duration-ms="38545" started-at="2019-09-04T18:18:29Z" data-provider="getData" finished-at="2019-09-04T18:19:07Z">
          <params>
            <param index="0">
              <value>
                <![CDATA[{CONTRACT=RBL, STEP10=, PRIORITY=P0, STEP02=RBLBankingTest_030, STEP13=, TCID=FlowMapper_160, STEP03=RBLAEPSStatusEnquiryTest_001, STEP11=, STEP01=LoginTest_001, STEP12=, STEP06=RBLAEPSStatusEnquiryTest_014, STEP07=LogoutTest_001, STEP04=LogoutTest_001, STEP05=LoginTest_001, RUNMODE=Yes, DESCRIPTION=Withdrawal - FCM for status enquiry of successful transaction, TESTTYPE=Positive, STEP08=, STEP09=, FEATURE=Banking}]]>
              </value>
            </param>
          </params>
          <reporter-output>
            <line>
              <![CDATA[Connecting server...]]>
            </line>
            <line>
              <![CDATA[Connection established...]]>
            </line>
          </reporter-output>
        </test-method> <!-- flowMapperTest -->
        <test-method status="PASS" signature="result(org.testng.ITestResult)[pri:0, instance:tests.FlowMapper@53b32d7]" name="result" is-config="true" duration-ms="601" started-at="2019-09-04T18:19:07Z" finished-at="2019-09-04T18:19:08Z">
          <params>
            <param index="0">
              <value>
                <![CDATA[[TestResult name=flowMapperTest status=SUCCESS method=FlowMapper.flowMapperTest(java.util.HashMap)[pri:0, instance:tests.FlowMapper@53b32d7] output=Connecting server...]]]>
              </value>
            </param>
          </params>
          <reporter-output>
          </reporter-output>
        </test-method> <!-- result -->
        <test-method status="PASS" signature="flowMapperTest(java.util.HashMap)[pri:0, instance:tests.FlowMapper@53b32d7]" name="flowMapperTest" duration-ms="21662" started-at="2019-09-04T18:19:08Z" data-provider="getData" finished-at="2019-09-04T18:19:29Z">
          <params>
            <param index="0">
              <value>
                <![CDATA[{CONTRACT=YBL, STEP10=, PRIORITY=P0, STEP02=YBLBankingTest_048, STEP13=, TCID=FlowMapper_180, STEP03=LogoutTest_001, STEP11=, STEP01=LoginTest_001, STEP12=, STEP06=, STEP07=, STEP04=, STEP05=, RUNMODE=Yes, DESCRIPTION=Withdrawal - Verify SMS for success transaction, TESTTYPE=Positive, STEP08=, STEP09=, FEATURE=Banking}]]>
              </value>
            </param>
          </params>
          <reporter-output>
          </reporter-output>
        </test-method> <!-- flowMapperTest -->
        <test-method status="PASS" signature="result(org.testng.ITestResult)[pri:0, instance:tests.FlowMapper@53b32d7]" name="result" is-config="true" duration-ms="563" started-at="2019-09-04T18:19:29Z" finished-at="2019-09-04T18:19:30Z">
          <params>
            <param index="0">
              <value>
                <![CDATA[[TestResult name=flowMapperTest status=SUCCESS method=FlowMapper.flowMapperTest(java.util.HashMap)[pri:0, instance:tests.FlowMapper@53b32d7] output={null}]]]>
              </value>
            </param>
          </params>
          <reporter-output>
          </reporter-output>
        </test-method> <!-- result -->
        <test-method status="PASS" signature="flowMapperTest(java.util.HashMap)[pri:0, instance:tests.FlowMapper@53b32d7]" name="flowMapperTest" duration-ms="18342" started-at="2019-09-04T18:19:30Z" data-provider="getData" finished-at="2019-09-04T18:19:48Z">
          <params>
            <param index="0">
              <value>
                <![CDATA[{CONTRACT=YBL, STEP10=, PRIORITY=P0, STEP02=YBLBankingTest_060, STEP13=, TCID=FlowMapper_192, STEP03=LogoutTest_001, STEP11=, STEP01=LoginTest_001, STEP12=, STEP06=, STEP07=, STEP04=, STEP05=, RUNMODE=Yes, DESCRIPTION=Balance Enquiry - Save as Print Receipt in Success screen, TESTTYPE=Positive, STEP08=, STEP09=, FEATURE=Banking}]]>
              </value>
            </param>
          </params>
          <reporter-output>
          </reporter-output>
        </test-method> <!-- flowMapperTest -->
        <test-method status="PASS" signature="result(org.testng.ITestResult)[pri:0, instance:tests.FlowMapper@53b32d7]" name="result" is-config="true" duration-ms="582" started-at="2019-09-04T18:19:48Z" finished-at="2019-09-04T18:19:49Z">
          <params>
            <param index="0">
              <value>
                <![CDATA[[TestResult name=flowMapperTest status=SUCCESS method=FlowMapper.flowMapperTest(java.util.HashMap)[pri:0, instance:tests.FlowMapper@53b32d7] output={null}]]]>
              </value>
            </param>
          </params>
          <reporter-output>
          </reporter-output>
        </test-method> <!-- result -->
        <test-method status="PASS" signature="flowMapperTest(java.util.HashMap)[pri:0, instance:tests.FlowMapper@53b32d7]" name="flowMapperTest" duration-ms="18464" started-at="2019-09-04T18:19:49Z" data-provider="getData" finished-at="2019-09-04T18:20:07Z">
          <params>
            <param index="0">
              <value>
                <![CDATA[{CONTRACT=CMS, STEP10=, PRIORITY=P0, STEP02=CapitalFirstAgentTest_004, STEP13=, TCID=FlowMapper_199, STEP03=LogoutTest_001, STEP11=, STEP01=LoginTest_001, STEP12=, STEP06=, STEP07=, STEP04=, STEP05=, RUNMODE=Yes, DESCRIPTION=Success transaction for HFC, TESTTYPE=Positive, STEP08=, STEP09=, FEATURE=CMS: CFA}]]>
              </value>
            </param>
          </params>
          <reporter-output>
          </reporter-output>
        </test-method> <!-- flowMapperTest -->
        <test-method status="PASS" signature="result(org.testng.ITestResult)[pri:0, instance:tests.FlowMapper@53b32d7]" name="result" is-config="true" duration-ms="513" started-at="2019-09-04T18:20:07Z" finished-at="2019-09-04T18:20:08Z">
          <params>
            <param index="0">
              <value>
                <![CDATA[[TestResult name=flowMapperTest status=SUCCESS method=FlowMapper.flowMapperTest(java.util.HashMap)[pri:0, instance:tests.FlowMapper@53b32d7] output={null}]]]>
              </value>
            </param>
          </params>
          <reporter-output>
          </reporter-output>
        </test-method> <!-- result -->
        <test-method status="PASS" signature="flowMapperTest(java.util.HashMap)[pri:0, instance:tests.FlowMapper@53b32d7]" name="flowMapperTest" duration-ms="14507" started-at="2019-09-04T18:20:08Z" data-provider="getData" finished-at="2019-09-04T18:20:22Z">
          <params>
            <param index="0">
              <value>
                <![CDATA[{CONTRACT=CMS, STEP10=, PRIORITY=P0, STEP02=CapitalFirstAgentTest_008, STEP13=, TCID=FlowMapper_203, STEP03=LogoutTest_001, STEP11=, STEP01=LoginTest_001, STEP12=, STEP06=, STEP07=, STEP04=, STEP05=, RUNMODE=Yes, DESCRIPTION=Invalid MPIN and Retry, TESTTYPE=Negative, STEP08=, STEP09=, FEATURE=CMS: CFA}]]>
              </value>
            </param>
          </params>
          <reporter-output>
          </reporter-output>
        </test-method> <!-- flowMapperTest -->
        <test-method status="PASS" signature="result(org.testng.ITestResult)[pri:0, instance:tests.FlowMapper@53b32d7]" name="result" is-config="true" duration-ms="525" started-at="2019-09-04T18:20:22Z" finished-at="2019-09-04T18:20:23Z">
          <params>
            <param index="0">
              <value>
                <![CDATA[[TestResult name=flowMapperTest status=SUCCESS method=FlowMapper.flowMapperTest(java.util.HashMap)[pri:0, instance:tests.FlowMapper@53b32d7] output={null}]]]>
              </value>
            </param>
          </params>
          <reporter-output>
          </reporter-output>
        </test-method> <!-- result -->
        <test-method status="PASS" signature="flowMapperTest(java.util.HashMap)[pri:0, instance:tests.FlowMapper@53b32d7]" name="flowMapperTest" duration-ms="18009" started-at="2019-09-04T18:20:23Z" data-provider="getData" finished-at="2019-09-04T18:20:41Z">
          <params>
            <param index="0">
              <value>
                <![CDATA[{CONTRACT=CMS, STEP10=, PRIORITY=P0, STEP02=CapitalFirstAgentTest_010, STEP13=, TCID=FlowMapper_205, STEP03=LogoutTest_001, STEP11=, STEP01=LoginTest_001, STEP12=, STEP06=, STEP07=, STEP04=, STEP05=, RUNMODE=Yes, DESCRIPTION=Verify SMS for success transaction, TESTTYPE=Positive, STEP08=, STEP09=, FEATURE=CMS: CFA}]]>
              </value>
            </param>
          </params>
          <reporter-output>
          </reporter-output>
        </test-method> <!-- flowMapperTest -->
        <test-method status="PASS" signature="result(org.testng.ITestResult)[pri:0, instance:tests.FlowMapper@53b32d7]" name="result" is-config="true" duration-ms="537" started-at="2019-09-04T18:20:41Z" finished-at="2019-09-04T18:20:41Z">
          <params>
            <param index="0">
              <value>
                <![CDATA[[TestResult name=flowMapperTest status=SUCCESS method=FlowMapper.flowMapperTest(java.util.HashMap)[pri:0, instance:tests.FlowMapper@53b32d7] output={null}]]]>
              </value>
            </param>
          </params>
          <reporter-output>
          </reporter-output>
        </test-method> <!-- result -->
        <test-method status="PASS" signature="flowMapperTest(java.util.HashMap)[pri:0, instance:tests.FlowMapper@53b32d7]" name="flowMapperTest" duration-ms="10897" started-at="2019-09-04T18:20:41Z" data-provider="getData" finished-at="2019-09-04T18:20:52Z">
          <params>
            <param index="0">
              <value>
                <![CDATA[{CONTRACT=CMS, STEP10=, PRIORITY=P0, STEP02=CapitalFirstConsumerTest_004, STEP13=, TCID=FlowMapper_214, STEP03=LogoutTest_001, STEP11=, STEP01=LoginTest_001, STEP12=, STEP06=, STEP07=, STEP04=, STEP05=, RUNMODE=Yes, DESCRIPTION=Invalid MPIN and Exit, TESTTYPE=Negative, STEP08=, STEP09=, FEATURE=CMS: CFC}]]>
              </value>
            </param>
          </params>
          <reporter-output>
          </reporter-output>
        </test-method> <!-- flowMapperTest -->
        <test-method status="PASS" signature="result(org.testng.ITestResult)[pri:0, instance:tests.FlowMapper@53b32d7]" name="result" is-config="true" duration-ms="534" started-at="2019-09-04T18:20:52Z" finished-at="2019-09-04T18:20:53Z">
          <params>
            <param index="0">
              <value>
                <![CDATA[[TestResult name=flowMapperTest status=SUCCESS method=FlowMapper.flowMapperTest(java.util.HashMap)[pri:0, instance:tests.FlowMapper@53b32d7] output={null}]]]>
              </value>
            </param>
          </params>
          <reporter-output>
          </reporter-output>
        </test-method> <!-- result -->
        <test-method status="PASS" signature="flowMapperTest(java.util.HashMap)[pri:0, instance:tests.FlowMapper@53b32d7]" name="flowMapperTest" duration-ms="18203" started-at="2019-09-04T18:20:53Z" data-provider="getData" finished-at="2019-09-04T18:21:11Z">
          <params>
            <param index="0">
              <value>
                <![CDATA[{CONTRACT=CMS, STEP10=, PRIORITY=P0, STEP02=CapitalFirstConsumerTest_007, STEP13=, TCID=FlowMapper_217, STEP03=LogoutTest_001, STEP11=, STEP01=LoginTest_001, STEP12=, STEP06=, STEP07=, STEP04=, STEP05=, RUNMODE=Yes, DESCRIPTION=Verify SMS for success transaction, TESTTYPE=Positive, STEP08=, STEP09=, FEATURE=CMS: CFC}]]>
              </value>
            </param>
          </params>
          <reporter-output>
          </reporter-output>
        </test-method> <!-- flowMapperTest -->
        <test-method status="PASS" signature="result(org.testng.ITestResult)[pri:0, instance:tests.FlowMapper@53b32d7]" name="result" is-config="true" duration-ms="565" started-at="2019-09-04T18:21:11Z" finished-at="2019-09-04T18:21:12Z">
          <params>
            <param index="0">
              <value>
                <![CDATA[[TestResult name=flowMapperTest status=SUCCESS method=FlowMapper.flowMapperTest(java.util.HashMap)[pri:0, instance:tests.FlowMapper@53b32d7] output={null}]]]>
              </value>
            </param>
          </params>
          <reporter-output>
          </reporter-output>
        </test-method> <!-- result -->
        <test-method status="PASS" signature="flowMapperTest(java.util.HashMap)[pri:0, instance:tests.FlowMapper@53b32d7]" name="flowMapperTest" duration-ms="13976" started-at="2019-09-04T18:21:12Z" data-provider="getData" finished-at="2019-09-04T18:21:26Z">
          <params>
            <param index="0">
              <value>
                <![CDATA[{CONTRACT=CMS, STEP10=, PRIORITY=P0, STEP02=SwiggyTest_008, STEP13=, TCID=FlowMapper_231, STEP03=LogoutTest_001, STEP11=, STEP01=LoginTest_001, STEP12=, STEP06=, STEP07=, STEP04=, STEP05=, RUNMODE=Yes, DESCRIPTION=Invalid MPIN and Retry, TESTTYPE=Negative, STEP08=, STEP09=, FEATURE=CMS: Swiggy}]]>
              </value>
            </param>
          </params>
          <reporter-output>
          </reporter-output>
        </test-method> <!-- flowMapperTest -->
        <test-method status="PASS" signature="result(org.testng.ITestResult)[pri:0, instance:tests.FlowMapper@53b32d7]" name="result" is-config="true" duration-ms="536" started-at="2019-09-04T18:21:26Z" finished-at="2019-09-04T18:21:26Z">
          <params>
            <param index="0">
              <value>
                <![CDATA[[TestResult name=flowMapperTest status=SUCCESS method=FlowMapper.flowMapperTest(java.util.HashMap)[pri:0, instance:tests.FlowMapper@53b32d7] output={null}]]]>
              </value>
            </param>
          </params>
          <reporter-output>
          </reporter-output>
        </test-method> <!-- result -->
        <test-method status="PASS" signature="flowMapperTest(java.util.HashMap)[pri:0, instance:tests.FlowMapper@53b32d7]" name="flowMapperTest" duration-ms="17213" started-at="2019-09-04T18:21:26Z" data-provider="getData" finished-at="2019-09-04T18:21:43Z">
          <params>
            <param index="0">
              <value>
                <![CDATA[{CONTRACT=CMS, STEP10=, PRIORITY=P0, STEP02=SwiggyTest_010, STEP13=, TCID=FlowMapper_233, STEP03=LogoutTest_001, STEP11=, STEP01=LoginTest_001, STEP12=, STEP06=, STEP07=, STEP04=, STEP05=, RUNMODE=Yes, DESCRIPTION=Verify SMS for success transaction, TESTTYPE=Positive, STEP08=, STEP09=, FEATURE=CMS: Swiggy}]]>
              </value>
            </param>
          </params>
          <reporter-output>
          </reporter-output>
        </test-method> <!-- flowMapperTest -->
        <test-method status="PASS" signature="result(org.testng.ITestResult)[pri:0, instance:tests.FlowMapper@53b32d7]" name="result" is-config="true" duration-ms="541" started-at="2019-09-04T18:21:43Z" finished-at="2019-09-04T18:21:44Z">
          <params>
            <param index="0">
              <value>
                <![CDATA[[TestResult name=flowMapperTest status=SUCCESS method=FlowMapper.flowMapperTest(java.util.HashMap)[pri:0, instance:tests.FlowMapper@53b32d7] output={null}]]]>
              </value>
            </param>
          </params>
          <reporter-output>
          </reporter-output>
        </test-method> <!-- result -->
        <test-method status="PASS" signature="flowMapperTest(java.util.HashMap)[pri:0, instance:tests.FlowMapper@53b32d7]" name="flowMapperTest" duration-ms="13956" started-at="2019-09-04T18:21:44Z" data-provider="getData" finished-at="2019-09-04T18:21:58Z">
          <params>
            <param index="0">
              <value>
                <![CDATA[{CONTRACT=CMS, STEP10=, PRIORITY=P0, STEP02=FullertonTest_009, STEP13=, TCID=FlowMapper_247, STEP03=LogoutTest_001, STEP11=, STEP01=LoginTest_001, STEP12=, STEP06=, STEP07=, STEP04=, STEP05=, RUNMODE=Yes, DESCRIPTION=Invalid MPIN and Exit, TESTTYPE=Negative, STEP08=, STEP09=, FEATURE=CMS: FT}]]>
              </value>
            </param>
          </params>
          <reporter-output>
          </reporter-output>
        </test-method> <!-- flowMapperTest -->
        <test-method status="PASS" signature="result(org.testng.ITestResult)[pri:0, instance:tests.FlowMapper@53b32d7]" name="result" is-config="true" duration-ms="557" started-at="2019-09-04T18:21:58Z" finished-at="2019-09-04T18:21:58Z">
          <params>
            <param index="0">
              <value>
                <![CDATA[[TestResult name=flowMapperTest status=SUCCESS method=FlowMapper.flowMapperTest(java.util.HashMap)[pri:0, instance:tests.FlowMapper@53b32d7] output={null}]]]>
              </value>
            </param>
          </params>
          <reporter-output>
          </reporter-output>
        </test-method> <!-- result -->
        <test-method status="PASS" signature="flowMapperTest(java.util.HashMap)[pri:0, instance:tests.FlowMapper@53b32d7]" name="flowMapperTest" duration-ms="21142" started-at="2019-09-04T18:21:58Z" data-provider="getData" finished-at="2019-09-04T18:22:20Z">
          <params>
            <param index="0">
              <value>
                <![CDATA[{CONTRACT=CMS, STEP10=, PRIORITY=P0, STEP02=FullertonTest_012, STEP13=, TCID=FlowMapper_250, STEP03=LogoutTest_001, STEP11=, STEP01=LoginTest_001, STEP12=, STEP06=, STEP07=, STEP04=, STEP05=, RUNMODE=Yes, DESCRIPTION=Verify SMS for success transaction, TESTTYPE=Positive, STEP08=, STEP09=, FEATURE=CMS: FT}]]>
              </value>
            </param>
          </params>
          <reporter-output>
          </reporter-output>
        </test-method> <!-- flowMapperTest -->
        <test-method status="PASS" signature="result(org.testng.ITestResult)[pri:0, instance:tests.FlowMapper@53b32d7]" name="result" is-config="true" duration-ms="527" started-at="2019-09-04T18:22:20Z" finished-at="2019-09-04T18:22:20Z">
          <params>
            <param index="0">
              <value>
                <![CDATA[[TestResult name=flowMapperTest status=SUCCESS method=FlowMapper.flowMapperTest(java.util.HashMap)[pri:0, instance:tests.FlowMapper@53b32d7] output={null}]]]>
              </value>
            </param>
          </params>
          <reporter-output>
          </reporter-output>
        </test-method> <!-- result -->
        <test-method status="PASS" signature="flowMapperTest(java.util.HashMap)[pri:0, instance:tests.FlowMapper@53b32d7]" name="flowMapperTest" duration-ms="41955" started-at="2019-09-04T18:22:20Z" data-provider="getData" finished-at="2019-09-04T18:23:02Z">
          <params>
            <param index="0">
              <value>
                <![CDATA[{CONTRACT=RBL, STEP10=, PRIORITY=P0, STEP02=RBLMoneyTransferTest_005, STEP13=, TCID=FlowMapper_263, STEP03=ReportsTest_009, STEP11=, STEP01=LoginTest_001, STEP12=, STEP06=, STEP07=, STEP04=LogoutTest_001, STEP05=, RUNMODE=Yes, DESCRIPTION=Account Statement - Money Transfer, TESTTYPE=Positive, STEP08=, STEP09=, FEATURE=Reports: MT}]]>
              </value>
            </param>
          </params>
          <reporter-output>
          </reporter-output>
        </test-method> <!-- flowMapperTest -->
        <test-method status="PASS" signature="result(org.testng.ITestResult)[pri:0, instance:tests.FlowMapper@53b32d7]" name="result" is-config="true" duration-ms="563" started-at="2019-09-04T18:23:02Z" finished-at="2019-09-04T18:23:03Z">
          <params>
            <param index="0">
              <value>
                <![CDATA[[TestResult name=flowMapperTest status=SUCCESS method=FlowMapper.flowMapperTest(java.util.HashMap)[pri:0, instance:tests.FlowMapper@53b32d7] output={null}]]]>
              </value>
            </param>
          </params>
          <reporter-output>
          </reporter-output>
        </test-method> <!-- result -->
        <test-method status="FAIL" signature="flowMapperTest(java.util.HashMap)[pri:0, instance:tests.FlowMapper@53b32d7]" name="flowMapperTest" duration-ms="6859" started-at="2019-09-04T18:23:03Z" data-provider="getData" finished-at="2019-09-04T18:23:09Z">
          <params>
            <param index="0">
              <value>
                <![CDATA[{CONTRACT=WALLET, STEP10=, PRIORITY=P0, STEP02=SettlementTest_006, STEP13=, TCID=FlowMapper_273, STEP03=LogoutTest_001, STEP11=, STEP01=LoginTest_001, STEP12=, STEP06=, STEP07=, STEP04=, STEP05=, RUNMODE=Yes, DESCRIPTION=Invalid MPIN and Retry, TESTTYPE=Negative, STEP08=, STEP09=, FEATURE=Settlement}]]>
              </value>
            </param>
          </params>
          <exception class="java.lang.AssertionError">
            <message>
              <![CDATA[null]]>
            </message>
            <full-stacktrace>
              <![CDATA[java.lang.AssertionError: null
	at org.testng.Assert.fail(Assert.java:94)
	at org.testng.Assert.fail(Assert.java:101)
	at in.novopay.platform_ui.pages.web.SettlementPage.settlement(SettlementPage.java:416)
	at tests.ui.SettlementTest.settlementTest(SettlementTest.java:52)
	at sun.reflect.NativeMethodAccessorImpl.invoke0(Native Method)
	at sun.reflect.NativeMethodAccessorImpl.invoke(Unknown Source)
	at sun.reflect.DelegatingMethodAccessorImpl.invoke(Unknown Source)
	at java.lang.reflect.Method.invoke(Unknown Source)
	at tests.FlowMapper.flowMapperTest(FlowMapper.java:103)
	at sun.reflect.GeneratedMethodAccessor13.invoke(Unknown Source)
	at sun.reflect.DelegatingMethodAccessorImpl.invoke(Unknown Source)
	at java.lang.reflect.Method.invoke(Unknown Source)
	at org.testng.internal.MethodInvocationHelper.invokeMethod(MethodInvocationHelper.java:84)
	at org.testng.internal.Invoker.invokeMethod(Invoker.java:714)
	at org.testng.internal.Invoker.invokeTestMethod(Invoker.java:901)
	at org.testng.internal.Invoker.invokeTestMethods(Invoker.java:1231)
	at org.testng.internal.TestMethodWorker.invokeTestMethods(TestMethodWorker.java:127)
	at org.testng.internal.TestMethodWorker.run(TestMethodWorker.java:111)
	at org.testng.TestRunner.privateRun(TestRunner.java:767)
	at org.testng.TestRunner.run(TestRunner.java:617)
	at org.testng.SuiteRunner.runTest(SuiteRunner.java:348)
	at org.testng.SuiteRunner.runSequentially(SuiteRunner.java:343)
	at org.testng.SuiteRunner.privateRun(SuiteRunner.java:305)
	at org.testng.SuiteRunner.run(SuiteRunner.java:254)
	at org.testng.SuiteRunnerWorker.runSuite(SuiteRunnerWorker.java:52)
	at org.testng.SuiteRunnerWorker.run(SuiteRunnerWorker.java:86)
	at org.testng.TestNG.runSuitesSequentially(TestNG.java:1224)
	at org.testng.TestNG.runSuitesLocally(TestNG.java:1149)
	at org.testng.TestNG.run(TestNG.java:1057)
	at org.testng.remote.AbstractRemoteTestNG.run(AbstractRemoteTestNG.java:114)
	at org.testng.remote.RemoteTestNG.initAndRun(RemoteTestNG.java:251)
	at org.testng.remote.RemoteTestNG.main(RemoteTestNG.java:77)
]]>
            </full-stacktrace>
          </exception> <!-- java.lang.AssertionError -->
          <reporter-output>
          </reporter-output>
        </test-method> <!-- flowMapperTest -->
        <test-method status="PASS" signature="result(org.testng.ITestResult)[pri:0, instance:tests.FlowMapper@53b32d7]" name="result" is-config="true" duration-ms="955" started-at="2019-09-04T18:23:09Z" finished-at="2019-09-04T18:23:10Z">
          <params>
            <param index="0">
              <value>
                <![CDATA[[TestResult name=flowMapperTest status=FAILURE method=FlowMapper.flowMapperTest(java.util.HashMap)[pri:0, instance:tests.FlowMapper@53b32d7] output={null}]]]>
              </value>
            </param>
          </params>
          <reporter-output>
          </reporter-output>
        </test-method> <!-- result -->
        <test-method status="FAIL" signature="flowMapperTest(java.util.HashMap)[pri:0, instance:tests.FlowMapper@53b32d7]" name="flowMapperTest" duration-ms="5896" started-at="2019-09-04T18:23:10Z" data-provider="getData" finished-at="2019-09-04T18:23:16Z">
          <params>
            <param index="0">
              <value>
                <![CDATA[{CONTRACT=WALLET, STEP10=, PRIORITY=P0, STEP02=SettlementTest_016, STEP13=, TCID=FlowMapper_283, STEP03=LogoutTest_001, STEP11=, STEP01=LoginTest_001, STEP12=, STEP06=, STEP07=, STEP04=, STEP05=, RUNMODE=Yes, DESCRIPTION=SMS when settlement done to Bank, TESTTYPE=Positive, STEP08=, STEP09=, FEATURE=Settlement}]]>
              </value>
            </param>
          </params>
          <exception class="java.lang.AssertionError">
            <message>
              <![CDATA[null]]>
            </message>
            <full-stacktrace>
              <![CDATA[java.lang.AssertionError: null
	at org.testng.Assert.fail(Assert.java:94)
	at org.testng.Assert.fail(Assert.java:101)
	at in.novopay.platform_ui.pages.web.SettlementPage.settlement(SettlementPage.java:416)
	at tests.ui.SettlementTest.settlementTest(SettlementTest.java:52)
	at sun.reflect.NativeMethodAccessorImpl.invoke0(Native Method)
	at sun.reflect.NativeMethodAccessorImpl.invoke(Unknown Source)
	at sun.reflect.DelegatingMethodAccessorImpl.invoke(Unknown Source)
	at java.lang.reflect.Method.invoke(Unknown Source)
	at tests.FlowMapper.flowMapperTest(FlowMapper.java:103)
	at sun.reflect.GeneratedMethodAccessor13.invoke(Unknown Source)
	at sun.reflect.DelegatingMethodAccessorImpl.invoke(Unknown Source)
	at java.lang.reflect.Method.invoke(Unknown Source)
	at org.testng.internal.MethodInvocationHelper.invokeMethod(MethodInvocationHelper.java:84)
	at org.testng.internal.Invoker.invokeMethod(Invoker.java:714)
	at org.testng.internal.Invoker.invokeTestMethod(Invoker.java:901)
	at org.testng.internal.Invoker.invokeTestMethods(Invoker.java:1231)
	at org.testng.internal.TestMethodWorker.invokeTestMethods(TestMethodWorker.java:127)
	at org.testng.internal.TestMethodWorker.run(TestMethodWorker.java:111)
	at org.testng.TestRunner.privateRun(TestRunner.java:767)
	at org.testng.TestRunner.run(TestRunner.java:617)
	at org.testng.SuiteRunner.runTest(SuiteRunner.java:348)
	at org.testng.SuiteRunner.runSequentially(SuiteRunner.java:343)
	at org.testng.SuiteRunner.privateRun(SuiteRunner.java:305)
	at org.testng.SuiteRunner.run(SuiteRunner.java:254)
	at org.testng.SuiteRunnerWorker.runSuite(SuiteRunnerWorker.java:52)
	at org.testng.SuiteRunnerWorker.run(SuiteRunnerWorker.java:86)
	at org.testng.TestNG.runSuitesSequentially(TestNG.java:1224)
	at org.testng.TestNG.runSuitesLocally(TestNG.java:1149)
	at org.testng.TestNG.run(TestNG.java:1057)
	at org.testng.remote.AbstractRemoteTestNG.run(AbstractRemoteTestNG.java:114)
	at org.testng.remote.RemoteTestNG.initAndRun(RemoteTestNG.java:251)
	at org.testng.remote.RemoteTestNG.main(RemoteTestNG.java:77)
]]>
            </full-stacktrace>
          </exception> <!-- java.lang.AssertionError -->
          <reporter-output>
          </reporter-output>
        </test-method> <!-- flowMapperTest -->
        <test-method status="PASS" signature="result(org.testng.ITestResult)[pri:0, instance:tests.FlowMapper@53b32d7]" name="result" is-config="true" duration-ms="883" started-at="2019-09-04T18:23:16Z" finished-at="2019-09-04T18:23:17Z">
          <params>
            <param index="0">
              <value>
                <![CDATA[[TestResult name=flowMapperTest status=FAILURE method=FlowMapper.flowMapperTest(java.util.HashMap)[pri:0, instance:tests.FlowMapper@53b32d7] output={null}]]]>
              </value>
            </param>
          </params>
          <reporter-output>
          </reporter-output>
        </test-method> <!-- result -->
        <test-method status="PASS" signature="flowMapperTest(java.util.HashMap)[pri:0, instance:tests.FlowMapper@53b32d7]" name="flowMapperTest" duration-ms="13589" started-at="2019-09-04T18:23:17Z" data-provider="getData" finished-at="2019-09-04T18:23:31Z">
          <params>
            <param index="0">
              <value>
                <![CDATA[{CONTRACT=RBL, STEP10=, PRIORITY=P0, STEP02=SettingsTest_004, STEP13=, TCID=FlowMapper_290, STEP03=LogoutTest_001, STEP11=, STEP01=LoginTest_001, STEP12=, STEP06=, STEP07=, STEP04=, STEP05=, RUNMODE=Yes, DESCRIPTION=Invalid MPIN and Retry while changing mode, TESTTYPE=Negative, STEP08=, STEP09=, FEATURE=Settings}]]>
              </value>
            </param>
          </params>
          <reporter-output>
          </reporter-output>
        </test-method> <!-- flowMapperTest -->
        <test-method status="PASS" signature="result(org.testng.ITestResult)[pri:0, instance:tests.FlowMapper@53b32d7]" name="result" is-config="true" duration-ms="504" started-at="2019-09-04T18:23:31Z" finished-at="2019-09-04T18:23:31Z">
          <params>
            <param index="0">
              <value>
                <![CDATA[[TestResult name=flowMapperTest status=SUCCESS method=FlowMapper.flowMapperTest(java.util.HashMap)[pri:0, instance:tests.FlowMapper@53b32d7] output={null}]]]>
              </value>
            </param>
          </params>
          <reporter-output>
          </reporter-output>
        </test-method> <!-- result -->
        <test-method status="PASS" signature="flowMapperTest(java.util.HashMap)[pri:0, instance:tests.FlowMapper@53b32d7]" name="flowMapperTest" duration-ms="31107" started-at="2019-09-04T18:23:31Z" data-provider="getData" finished-at="2019-09-04T18:24:02Z">
          <params>
            <param index="0">
              <value>
                <![CDATA[{CONTRACT=RBL, STEP10=, PRIORITY=P0, STEP02=SettingsTest_007, STEP13=, TCID=FlowMapper_304, STEP03=LogoutTest_001, STEP11=, STEP01=LoginTest_001, STEP12=, STEP06=SettingsTest_018, STEP07=LogoutTest_001, STEP04=LoginTest_001, STEP05=RBLMoneyTransferTest_098, RUNMODE=Yes, DESCRIPTION=Verify FCM when settings are submitted for verification, TESTTYPE=Positive, STEP08=, STEP09=, FEATURE=Settings}]]>
              </value>
            </param>
          </params>
          <reporter-output>
          </reporter-output>
        </test-method> <!-- flowMapperTest -->
        <test-method status="PASS" signature="result(org.testng.ITestResult)[pri:0, instance:tests.FlowMapper@53b32d7]" name="result" is-config="true" duration-ms="543" started-at="2019-09-04T18:24:02Z" finished-at="2019-09-04T18:24:03Z">
          <params>
            <param index="0">
              <value>
                <![CDATA[[TestResult name=flowMapperTest status=SUCCESS method=FlowMapper.flowMapperTest(java.util.HashMap)[pri:0, instance:tests.FlowMapper@53b32d7] output={null}]]]>
              </value>
            </param>
          </params>
          <reporter-output>
          </reporter-output>
        </test-method> <!-- result -->
        <test-method status="PASS" signature="flowMapperTest(java.util.HashMap)[pri:0, instance:tests.FlowMapper@53b32d7]" name="flowMapperTest" duration-ms="23007" started-at="2019-09-04T18:24:03Z" data-provider="getData" finished-at="2019-09-04T18:24:26Z">
          <params>
            <param index="0">
              <value>
                <![CDATA[{CONTRACT=BILLPAY, STEP10=, PRIORITY=P0, STEP02=ElectricityTest_001, STEP13=, TCID=FlowMapper_307, STEP03=ElectricityTest_003, STEP11=, STEP01=LoginTest_001, STEP12=, STEP06=, STEP07=, STEP04=LogoutTest_001, STEP05=, RUNMODE=Yes, DESCRIPTION=Verify biller list and pay bill for BESCOM after fetching amount and entering mobile number again, TESTTYPE=Positive, STEP08=, STEP09=, FEATURE=Electricity}]]>
              </value>
            </param>
          </params>
          <reporter-output>
          </reporter-output>
        </test-method> <!-- flowMapperTest -->
        <test-method status="PASS" signature="result(org.testng.ITestResult)[pri:0, instance:tests.FlowMapper@53b32d7]" name="result" is-config="true" duration-ms="520" started-at="2019-09-04T18:24:26Z" finished-at="2019-09-04T18:24:26Z">
          <params>
            <param index="0">
              <value>
                <![CDATA[[TestResult name=flowMapperTest status=SUCCESS method=FlowMapper.flowMapperTest(java.util.HashMap)[pri:0, instance:tests.FlowMapper@53b32d7] output={null}]]]>
              </value>
            </param>
          </params>
          <reporter-output>
          </reporter-output>
        </test-method> <!-- result -->
        <test-method status="PASS" signature="flowMapperTest(java.util.HashMap)[pri:0, instance:tests.FlowMapper@53b32d7]" name="flowMapperTest" duration-ms="16427" started-at="2019-09-04T18:24:26Z" data-provider="getData" finished-at="2019-09-04T18:24:43Z">
          <params>
            <param index="0">
              <value>
                <![CDATA[{CONTRACT=BILLPAY, STEP10=, PRIORITY=P0, STEP02=ElectricityTest_006, STEP13=, TCID=FlowMapper_310, STEP03=LogoutTest_001, STEP11=, STEP01=LoginTest_001, STEP12=, STEP06=, STEP07=, STEP04=, STEP05=, RUNMODE=Yes, DESCRIPTION=Pending transaction for BESCOM, TESTTYPE=Positive, STEP08=, STEP09=, FEATURE=Electricity}]]>
              </value>
            </param>
          </params>
          <reporter-output>
          </reporter-output>
        </test-method> <!-- flowMapperTest -->
        <test-method status="PASS" signature="result(org.testng.ITestResult)[pri:0, instance:tests.FlowMapper@53b32d7]" name="result" is-config="true" duration-ms="523" started-at="2019-09-04T18:24:43Z" finished-at="2019-09-04T18:24:43Z">
          <params>
            <param index="0">
              <value>
                <![CDATA[[TestResult name=flowMapperTest status=SUCCESS method=FlowMapper.flowMapperTest(java.util.HashMap)[pri:0, instance:tests.FlowMapper@53b32d7] output={null}]]]>
              </value>
            </param>
          </params>
          <reporter-output>
          </reporter-output>
        </test-method> <!-- result -->
        <test-method status="PASS" signature="flowMapperTest(java.util.HashMap)[pri:0, instance:tests.FlowMapper@53b32d7]" name="flowMapperTest" duration-ms="16885" started-at="2019-09-04T18:24:43Z" data-provider="getData" finished-at="2019-09-04T18:25:00Z">
          <params>
            <param index="0">
              <value>
                <![CDATA[{CONTRACT=BILLPAY, STEP10=, PRIORITY=P0, STEP02=ElectricityTest_009, STEP13=, TCID=FlowMapper_313, STEP03=LogoutTest_001, STEP11=, STEP01=LoginTest_001, STEP12=, STEP06=, STEP07=, STEP04=, STEP05=, RUNMODE=Yes, DESCRIPTION=Invalid MPIN and Retry, TESTTYPE=Positive, STEP08=, STEP09=, FEATURE=Electricity}]]>
              </value>
            </param>
          </params>
          <reporter-output>
          </reporter-output>
        </test-method> <!-- flowMapperTest -->
        <test-method status="PASS" signature="result(org.testng.ITestResult)[pri:0, instance:tests.FlowMapper@53b32d7]" name="result" is-config="true" duration-ms="817" started-at="2019-09-04T18:25:00Z" finished-at="2019-09-04T18:25:01Z">
          <params>
            <param index="0">
              <value>
                <![CDATA[[TestResult name=flowMapperTest status=SUCCESS method=FlowMapper.flowMapperTest(java.util.HashMap)[pri:0, instance:tests.FlowMapper@53b32d7] output={null}]]]>
              </value>
            </param>
          </params>
          <reporter-output>
          </reporter-output>
        </test-method> <!-- result -->
        <test-method status="PASS" signature="flowMapperTest(java.util.HashMap)[pri:0, instance:tests.FlowMapper@53b32d7]" name="flowMapperTest" duration-ms="17499" started-at="2019-09-04T18:25:01Z" data-provider="getData" finished-at="2019-09-04T18:25:19Z">
          <params>
            <param index="0">
              <value>
                <![CDATA[{CONTRACT=BILLPAY, STEP10=, PRIORITY=P0, STEP02=ElectricityTest_010, STEP13=, TCID=FlowMapper_314, STEP03=LogoutTest_001, STEP11=, STEP01=LoginTest_001, STEP12=, STEP06=, STEP07=, STEP04=, STEP05=, RUNMODE=Yes, DESCRIPTION=Verify SMS for success transaction, TESTTYPE=Positive, STEP08=, STEP09=, FEATURE=Electricity}]]>
              </value>
            </param>
          </params>
          <reporter-output>
          </reporter-output>
        </test-method> <!-- flowMapperTest -->
        <test-method status="PASS" signature="result(org.testng.ITestResult)[pri:0, instance:tests.FlowMapper@53b32d7]" name="result" is-config="true" duration-ms="485" started-at="2019-09-04T18:25:19Z" finished-at="2019-09-04T18:25:19Z">
          <params>
            <param index="0">
              <value>
                <![CDATA[[TestResult name=flowMapperTest status=SUCCESS method=FlowMapper.flowMapperTest(java.util.HashMap)[pri:0, instance:tests.FlowMapper@53b32d7] output={null}]]]>
              </value>
            </param>
          </params>
          <reporter-output>
          </reporter-output>
        </test-method> <!-- result -->
        <test-method status="PASS" signature="flowMapperTest(java.util.HashMap)[pri:0, instance:tests.FlowMapper@53b32d7]" name="flowMapperTest" duration-ms="21680" started-at="2019-09-04T18:25:19Z" data-provider="getData" finished-at="2019-09-04T18:25:41Z">
          <params>
            <param index="0">
              <value>
                <![CDATA[{CONTRACT=BILLPAY, STEP10=, PRIORITY=P0, STEP02=ElectricityTest_019, STEP13=, TCID=FlowMapper_324, STEP03=ElectricityTest_021, STEP11=, STEP01=LoginTest_001, STEP12=, STEP06=, STEP07=, STEP04=LogoutTest_001, STEP05=, RUNMODE=Yes, DESCRIPTION=Verify biller list and pay bill for BESCOM after fetching amount and entering mobile number again, TESTTYPE=Positive, STEP08=, STEP09=, FEATURE=Electricity}]]>
              </value>
            </param>
          </params>
          <reporter-output>
          </reporter-output>
        </test-method> <!-- flowMapperTest -->
        <test-method status="PASS" signature="result(org.testng.ITestResult)[pri:0, instance:tests.FlowMapper@53b32d7]" name="result" is-config="true" duration-ms="505" started-at="2019-09-04T18:25:41Z" finished-at="2019-09-04T18:25:41Z">
          <params>
            <param index="0">
              <value>
                <![CDATA[[TestResult name=flowMapperTest status=SUCCESS method=FlowMapper.flowMapperTest(java.util.HashMap)[pri:0, instance:tests.FlowMapper@53b32d7] output={null}]]]>
              </value>
            </param>
          </params>
          <reporter-output>
          </reporter-output>
        </test-method> <!-- result -->
        <test-method status="PASS" signature="flowMapperTest(java.util.HashMap)[pri:0, instance:tests.FlowMapper@53b32d7]" name="flowMapperTest" duration-ms="16790" started-at="2019-09-04T18:25:41Z" data-provider="getData" finished-at="2019-09-04T18:25:58Z">
          <params>
            <param index="0">
              <value>
                <![CDATA[{CONTRACT=BILLPAY, STEP10=, PRIORITY=P0, STEP02=ElectricityTest_024, STEP13=, TCID=FlowMapper_327, STEP03=LogoutTest_001, STEP11=, STEP01=LoginTest_001, STEP12=, STEP06=, STEP07=, STEP04=, STEP05=, RUNMODE=Yes, DESCRIPTION=Pending transaction for BESCOM, TESTTYPE=Positive, STEP08=, STEP09=, FEATURE=Electricity}]]>
              </value>
            </param>
          </params>
          <reporter-output>
          </reporter-output>
        </test-method> <!-- flowMapperTest -->
        <test-method status="PASS" signature="result(org.testng.ITestResult)[pri:0, instance:tests.FlowMapper@53b32d7]" name="result" is-config="true" duration-ms="500" started-at="2019-09-04T18:25:58Z" finished-at="2019-09-04T18:25:59Z">
          <params>
            <param index="0">
              <value>
                <![CDATA[[TestResult name=flowMapperTest status=SUCCESS method=FlowMapper.flowMapperTest(java.util.HashMap)[pri:0, instance:tests.FlowMapper@53b32d7] output={null}]]]>
              </value>
            </param>
          </params>
          <reporter-output>
          </reporter-output>
        </test-method> <!-- result -->
        <test-method status="PASS" signature="flowMapperTest(java.util.HashMap)[pri:0, instance:tests.FlowMapper@53b32d7]" name="flowMapperTest" duration-ms="15573" started-at="2019-09-04T18:25:59Z" data-provider="getData" finished-at="2019-09-04T18:26:14Z">
          <params>
            <param index="0">
              <value>
                <![CDATA[{CONTRACT=BILLPAY, STEP10=, PRIORITY=P0, STEP02=ElectricityTest_026, STEP13=, TCID=FlowMapper_329, STEP03=LogoutTest_001, STEP11=, STEP01=LoginTest_001, STEP12=, STEP06=, STEP07=, STEP04=, STEP05=, RUNMODE=Yes, DESCRIPTION=Invalid MPIN and Exit, TESTTYPE=Positive, STEP08=, STEP09=, FEATURE=Electricity}]]>
              </value>
            </param>
          </params>
          <reporter-output>
          </reporter-output>
        </test-method> <!-- flowMapperTest -->
        <test-method status="PASS" signature="result(org.testng.ITestResult)[pri:0, instance:tests.FlowMapper@53b32d7]" name="result" is-config="true" duration-ms="549" started-at="2019-09-04T18:26:14Z" finished-at="2019-09-04T18:26:15Z">
          <params>
            <param index="0">
              <value>
                <![CDATA[[TestResult name=flowMapperTest status=SUCCESS method=FlowMapper.flowMapperTest(java.util.HashMap)[pri:0, instance:tests.FlowMapper@53b32d7] output={null}]]]>
              </value>
            </param>
          </params>
          <reporter-output>
          </reporter-output>
        </test-method> <!-- result -->
        <test-method status="PASS" signature="flowMapperTest(java.util.HashMap)[pri:0, instance:tests.FlowMapper@53b32d7]" name="flowMapperTest" duration-ms="17566" started-at="2019-09-04T18:26:15Z" data-provider="getData" finished-at="2019-09-04T18:26:32Z">
          <params>
            <param index="0">
              <value>
                <![CDATA[{CONTRACT=BILLPAY, STEP10=, PRIORITY=P0, STEP02=ElectricityTest_028, STEP13=, TCID=FlowMapper_331, STEP03=LogoutTest_001, STEP11=, STEP01=LoginTest_001, STEP12=, STEP06=, STEP07=, STEP04=, STEP05=, RUNMODE=Yes, DESCRIPTION=Verify SMS for success transaction, TESTTYPE=Positive, STEP08=, STEP09=, FEATURE=Electricity}]]>
              </value>
            </param>
          </params>
          <reporter-output>
          </reporter-output>
        </test-method> <!-- flowMapperTest -->
        <test-method status="PASS" signature="result(org.testng.ITestResult)[pri:0, instance:tests.FlowMapper@53b32d7]" name="result" is-config="true" duration-ms="497" started-at="2019-09-04T18:26:32Z" finished-at="2019-09-04T18:26:33Z">
          <params>
            <param index="0">
              <value>
                <![CDATA[[TestResult name=flowMapperTest status=SUCCESS method=FlowMapper.flowMapperTest(java.util.HashMap)[pri:0, instance:tests.FlowMapper@53b32d7] output={null}]]]>
              </value>
            </param>
          </params>
          <reporter-output>
          </reporter-output>
        </test-method> <!-- result -->
        <test-method status="PASS" signature="killDriver()[pri:0, instance:tests.FlowMapper@53b32d7]" name="killDriver" is-config="true" duration-ms="653" started-at="2019-09-04T18:26:33Z" finished-at="2019-09-04T18:26:33Z">
          <reporter-output>
            <line>
              <![CDATA[Shutdown the Web Application]]>
            </line>
          </reporter-output>
        </test-method> <!-- killDriver -->
      </class> <!-- tests.FlowMapper -->
    </test> <!-- Default test -->
  </suite> <!-- Default suite -->
</testng-results>
