<?xml version="1.0" encoding="UTF-8"?>
<testng-results ignored="0" total="2" passed="2" failed="0" skipped="0">
  <reporter-output>
  </reporter-output>
  <suite started-at="2021-04-03T23:41:52 IST" name="Default suite" finished-at="2021-04-03T23:43:23 IST" duration-ms="90955">
    <groups>
    </groups>
    <test started-at="2021-04-03T23:41:52 IST" name="Default test" finished-at="2021-04-03T23:43:23 IST" duration-ms="90955">
      <class name="tests.FlowMapper">
        <test-method is-config="true" signature="generateIniFile()[pri:0, instance:tests.FlowMapper@4d154ccd]" started-at="2021-04-03T23:41:52 IST" name="generateIniFile" finished-at="2021-04-03T23:41:52 IST" duration-ms="36" status="PASS">
          <reporter-output>
          </reporter-output>
        </test-method> <!-- generateIniFile -->
        <test-method signature="flowMapperTest(java.util.HashMap)[pri:0, instance:tests.FlowMapper@4d154ccd]" started-at="2021-04-03T23:41:56 IST" name="flowMapperTest" data-provider="getData" finished-at="2021-04-03T23:41:59 IST" duration-ms="3263" status="PASS">
          <params>
            <param index="0">
              <value>
                <![CDATA[{CONTRACT=-, STEP10=, PRIORITY=P, STEP02=, STEP13=, TCID=FlowMapper_000, STEP03=, STEP11=, STEP01=EnvTest_QA1, STEP12=, STEP06=, FCM=-, STEP07=, STEP04=, STEP05=, RUNMODE=Yes, WALLET=-, DESCRIPTION=Set environment to run test cases, TESTTYPE=no-check, STEP08=, STEP09=, FEATURE=-}]]>
              </value>
            </param>
          </params>
          <reporter-output>
          </reporter-output>
        </test-method> <!-- flowMapperTest -->
        <test-method is-config="true" signature="result(org.testng.ITestResult)[pri:0, instance:tests.FlowMapper@4d154ccd]" started-at="2021-04-03T23:41:59 IST" name="result" finished-at="2021-04-03T23:42:00 IST" duration-ms="417" status="PASS">
          <params>
            <param index="0">
              <value>
                <![CDATA[[TestResult name=flowMapperTest status=SUCCESS method=FlowMapper.flowMapperTest(java.util.HashMap)[pri:0, instance:tests.FlowMapper@4d154ccd] output={null}]]]>
              </value>
            </param>
          </params>
          <reporter-output>
          </reporter-output>
        </test-method> <!-- result -->
        <test-method signature="flowMapperTest(java.util.HashMap)[pri:0, instance:tests.FlowMapper@4d154ccd]" started-at="2021-04-03T23:42:00 IST" name="flowMapperTest" data-provider="getData" finished-at="2021-04-03T23:43:21 IST" duration-ms="81170" status="PASS">
          <params>
            <param index="0">
              <value>
                <![CDATA[{CONTRACT=WALLET, STEP10=, PRIORITY=P0, STEP02=SelfLoadRequestTest_001, STEP13=, TCID=FlowMapper_636, STEP03=FOPLoginTest_001, STEP11=, STEP01=LoginTest_001, STEP12=, STEP06=LogoutTest_001, FCM=, STEP07=, STEP04=FOPWalletLoadTest_010, STEP05=SelfLoadRequestTest_014, RUNMODE=Yes, WALLET=Main, DESCRIPTION=Reject Self Load Request for Axis Bank: CDM, TESTTYPE=Positive, STEP08=, STEP09=, FEATURE=FinOps Portal}]]>
              </value>
            </param>
          </params>
          <reporter-output>
          </reporter-output>
        </test-method> <!-- flowMapperTest -->
        <test-method is-config="true" signature="result(org.testng.ITestResult)[pri:0, instance:tests.FlowMapper@4d154ccd]" started-at="2021-04-03T23:43:21 IST" name="result" finished-at="2021-04-03T23:43:22 IST" duration-ms="1525" status="PASS">
          <params>
            <param index="0">
              <value>
                <![CDATA[[TestResult name=flowMapperTest status=SUCCESS method=FlowMapper.flowMapperTest(java.util.HashMap)[pri:0, instance:tests.FlowMapper@4d154ccd] output={null}]]]>
              </value>
            </param>
          </params>
          <reporter-output>
          </reporter-output>
        </test-method> <!-- result -->
        <test-method is-config="true" signature="killDriver()[pri:0, instance:tests.FlowMapper@4d154ccd]" started-at="2021-04-03T23:43:22 IST" name="killDriver" finished-at="2021-04-03T23:43:23 IST" duration-ms="868" status="PASS">
          <reporter-output>
          </reporter-output>
        </test-method> <!-- killDriver -->
      </class> <!-- tests.FlowMapper -->
    </test> <!-- Default test -->
  </suite> <!-- Default suite -->
</testng-results>
