<?xml version="1.0" encoding="UTF-8"?>
<testng-results skipped="0" failed="0" total="2" passed="2">
  <reporter-output>
    <line>
      <![CDATA[Shutdown the Web Application]]>
    </line>
  </reporter-output>
  <suite name="Default suite" duration-ms="53596" started-at="2019-10-05T20:18:35Z" finished-at="2019-10-05T20:19:29Z">
    <groups>
    </groups>
    <test name="Default test" duration-ms="53596" started-at="2019-10-05T20:18:35Z" finished-at="2019-10-05T20:19:29Z">
      <class name="tests.FlowMapper">
        <test-method status="PASS" signature="generateIniFile()[pri:0, instance:tests.FlowMapper@3d51f06e]" name="generateIniFile" is-config="true" duration-ms="30" started-at="2019-10-06T01:48:35Z" finished-at="2019-10-06T01:48:35Z">
          <reporter-output>
          </reporter-output>
        </test-method> <!-- generateIniFile -->
        <test-method status="PASS" signature="flowMapperTest(java.util.HashMap)[pri:0, instance:tests.FlowMapper@3d51f06e]" name="flowMapperTest" duration-ms="2911" started-at="2019-10-06T01:48:37Z" data-provider="getData" finished-at="2019-10-06T01:48:40Z">
          <params>
            <param index="0">
              <value>
                <![CDATA[{CONTRACT=-, STEP10=, PRIORITY=P, STEP02=, STEP13=, TCID=FlowMapper_000, STEP03=, STEP11=, STEP01=EnvTest_QA2, STEP12=, STEP06=, STEP07=, STEP04=, STEP05=, RUNMODE=Yes, WALLET=-, DESCRIPTION=Set environment to run test cases, TESTTYPE=no-check, STEP08=, STEP09=, FEATURE=-}]]>
              </value>
            </param>
          </params>
          <reporter-output>
          </reporter-output>
        </test-method> <!-- flowMapperTest -->
        <test-method status="PASS" signature="result(org.testng.ITestResult)[pri:0, instance:tests.FlowMapper@3d51f06e]" name="result" is-config="true" duration-ms="303" started-at="2019-10-06T01:48:40Z" finished-at="2019-10-06T01:48:40Z">
          <params>
            <param index="0">
              <value>
                <![CDATA[[TestResult name=flowMapperTest status=SUCCESS method=FlowMapper.flowMapperTest(java.util.HashMap)[pri:0, instance:tests.FlowMapper@3d51f06e] output={null}]]]>
              </value>
            </param>
          </params>
          <reporter-output>
          </reporter-output>
        </test-method> <!-- result -->
        <test-method status="PASS" signature="flowMapperTest(java.util.HashMap)[pri:0, instance:tests.FlowMapper@3d51f06e]" name="flowMapperTest" duration-ms="46542" started-at="2019-10-06T01:48:40Z" data-provider="getData" finished-at="2019-10-06T01:49:27Z">
          <params>
            <param index="0">
              <value>
                <![CDATA[{CONTRACT=RBL, STEP10=, PRIORITY=a, STEP02=RBLBankingTest_065, STEP13=, TCID=FlowMapper_127, STEP03=LogoutTest_001, STEP11=, STEP01=LoginTest_001, STEP12=, STEP06=, STEP07=, STEP04=, STEP05=, RUNMODE=Yes, WALLET=-, DESCRIPTION=Withdrawal - Success transaction (? 100) - VID, TESTTYPE=Positive, STEP08=, STEP09=, FEATURE=Banking}]]>
              </value>
            </param>
          </params>
          <reporter-output>
          </reporter-output>
        </test-method> <!-- flowMapperTest -->
        <test-method status="PASS" signature="result(org.testng.ITestResult)[pri:0, instance:tests.FlowMapper@3d51f06e]" name="result" is-config="true" duration-ms="1085" started-at="2019-10-06T01:49:27Z" finished-at="2019-10-06T01:49:28Z">
          <params>
            <param index="0">
              <value>
                <![CDATA[[TestResult name=flowMapperTest status=SUCCESS method=FlowMapper.flowMapperTest(java.util.HashMap)[pri:0, instance:tests.FlowMapper@3d51f06e] output={null}]]]>
              </value>
            </param>
          </params>
          <reporter-output>
          </reporter-output>
        </test-method> <!-- result -->
        <test-method status="PASS" signature="killDriver()[pri:0, instance:tests.FlowMapper@3d51f06e]" name="killDriver" is-config="true" duration-ms="658" started-at="2019-10-06T01:49:28Z" finished-at="2019-10-06T01:49:29Z">
          <reporter-output>
            <line>
              <![CDATA[Shutdown the Web Application]]>
            </line>
          </reporter-output>
        </test-method> <!-- killDriver -->
      </class> <!-- tests.FlowMapper -->
    </test> <!-- Default test -->
  </suite> <!-- Default suite -->
</testng-results>
