<?xml version="1.0" encoding="UTF-8"?>
<testng-results ignored="0" total="2" passed="2" failed="0" skipped="0">
  <reporter-output>
  </reporter-output>
  <suite started-at="2021-04-02T20:53:34 IST" name="Default suite" finished-at="2021-04-02T20:55:12 IST" duration-ms="97447">
    <groups>
    </groups>
    <test started-at="2021-04-02T20:53:34 IST" name="Default test" finished-at="2021-04-02T20:55:12 IST" duration-ms="97447">
      <class name="tests.FlowMapper">
        <test-method is-config="true" signature="generateIniFile()[pri:0, instance:tests.FlowMapper@229c6181]" started-at="2021-04-02T20:53:34 IST" name="generateIniFile" finished-at="2021-04-02T20:53:34 IST" duration-ms="53" status="PASS">
          <reporter-output>
          </reporter-output>
        </test-method> <!-- generateIniFile -->
        <test-method signature="flowMapperTest(java.util.HashMap)[pri:0, instance:tests.FlowMapper@229c6181]" started-at="2021-04-02T20:53:38 IST" name="flowMapperTest" data-provider="getData" finished-at="2021-04-02T20:53:40 IST" duration-ms="2698" status="PASS">
          <params>
            <param index="0">
              <value>
                <![CDATA[{CONTRACT=-, STEP10=, PRIORITY=P, STEP02=, STEP13=, TCID=FlowMapper_000, STEP03=, STEP11=, STEP01=EnvTest_QA1, STEP12=, STEP06=, FCM=-, STEP07=, STEP04=, STEP05=, RUNMODE=Yes, WALLET=-, DESCRIPTION=Set environment to run test cases, TESTTYPE=no-check, STEP08=, STEP09=, FEATURE=-}]]>
              </value>
            </param>
          </params>
          <reporter-output>
          </reporter-output>
        </test-method> <!-- flowMapperTest -->
        <test-method is-config="true" signature="result(org.testng.ITestResult)[pri:0, instance:tests.FlowMapper@229c6181]" started-at="2021-04-02T20:53:40 IST" name="result" finished-at="2021-04-02T20:53:41 IST" duration-ms="344" status="PASS">
          <params>
            <param index="0">
              <value>
                <![CDATA[[TestResult name=flowMapperTest status=SUCCESS method=FlowMapper.flowMapperTest(java.util.HashMap)[pri:0, instance:tests.FlowMapper@229c6181] output={null}]]]>
              </value>
            </param>
          </params>
          <reporter-output>
          </reporter-output>
        </test-method> <!-- result -->
        <test-method signature="flowMapperTest(java.util.HashMap)[pri:0, instance:tests.FlowMapper@229c6181]" started-at="2021-04-02T20:53:41 IST" name="flowMapperTest" data-provider="getData" finished-at="2021-04-02T20:55:09 IST" duration-ms="88351" status="PASS">
          <params>
            <param index="0">
              <value>
                <![CDATA[{CONTRACT=ALL, STEP10=, PRIORITY=P0, STEP02=LoginTest_004, STEP13=, TCID=FlowMapper_015, STEP03=LogoutTest_001, STEP11=, STEP01=LoginTest_003, STEP12=, STEP06=, FCM=Positive, STEP07=, STEP04=, STEP05=, RUNMODE=Yes, WALLET=-, DESCRIPTION=Login with changed MPIN, TESTTYPE=Positive, STEP08=, STEP09=, FEATURE=Forgot MPIN}]]>
              </value>
            </param>
          </params>
          <reporter-output>
          </reporter-output>
        </test-method> <!-- flowMapperTest -->
        <test-method is-config="true" signature="result(org.testng.ITestResult)[pri:0, instance:tests.FlowMapper@229c6181]" started-at="2021-04-02T20:55:09 IST" name="result" finished-at="2021-04-02T20:55:11 IST" duration-ms="1711" status="PASS">
          <params>
            <param index="0">
              <value>
                <![CDATA[[TestResult name=flowMapperTest status=SUCCESS method=FlowMapper.flowMapperTest(java.util.HashMap)[pri:0, instance:tests.FlowMapper@229c6181] output={null}]]]>
              </value>
            </param>
          </params>
          <reporter-output>
          </reporter-output>
        </test-method> <!-- result -->
        <test-method is-config="true" signature="killDriver()[pri:0, instance:tests.FlowMapper@229c6181]" started-at="2021-04-02T20:55:11 IST" name="killDriver" finished-at="2021-04-02T20:55:12 IST" duration-ms="887" status="PASS">
          <reporter-output>
          </reporter-output>
        </test-method> <!-- killDriver -->
      </class> <!-- tests.FlowMapper -->
    </test> <!-- Default test -->
  </suite> <!-- Default suite -->
</testng-results>
