<?xml version="1.0" encoding="UTF-8"?>
<testng-results ignored="0" total="8" passed="8" failed="0" skipped="0">
  <reporter-output>
  </reporter-output>
  <suite started-at="2021-01-03T00:44:22 IST" name="Default suite" finished-at="2021-01-03T00:46:06 IST" duration-ms="104379">
    <groups>
    </groups>
    <test started-at="2021-01-03T00:44:22 IST" name="Default test" finished-at="2021-01-03T00:46:06 IST" duration-ms="104379">
      <class name="tests.FlowMapper">
        <test-method is-config="true" signature="generateIniFile()[pri:0, instance:tests.FlowMapper@505fc5a4]" started-at="2021-01-03T00:44:22 IST" name="generateIniFile" finished-at="2021-01-03T00:44:22 IST" duration-ms="26" status="PASS">
          <reporter-output>
          </reporter-output>
        </test-method> <!-- generateIniFile -->
        <test-method signature="flowMapperTest(java.util.HashMap)[pri:0, instance:tests.FlowMapper@505fc5a4]" started-at="2021-01-03T00:44:24 IST" name="flowMapperTest" data-provider="getData" finished-at="2021-01-03T00:44:26 IST" duration-ms="1778" status="PASS">
          <params>
            <param index="0">
              <value>
                <![CDATA[{CONTRACT=-, STEP10=, PRIORITY=P, STEP02=, STEP13=, TCID=FlowMapper_000, STEP03=, STEP11=, STEP01=EnvTest_DEV1, STEP12=, STEP06=, FCM=-, STEP07=, STEP04=, STEP05=, RUNMODE=Yes, WALLET=-, DESCRIPTION=Set environment to run test cases, TESTTYPE=no-check, STEP08=, STEP09=, FEATURE=-}]]>
              </value>
            </param>
          </params>
          <reporter-output>
          </reporter-output>
        </test-method> <!-- flowMapperTest -->
        <test-method is-config="true" signature="result(org.testng.ITestResult)[pri:0, instance:tests.FlowMapper@505fc5a4]" started-at="2021-01-03T00:44:26 IST" name="result" finished-at="2021-01-03T00:44:26 IST" duration-ms="232" status="PASS">
          <params>
            <param index="0">
              <value>
                <![CDATA[[TestResult name=flowMapperTest status=SUCCESS method=FlowMapper.flowMapperTest(java.util.HashMap)[pri:0, instance:tests.FlowMapper@505fc5a4] output={null}]]]>
              </value>
            </param>
          </params>
          <reporter-output>
          </reporter-output>
        </test-method> <!-- result -->
        <test-method signature="flowMapperTest(java.util.HashMap)[pri:0, instance:tests.FlowMapper@505fc5a4]" started-at="2021-01-03T00:44:26 IST" name="flowMapperTest" data-provider="getData" finished-at="2021-01-03T00:44:46 IST" duration-ms="20104" status="PASS">
          <params>
            <param index="0">
              <value>
                <![CDATA[{CONTRACT=Indusind, STEP10=, PRIORITY=P3, STEP02=IndusindBankingTest_071, STEP13=, TCID=FlowMapper_720, STEP03=LogoutTest_001, STEP11=, STEP01=LoginTest_001, STEP12=, STEP06=, FCM=, STEP07=, STEP04=, STEP05=, RUNMODE=Yes, WALLET=-, DESCRIPTION=Mini Statement - Mobile Number blank, TESTTYPE=Negative, STEP08=, STEP09=, FEATURE=Banking}]]>
              </value>
            </param>
          </params>
          <reporter-output>
          </reporter-output>
        </test-method> <!-- flowMapperTest -->
        <test-method is-config="true" signature="result(org.testng.ITestResult)[pri:0, instance:tests.FlowMapper@505fc5a4]" started-at="2021-01-03T00:44:46 IST" name="result" finished-at="2021-01-03T00:44:47 IST" duration-ms="1038" status="PASS">
          <params>
            <param index="0">
              <value>
                <![CDATA[[TestResult name=flowMapperTest status=SUCCESS method=FlowMapper.flowMapperTest(java.util.HashMap)[pri:0, instance:tests.FlowMapper@505fc5a4] output={null}]]]>
              </value>
            </param>
          </params>
          <reporter-output>
          </reporter-output>
        </test-method> <!-- result -->
        <test-method signature="flowMapperTest(java.util.HashMap)[pri:0, instance:tests.FlowMapper@505fc5a4]" started-at="2021-01-03T00:44:47 IST" name="flowMapperTest" data-provider="getData" finished-at="2021-01-03T00:44:58 IST" duration-ms="11000" status="PASS">
          <params>
            <param index="0">
              <value>
                <![CDATA[{CONTRACT=Indusind, STEP10=, PRIORITY=P3, STEP02=IndusindBankingTest_072, STEP13=, TCID=FlowMapper_721, STEP03=LogoutTest_001, STEP11=, STEP01=LoginTest_001, STEP12=, STEP06=, FCM=, STEP07=, STEP04=, STEP05=, RUNMODE=Yes, WALLET=-, DESCRIPTION=Mini Statement - Mobile Number less than 10 digits, TESTTYPE=Negative, STEP08=, STEP09=, FEATURE=Banking}]]>
              </value>
            </param>
          </params>
          <reporter-output>
          </reporter-output>
        </test-method> <!-- flowMapperTest -->
        <test-method is-config="true" signature="result(org.testng.ITestResult)[pri:0, instance:tests.FlowMapper@505fc5a4]" started-at="2021-01-03T00:44:58 IST" name="result" finished-at="2021-01-03T00:44:59 IST" duration-ms="1030" status="PASS">
          <params>
            <param index="0">
              <value>
                <![CDATA[[TestResult name=flowMapperTest status=SUCCESS method=FlowMapper.flowMapperTest(java.util.HashMap)[pri:0, instance:tests.FlowMapper@505fc5a4] output={null}]]]>
              </value>
            </param>
          </params>
          <reporter-output>
          </reporter-output>
        </test-method> <!-- result -->
        <test-method signature="flowMapperTest(java.util.HashMap)[pri:0, instance:tests.FlowMapper@505fc5a4]" started-at="2021-01-03T00:44:59 IST" name="flowMapperTest" data-provider="getData" finished-at="2021-01-03T00:45:10 IST" duration-ms="10500" status="PASS">
          <params>
            <param index="0">
              <value>
                <![CDATA[{CONTRACT=Indusind, STEP10=, PRIORITY=P3, STEP02=IndusindBankingTest_073, STEP13=, TCID=FlowMapper_722, STEP03=LogoutTest_001, STEP11=, STEP01=LoginTest_001, STEP12=, STEP06=, FCM=, STEP07=, STEP04=, STEP05=, RUNMODE=Yes, WALLET=-, DESCRIPTION=Mini Statement - Mobile Number invalid, TESTTYPE=Negative, STEP08=, STEP09=, FEATURE=Banking}]]>
              </value>
            </param>
          </params>
          <reporter-output>
          </reporter-output>
        </test-method> <!-- flowMapperTest -->
        <test-method is-config="true" signature="result(org.testng.ITestResult)[pri:0, instance:tests.FlowMapper@505fc5a4]" started-at="2021-01-03T00:45:10 IST" name="result" finished-at="2021-01-03T00:45:11 IST" duration-ms="1008" status="PASS">
          <params>
            <param index="0">
              <value>
                <![CDATA[[TestResult name=flowMapperTest status=SUCCESS method=FlowMapper.flowMapperTest(java.util.HashMap)[pri:0, instance:tests.FlowMapper@505fc5a4] output={null}]]]>
              </value>
            </param>
          </params>
          <reporter-output>
          </reporter-output>
        </test-method> <!-- result -->
        <test-method signature="flowMapperTest(java.util.HashMap)[pri:0, instance:tests.FlowMapper@505fc5a4]" started-at="2021-01-03T00:45:11 IST" name="flowMapperTest" data-provider="getData" finished-at="2021-01-03T00:45:21 IST" duration-ms="10466" status="PASS">
          <params>
            <param index="0">
              <value>
                <![CDATA[{CONTRACT=Indusind, STEP10=, PRIORITY=P3, STEP02=IndusindBankingTest_074, STEP13=, TCID=FlowMapper_723, STEP03=LogoutTest_001, STEP11=, STEP01=LoginTest_001, STEP12=, STEP06=, FCM=, STEP07=, STEP04=, STEP05=, RUNMODE=Yes, WALLET=-, DESCRIPTION=Mini Statement - Aadhaar Number blank, TESTTYPE=Negative, STEP08=, STEP09=, FEATURE=Banking}]]>
              </value>
            </param>
          </params>
          <reporter-output>
          </reporter-output>
        </test-method> <!-- flowMapperTest -->
        <test-method is-config="true" signature="result(org.testng.ITestResult)[pri:0, instance:tests.FlowMapper@505fc5a4]" started-at="2021-01-03T00:45:21 IST" name="result" finished-at="2021-01-03T00:45:22 IST" duration-ms="1020" status="PASS">
          <params>
            <param index="0">
              <value>
                <![CDATA[[TestResult name=flowMapperTest status=SUCCESS method=FlowMapper.flowMapperTest(java.util.HashMap)[pri:0, instance:tests.FlowMapper@505fc5a4] output={null}]]]>
              </value>
            </param>
          </params>
          <reporter-output>
          </reporter-output>
        </test-method> <!-- result -->
        <test-method signature="flowMapperTest(java.util.HashMap)[pri:0, instance:tests.FlowMapper@505fc5a4]" started-at="2021-01-03T00:45:22 IST" name="flowMapperTest" data-provider="getData" finished-at="2021-01-03T00:45:33 IST" duration-ms="10549" status="PASS">
          <params>
            <param index="0">
              <value>
                <![CDATA[{CONTRACT=Indusind, STEP10=, PRIORITY=P3, STEP02=IndusindBankingTest_075, STEP13=, TCID=FlowMapper_724, STEP03=LogoutTest_001, STEP11=, STEP01=LoginTest_001, STEP12=, STEP06=, FCM=, STEP07=, STEP04=, STEP05=, RUNMODE=Yes, WALLET=-, DESCRIPTION=Mini Statement - Aadhaar Number less than 10 digits, TESTTYPE=Negative, STEP08=, STEP09=, FEATURE=Banking}]]>
              </value>
            </param>
          </params>
          <reporter-output>
          </reporter-output>
        </test-method> <!-- flowMapperTest -->
        <test-method is-config="true" signature="result(org.testng.ITestResult)[pri:0, instance:tests.FlowMapper@505fc5a4]" started-at="2021-01-03T00:45:33 IST" name="result" finished-at="2021-01-03T00:45:34 IST" duration-ms="1031" status="PASS">
          <params>
            <param index="0">
              <value>
                <![CDATA[[TestResult name=flowMapperTest status=SUCCESS method=FlowMapper.flowMapperTest(java.util.HashMap)[pri:0, instance:tests.FlowMapper@505fc5a4] output={null}]]]>
              </value>
            </param>
          </params>
          <reporter-output>
          </reporter-output>
        </test-method> <!-- result -->
        <test-method signature="flowMapperTest(java.util.HashMap)[pri:0, instance:tests.FlowMapper@505fc5a4]" started-at="2021-01-03T00:45:34 IST" name="flowMapperTest" data-provider="getData" finished-at="2021-01-03T00:45:44 IST" duration-ms="10281" status="PASS">
          <params>
            <param index="0">
              <value>
                <![CDATA[{CONTRACT=Indusind, STEP10=, PRIORITY=P3, STEP02=IndusindBankingTest_076, STEP13=, TCID=FlowMapper_725, STEP03=LogoutTest_001, STEP11=, STEP01=LoginTest_001, STEP12=, STEP06=, FCM=, STEP07=, STEP04=, STEP05=, RUNMODE=Yes, WALLET=-, DESCRIPTION=Mini Statement - Aadhaar Number invalid, TESTTYPE=Negative, STEP08=, STEP09=, FEATURE=Banking}]]>
              </value>
            </param>
          </params>
          <reporter-output>
          </reporter-output>
        </test-method> <!-- flowMapperTest -->
        <test-method is-config="true" signature="result(org.testng.ITestResult)[pri:0, instance:tests.FlowMapper@505fc5a4]" started-at="2021-01-03T00:45:44 IST" name="result" finished-at="2021-01-03T00:45:45 IST" duration-ms="1004" status="PASS">
          <params>
            <param index="0">
              <value>
                <![CDATA[[TestResult name=flowMapperTest status=SUCCESS method=FlowMapper.flowMapperTest(java.util.HashMap)[pri:0, instance:tests.FlowMapper@505fc5a4] output={null}]]]>
              </value>
            </param>
          </params>
          <reporter-output>
          </reporter-output>
        </test-method> <!-- result -->
        <test-method signature="flowMapperTest(java.util.HashMap)[pri:0, instance:tests.FlowMapper@505fc5a4]" started-at="2021-01-03T00:45:45 IST" name="flowMapperTest" data-provider="getData" finished-at="2021-01-03T00:46:04 IST" duration-ms="19233" status="PASS">
          <params>
            <param index="0">
              <value>
                <![CDATA[{CONTRACT=Indusind, STEP10=, PRIORITY=P3, STEP02=IndusindBankingTest_077, STEP13=, TCID=FlowMapper_726, STEP03=LogoutTest_001, STEP11=, STEP01=LoginTest_001, STEP12=, STEP06=, FCM=, STEP07=, STEP04=, STEP05=, RUNMODE=Yes, WALLET=-, DESCRIPTION=Mini Statement - Clear the entered details, TESTTYPE=Negative, STEP08=, STEP09=, FEATURE=Banking}]]>
              </value>
            </param>
          </params>
          <reporter-output>
          </reporter-output>
        </test-method> <!-- flowMapperTest -->
        <test-method is-config="true" signature="result(org.testng.ITestResult)[pri:0, instance:tests.FlowMapper@505fc5a4]" started-at="2021-01-03T00:46:04 IST" name="result" finished-at="2021-01-03T00:46:05 IST" duration-ms="1010" status="PASS">
          <params>
            <param index="0">
              <value>
                <![CDATA[[TestResult name=flowMapperTest status=SUCCESS method=FlowMapper.flowMapperTest(java.util.HashMap)[pri:0, instance:tests.FlowMapper@505fc5a4] output={null}]]]>
              </value>
            </param>
          </params>
          <reporter-output>
          </reporter-output>
        </test-method> <!-- result -->
        <test-method is-config="true" signature="killDriver()[pri:0, instance:tests.FlowMapper@505fc5a4]" started-at="2021-01-03T00:46:05 IST" name="killDriver" finished-at="2021-01-03T00:46:06 IST" duration-ms="661" status="PASS">
          <reporter-output>
          </reporter-output>
        </test-method> <!-- killDriver -->
      </class> <!-- tests.FlowMapper -->
    </test> <!-- Default test -->
  </suite> <!-- Default suite -->
</testng-results>
