<?xml version="1.0" encoding="UTF-8"?>
<testng-results ignored="0" total="2" passed="2" failed="0" skipped="0">
  <reporter-output>
  </reporter-output>
  <suite started-at="2020-12-26T16:50:53 IST" name="Default suite" finished-at="2020-12-26T16:51:47 IST" duration-ms="53781">
    <groups>
    </groups>
    <test started-at="2020-12-26T16:50:53 IST" name="Default test" finished-at="2020-12-26T16:51:47 IST" duration-ms="53781">
      <class name="tests.FlowMapper">
        <test-method is-config="true" signature="generateIniFile()[pri:0, instance:tests.FlowMapper@5fbdfdcf]" started-at="2020-12-26T16:50:53 IST" name="generateIniFile" finished-at="2020-12-26T16:50:53 IST" duration-ms="25" status="PASS">
          <reporter-output>
          </reporter-output>
        </test-method> <!-- generateIniFile -->
        <test-method signature="flowMapperTest(java.util.HashMap)[pri:0, instance:tests.FlowMapper@5fbdfdcf]" started-at="2020-12-26T16:50:55 IST" name="flowMapperTest" data-provider="getData" finished-at="2020-12-26T16:50:57 IST" duration-ms="1844" status="PASS">
          <params>
            <param index="0">
              <value>
                <![CDATA[{CONTRACT=-, STEP10=, PRIORITY=P, STEP02=, STEP13=, TCID=FlowMapper_000, STEP03=, STEP11=, STEP01=EnvTest_QA1, STEP12=, STEP06=, FCM=-, STEP07=, STEP04=, STEP05=, RUNMODE=Yes, WALLET=-, DESCRIPTION=Set environment to run test cases, TESTTYPE=no-check, STEP08=, STEP09=, FEATURE=-}]]>
              </value>
            </param>
          </params>
          <reporter-output>
          </reporter-output>
        </test-method> <!-- flowMapperTest -->
        <test-method is-config="true" signature="result(org.testng.ITestResult)[pri:0, instance:tests.FlowMapper@5fbdfdcf]" started-at="2020-12-26T16:50:57 IST" name="result" finished-at="2020-12-26T16:50:58 IST" duration-ms="236" status="PASS">
          <params>
            <param index="0">
              <value>
                <![CDATA[[TestResult name=flowMapperTest status=SUCCESS method=FlowMapper.flowMapperTest(java.util.HashMap)[pri:0, instance:tests.FlowMapper@5fbdfdcf] output={null}]]]>
              </value>
            </param>
          </params>
          <reporter-output>
          </reporter-output>
        </test-method> <!-- result -->
        <test-method signature="flowMapperTest(java.util.HashMap)[pri:0, instance:tests.FlowMapper@5fbdfdcf]" started-at="2020-12-26T16:50:58 IST" name="flowMapperTest" data-provider="getData" finished-at="2020-12-26T16:51:44 IST" duration-ms="46682" status="PASS">
          <params>
            <param index="0">
              <value>
                <![CDATA[{CONTRACT=WALLET, STEP10=, PRIORITY=P0, STEP02=SettlementTest_001, STEP13=, TCID=FlowMapper_584, STEP03=LogoutTest_001, STEP11=, STEP01=LoginTest_001, STEP12=, STEP06=, FCM=Positive, STEP07=, STEP04=, STEP05=, RUNMODE=Yes, WALLET=Main, DESCRIPTION=RBL | IMPS | Cashout Settlement to Bank: Success, TESTTYPE=Positive, STEP08=, STEP09=, FEATURE=Settlement}]]>
              </value>
            </param>
          </params>
          <reporter-output>
          </reporter-output>
        </test-method> <!-- flowMapperTest -->
        <test-method is-config="true" signature="result(org.testng.ITestResult)[pri:0, instance:tests.FlowMapper@5fbdfdcf]" started-at="2020-12-26T16:51:44 IST" name="result" finished-at="2020-12-26T16:51:46 IST" duration-ms="1784" status="PASS">
          <params>
            <param index="0">
              <value>
                <![CDATA[[TestResult name=flowMapperTest status=SUCCESS method=FlowMapper.flowMapperTest(java.util.HashMap)[pri:0, instance:tests.FlowMapper@5fbdfdcf] output={null}]]]>
              </value>
            </param>
          </params>
          <reporter-output>
          </reporter-output>
        </test-method> <!-- result -->
        <test-method is-config="true" signature="killDriver()[pri:0, instance:tests.FlowMapper@5fbdfdcf]" started-at="2020-12-26T16:51:46 IST" name="killDriver" finished-at="2020-12-26T16:51:47 IST" duration-ms="623" status="PASS">
          <reporter-output>
          </reporter-output>
        </test-method> <!-- killDriver -->
      </class> <!-- tests.FlowMapper -->
    </test> <!-- Default test -->
  </suite> <!-- Default suite -->
</testng-results>
