<?xml version="1.0" encoding="UTF-8"?>
<testng-results ignored="0" total="2" passed="2" failed="0" skipped="0">
  <reporter-output>
  </reporter-output>
  <suite started-at="2020-12-26T15:24:29 IST" name="Default suite" finished-at="2020-12-26T15:26:06 IST" duration-ms="97481">
    <groups>
    </groups>
    <test started-at="2020-12-26T15:24:29 IST" name="Default test" finished-at="2020-12-26T15:26:06 IST" duration-ms="97481">
      <class name="tests.FlowMapper">
        <test-method is-config="true" signature="generateIniFile()[pri:0, instance:tests.FlowMapper@505fc5a4]" started-at="2020-12-26T15:24:29 IST" name="generateIniFile" finished-at="2020-12-26T15:24:29 IST" duration-ms="26" status="PASS">
          <reporter-output>
          </reporter-output>
        </test-method> <!-- generateIniFile -->
        <test-method signature="flowMapperTest(java.util.HashMap)[pri:0, instance:tests.FlowMapper@505fc5a4]" started-at="2020-12-26T15:24:31 IST" name="flowMapperTest" data-provider="getData" finished-at="2020-12-26T15:24:33 IST" duration-ms="1957" status="PASS">
          <params>
            <param index="0">
              <value>
                <![CDATA[{CONTRACT=-, STEP10=, PRIORITY=P, STEP02=, STEP13=, TCID=FlowMapper_000, STEP03=, STEP11=, STEP01=EnvTest_QA1, STEP12=, STEP06=, FCM=-, STEP07=, STEP04=, STEP05=, RUNMODE=Yes, WALLET=-, DESCRIPTION=Set environment to run test cases, TESTTYPE=no-check, STEP08=, STEP09=, FEATURE=-}]]>
              </value>
            </param>
          </params>
          <reporter-output>
          </reporter-output>
        </test-method> <!-- flowMapperTest -->
        <test-method is-config="true" signature="result(org.testng.ITestResult)[pri:0, instance:tests.FlowMapper@505fc5a4]" started-at="2020-12-26T15:24:33 IST" name="result" finished-at="2020-12-26T15:24:33 IST" duration-ms="221" status="PASS">
          <params>
            <param index="0">
              <value>
                <![CDATA[[TestResult name=flowMapperTest status=SUCCESS method=FlowMapper.flowMapperTest(java.util.HashMap)[pri:0, instance:tests.FlowMapper@505fc5a4] output={null}]]]>
              </value>
            </param>
          </params>
          <reporter-output>
          </reporter-output>
        </test-method> <!-- result -->
        <test-method signature="flowMapperTest(java.util.HashMap)[pri:0, instance:tests.FlowMapper@505fc5a4]" started-at="2020-12-26T15:24:33 IST" name="flowMapperTest" data-provider="getData" finished-at="2020-12-26T15:26:04 IST" duration-ms="90250" status="PASS">
          <params>
            <param index="0">
              <value>
                <![CDATA[{CONTRACT=PG-WALLET, STEP10=, PRIORITY=P0, STEP02=LoadMoneyNowTest_007, STEP13=, TCID=FlowMapper_583, STEP03=LMNStatusEnquiryTest_001, STEP11=, STEP01=LoginTest_001, STEP12=, STEP06=, FCM=Positive, STEP07=, STEP04=LogoutTest_001, STEP05=, RUNMODE=Yes, WALLET=Main, DESCRIPTION=Load Money through UPI and status enquiry of success txn, TESTTYPE=Positive, STEP08=, STEP09=, FEATURE=Load Money Now}]]>
              </value>
            </param>
          </params>
          <reporter-output>
          </reporter-output>
        </test-method> <!-- flowMapperTest -->
        <test-method is-config="true" signature="result(org.testng.ITestResult)[pri:0, instance:tests.FlowMapper@505fc5a4]" started-at="2020-12-26T15:26:04 IST" name="result" finished-at="2020-12-26T15:26:05 IST" duration-ms="1733" status="PASS">
          <params>
            <param index="0">
              <value>
                <![CDATA[[TestResult name=flowMapperTest status=SUCCESS method=FlowMapper.flowMapperTest(java.util.HashMap)[pri:0, instance:tests.FlowMapper@505fc5a4] output={null}]]]>
              </value>
            </param>
          </params>
          <reporter-output>
          </reporter-output>
        </test-method> <!-- result -->
        <test-method is-config="true" signature="killDriver()[pri:0, instance:tests.FlowMapper@505fc5a4]" started-at="2020-12-26T15:26:05 IST" name="killDriver" finished-at="2020-12-26T15:26:06 IST" duration-ms="654" status="PASS">
          <reporter-output>
          </reporter-output>
        </test-method> <!-- killDriver -->
      </class> <!-- tests.FlowMapper -->
    </test> <!-- Default test -->
  </suite> <!-- Default suite -->
</testng-results>
