<?xml version="1.0" encoding="UTF-8"?>
<testng-results skipped="0" failed="0" total="2" passed="2">
  <reporter-output>
    <line>
      <![CDATA[Shutdown the Web Application]]>
    </line>
  </reporter-output>
  <suite name="Default suite" duration-ms="55406" started-at="2019-10-12T11:48:17Z" finished-at="2019-10-12T11:49:12Z">
    <groups>
    </groups>
    <test name="Default test" duration-ms="55406" started-at="2019-10-12T11:48:17Z" finished-at="2019-10-12T11:49:12Z">
      <class name="tests.FlowMapper">
        <test-method status="PASS" signature="generateIniFile()[pri:0, instance:tests.FlowMapper@53b32d7]" name="generateIniFile" is-config="true" duration-ms="18" started-at="2019-10-12T17:18:17Z" finished-at="2019-10-12T17:18:17Z">
          <reporter-output>
          </reporter-output>
        </test-method> <!-- generateIniFile -->
        <test-method status="PASS" signature="flowMapperTest(java.util.HashMap)[pri:0, instance:tests.FlowMapper@53b32d7]" name="flowMapperTest" duration-ms="1976" started-at="2019-10-12T17:18:18Z" data-provider="getData" finished-at="2019-10-12T17:18:20Z">
          <params>
            <param index="0">
              <value>
                <![CDATA[{CONTRACT=-, STEP10=, PRIORITY=P, STEP02=, STEP13=, TCID=FlowMapper_000, STEP03=, STEP11=, STEP01=EnvTest_QA2, STEP12=, STEP06=, STEP07=, STEP04=, STEP05=, RUNMODE=Yes, WALLET=-, DESCRIPTION=Set environment to run test cases, TESTTYPE=no-check, STEP08=, STEP09=, FEATURE=-}]]>
              </value>
            </param>
          </params>
          <reporter-output>
          </reporter-output>
        </test-method> <!-- flowMapperTest -->
        <test-method status="PASS" signature="result(org.testng.ITestResult)[pri:0, instance:tests.FlowMapper@53b32d7]" name="result" is-config="true" duration-ms="173" started-at="2019-10-12T17:18:20Z" finished-at="2019-10-12T17:18:20Z">
          <params>
            <param index="0">
              <value>
                <![CDATA[[TestResult name=flowMapperTest status=SUCCESS method=FlowMapper.flowMapperTest(java.util.HashMap)[pri:0, instance:tests.FlowMapper@53b32d7] output={null}]]]>
              </value>
            </param>
          </params>
          <reporter-output>
          </reporter-output>
        </test-method> <!-- result -->
        <test-method status="PASS" signature="flowMapperTest(java.util.HashMap)[pri:0, instance:tests.FlowMapper@53b32d7]" name="flowMapperTest" duration-ms="50209" started-at="2019-10-12T17:18:20Z" data-provider="getData" finished-at="2019-10-12T17:19:10Z">
          <params>
            <param index="0">
              <value>
                <![CDATA[{CONTRACT=BILLPAY, STEP10=, PRIORITY=P1, STEP02=ElectricityTest_006, STEP13=, TCID=FlowMapper_431, STEP03=ElectricityStatusEnquiryTest_005, STEP11=, STEP01=LoginTest_001, STEP12=, STEP06=, STEP07=, STEP04=ElectricityStatusEnquiryTest_006, STEP05=LogoutTest_001, RUNMODE=Yes, WALLET=Main, DESCRIPTION=Refund for a later failed transaction and Status enquiry for refunded transaction, TESTTYPE=Positive, STEP08=, STEP09=, FEATURE=Electricity}]]>
              </value>
            </param>
          </params>
          <reporter-output>
          </reporter-output>
        </test-method> <!-- flowMapperTest -->
        <test-method status="PASS" signature="result(org.testng.ITestResult)[pri:0, instance:tests.FlowMapper@53b32d7]" name="result" is-config="true" duration-ms="1084" started-at="2019-10-12T17:19:10Z" finished-at="2019-10-12T17:19:11Z">
          <params>
            <param index="0">
              <value>
                <![CDATA[[TestResult name=flowMapperTest status=SUCCESS method=FlowMapper.flowMapperTest(java.util.HashMap)[pri:0, instance:tests.FlowMapper@53b32d7] output={null}]]]>
              </value>
            </param>
          </params>
          <reporter-output>
          </reporter-output>
        </test-method> <!-- result -->
        <test-method status="PASS" signature="killDriver()[pri:0, instance:tests.FlowMapper@53b32d7]" name="killDriver" is-config="true" duration-ms="639" started-at="2019-10-12T17:19:11Z" finished-at="2019-10-12T17:19:12Z">
          <reporter-output>
            <line>
              <![CDATA[Shutdown the Web Application]]>
            </line>
          </reporter-output>
        </test-method> <!-- killDriver -->
      </class> <!-- tests.FlowMapper -->
    </test> <!-- Default test -->
  </suite> <!-- Default suite -->
</testng-results>
