<?xml version="1.0" encoding="UTF-8"?>
<testng-results ignored="0" total="2" passed="2" failed="0" skipped="0">
  <reporter-output>
  </reporter-output>
  <suite started-at="2021-04-04T16:13:20 IST" name="Default suite" finished-at="2021-04-04T16:15:31 IST" duration-ms="130637">
    <groups>
    </groups>
    <test started-at="2021-04-04T16:13:20 IST" name="Default test" finished-at="2021-04-04T16:15:31 IST" duration-ms="130637">
      <class name="tests.FlowMapper">
        <test-method is-config="true" signature="generateIniFile()[pri:0, instance:tests.FlowMapper@4d154ccd]" started-at="2021-04-04T16:13:20 IST" name="generateIniFile" finished-at="2021-04-04T16:13:20 IST" duration-ms="51" status="PASS">
          <reporter-output>
          </reporter-output>
        </test-method> <!-- generateIniFile -->
        <test-method signature="flowMapperTest(java.util.HashMap)[pri:0, instance:tests.FlowMapper@4d154ccd]" started-at="2021-04-04T16:13:23 IST" name="flowMapperTest" data-provider="getData" finished-at="2021-04-04T16:13:26 IST" duration-ms="3049" status="PASS">
          <params>
            <param index="0">
              <value>
                <![CDATA[{CONTRACT=-, STEP10=, PRIORITY=P, STEP02=, STEP13=, TCID=FlowMapper_000, STEP03=, STEP11=, STEP01=EnvTest_QA1, STEP12=, STEP06=, FCM=-, STEP07=, STEP04=, STEP05=, RUNMODE=Yes, WALLET=-, DESCRIPTION=Set environment to run test cases, TESTTYPE=no-check, STEP08=, STEP09=, FEATURE=-}]]>
              </value>
            </param>
          </params>
          <reporter-output>
          </reporter-output>
        </test-method> <!-- flowMapperTest -->
        <test-method is-config="true" signature="result(org.testng.ITestResult)[pri:0, instance:tests.FlowMapper@4d154ccd]" started-at="2021-04-04T16:13:26 IST" name="result" finished-at="2021-04-04T16:13:27 IST" duration-ms="420" status="PASS">
          <params>
            <param index="0">
              <value>
                <![CDATA[[TestResult name=flowMapperTest status=SUCCESS method=FlowMapper.flowMapperTest(java.util.HashMap)[pri:0, instance:tests.FlowMapper@4d154ccd] output={null}]]]>
              </value>
            </param>
          </params>
          <reporter-output>
          </reporter-output>
        </test-method> <!-- result -->
        <test-method signature="flowMapperTest(java.util.HashMap)[pri:0, instance:tests.FlowMapper@4d154ccd]" started-at="2021-04-04T16:13:27 IST" name="flowMapperTest" data-provider="getData" finished-at="2021-04-04T16:15:28 IST" duration-ms="121175" status="PASS">
          <params>
            <param index="0">
              <value>
                <![CDATA[{CONTRACT=NOVOPAY, STEP10=, PRIORITY=P0, STEP02=RBLMoneyTransferTest_005, STEP13=, TCID=FlowMapper_644, STEP03=ReportsTest_009, STEP11=, STEP01=LoginTest_001, STEP12=, STEP06=, FCM=Positive, STEP07=, STEP04=LogoutTest_001, STEP05=, RUNMODE=Yes, WALLET=Main, DESCRIPTION=Reports: Account Statement - Money Transfer, TESTTYPE=Positive, STEP08=, STEP09=, FEATURE=Reports: MT}]]>
              </value>
            </param>
          </params>
          <reporter-output>
          </reporter-output>
        </test-method> <!-- flowMapperTest -->
        <test-method is-config="true" signature="result(org.testng.ITestResult)[pri:0, instance:tests.FlowMapper@4d154ccd]" started-at="2021-04-04T16:15:28 IST" name="result" finished-at="2021-04-04T16:15:30 IST" duration-ms="1804" status="PASS">
          <params>
            <param index="0">
              <value>
                <![CDATA[[TestResult name=flowMapperTest status=SUCCESS method=FlowMapper.flowMapperTest(java.util.HashMap)[pri:0, instance:tests.FlowMapper@4d154ccd] output={null}]]]>
              </value>
            </param>
          </params>
          <reporter-output>
          </reporter-output>
        </test-method> <!-- result -->
        <test-method is-config="true" signature="killDriver()[pri:0, instance:tests.FlowMapper@4d154ccd]" started-at="2021-04-04T16:15:30 IST" name="killDriver" finished-at="2021-04-04T16:15:31 IST" duration-ms="855" status="PASS">
          <reporter-output>
          </reporter-output>
        </test-method> <!-- killDriver -->
      </class> <!-- tests.FlowMapper -->
    </test> <!-- Default test -->
  </suite> <!-- Default suite -->
</testng-results>
