<?xml version="1.0" encoding="UTF-8"?>
<testng-results skipped="0" failed="0" total="2" passed="2">
  <reporter-output>
  </reporter-output>
  <suite name="Default suite" duration-ms="66327" started-at="2020-11-19T18:20:58Z" finished-at="2020-11-19T18:22:05Z">
    <groups>
    </groups>
    <test name="Default test" duration-ms="66327" started-at="2020-11-19T18:20:58Z" finished-at="2020-11-19T18:22:05Z">
      <class name="tests.FlowMapper">
        <test-method status="PASS" signature="generateIniFile()[pri:0, instance:tests.FlowMapper@146ba0ac]" name="generateIniFile" is-config="true" duration-ms="20" started-at="2020-11-19T23:50:58Z" finished-at="2020-11-19T23:50:58Z">
          <reporter-output>
          </reporter-output>
        </test-method> <!-- generateIniFile -->
        <test-method status="PASS" signature="flowMapperTest(java.util.HashMap)[pri:0, instance:tests.FlowMapper@146ba0ac]" name="flowMapperTest" duration-ms="1660" started-at="2020-11-19T23:51:00Z" data-provider="getData" finished-at="2020-11-19T23:51:02Z">
          <params>
            <param index="0">
              <value>
                <![CDATA[{CONTRACT=-, STEP10=, PRIORITY=P, STEP02=, STEP13=, TCID=FlowMapper_000, STEP03=, STEP11=, STEP01=EnvTest_QA2, STEP12=, STEP06=, FCM=-, STEP07=, STEP04=, STEP05=, RUNMODE=Yes, WALLET=-, DESCRIPTION=Set environment to run test cases, TESTTYPE=no-check, STEP08=, STEP09=, FEATURE=-}]]>
              </value>
            </param>
          </params>
          <reporter-output>
          </reporter-output>
        </test-method> <!-- flowMapperTest -->
        <test-method status="PASS" signature="result(org.testng.ITestResult)[pri:0, instance:tests.FlowMapper@146ba0ac]" name="result" is-config="true" duration-ms="207" started-at="2020-11-19T23:51:02Z" finished-at="2020-11-19T23:51:02Z">
          <params>
            <param index="0">
              <value>
                <![CDATA[[TestResult name=flowMapperTest status=SUCCESS method=FlowMapper.flowMapperTest(java.util.HashMap)[pri:0, instance:tests.FlowMapper@146ba0ac] output={null}]]]>
              </value>
            </param>
          </params>
          <reporter-output>
          </reporter-output>
        </test-method> <!-- result -->
        <test-method status="PASS" signature="flowMapperTest(java.util.HashMap)[pri:0, instance:tests.FlowMapper@146ba0ac]" name="flowMapperTest" duration-ms="61285" started-at="2020-11-19T23:51:02Z" data-provider="getData" finished-at="2020-11-19T23:52:03Z">
          <params>
            <param index="0">
              <value>
                <![CDATA[{CONTRACT=WALLET, STEP10=, PRIORITY=P0, STEP02=SelfLoadRequestTest_001, STEP13=, TCID=FlowMapper_533, STEP03=FOPLoginTest_001, STEP11=, STEP01=LoginTest_001, STEP12=, STEP06=LogoutTest_001, FCM=, STEP07=, STEP04=FOPWalletLoadTest_001, STEP05=SelfLoadRequestTest_012, RUNMODE=Yes, WALLET=Main, DESCRIPTION=Approve Self Load Request for Axis Bank: CDM, TESTTYPE=Positive, STEP08=, STEP09=, FEATURE=FinOps Portal}]]>
              </value>
            </param>
          </params>
          <reporter-output>
          </reporter-output>
        </test-method> <!-- flowMapperTest -->
        <test-method status="PASS" signature="result(org.testng.ITestResult)[pri:0, instance:tests.FlowMapper@146ba0ac]" name="result" is-config="true" duration-ms="1007" started-at="2020-11-19T23:52:03Z" finished-at="2020-11-19T23:52:04Z">
          <params>
            <param index="0">
              <value>
                <![CDATA[[TestResult name=flowMapperTest status=SUCCESS method=FlowMapper.flowMapperTest(java.util.HashMap)[pri:0, instance:tests.FlowMapper@146ba0ac] output={null}]]]>
              </value>
            </param>
          </params>
          <reporter-output>
          </reporter-output>
        </test-method> <!-- result -->
        <test-method status="PASS" signature="killDriver()[pri:0, instance:tests.FlowMapper@146ba0ac]" name="killDriver" is-config="true" duration-ms="705" started-at="2020-11-19T23:52:04Z" finished-at="2020-11-19T23:52:05Z">
          <reporter-output>
          </reporter-output>
        </test-method> <!-- killDriver -->
      </class> <!-- tests.FlowMapper -->
    </test> <!-- Default test -->
  </suite> <!-- Default suite -->
</testng-results>
