<?xml version="1.0" encoding="UTF-8"?>
<testng-results skipped="0" failed="0" total="2" passed="2">
  <reporter-output>
    <line>
      <![CDATA[Shutdown the Web Application]]>
    </line>
  </reporter-output>
  <suite name="Default suite" duration-ms="105667" started-at="2019-05-18T13:48:12Z" finished-at="2019-05-18T13:49:58Z">
    <groups>
    </groups>
    <test name="Default test" duration-ms="105667" started-at="2019-05-18T13:48:12Z" finished-at="2019-05-18T13:49:58Z">
      <class name="tests.FlowMapper">
        <test-method status="PASS" signature="generateIniFile()[pri:0, instance:tests.FlowMapper@754ba872]" name="generateIniFile" is-config="true" duration-ms="20" started-at="2019-05-18T19:18:12Z" finished-at="2019-05-18T19:18:12Z">
          <reporter-output>
          </reporter-output>
        </test-method> <!-- generateIniFile -->
        <test-method status="PASS" signature="flowMapperTest(java.util.HashMap)[pri:0, instance:tests.FlowMapper@754ba872]" name="flowMapperTest" duration-ms="2145" started-at="2019-05-18T19:18:14Z" data-provider="getData" finished-at="2019-05-18T19:18:16Z">
          <params>
            <param index="0">
              <value>
                <![CDATA[{PARTNER=-, STEP10=, PRIORITY=P, STEP02=, STEP13=, TCID=FlowMapper_000, STEP03=, STEP11=, STEP01=EnvTest_QA2, STEP12=, STEP06=, STEP07=, STEP04=, STEP05=, RUNMODE=Yes, DESCRIPTION=Set environment to run test cases on, TESTTYPE=no-check, STEP08=, STEP09=, FEATURE=-}]]>
              </value>
            </param>
          </params>
          <reporter-output>
          </reporter-output>
        </test-method> <!-- flowMapperTest -->
        <test-method status="PASS" signature="result(org.testng.ITestResult)[pri:0, instance:tests.FlowMapper@754ba872]" name="result" is-config="true" duration-ms="195" started-at="2019-05-18T19:18:16Z" finished-at="2019-05-18T19:18:16Z">
          <params>
            <param index="0">
              <value>
                <![CDATA[[TestResult name=flowMapperTest status=SUCCESS method=FlowMapper.flowMapperTest(java.util.HashMap)[pri:0, instance:tests.FlowMapper@754ba872] output={null}]]]>
              </value>
            </param>
          </params>
          <reporter-output>
          </reporter-output>
        </test-method> <!-- result -->
        <test-method status="PASS" signature="flowMapperTest(java.util.HashMap)[pri:0, instance:tests.FlowMapper@754ba872]" name="flowMapperTest" duration-ms="101324" started-at="2019-05-18T19:18:16Z" data-provider="getData" finished-at="2019-05-18T19:19:57Z">
          <params>
            <param index="0">
              <value>
                <![CDATA[{PARTNER=FINO, STEP10=, PRIORITY=P1, STEP02=FinoMoneyTransferTest_002, STEP13=, TCID=FlowMapper_103, STEP03=LogoutTest_001, STEP11=, STEP01=LoginTest_022, STEP12=, STEP06=LogoutTest_001, STEP07=, STEP04=LoginTest_001, STEP05=RBLMoneyTransferTest_049, RUNMODE=Yes, DESCRIPTION=Do RBL remittance with Fino pending beneficiary, TESTTYPE=Positive, STEP08=, STEP09=, FEATURE=Money Transfer}]]>
              </value>
            </param>
          </params>
          <reporter-output>
          </reporter-output>
        </test-method> <!-- flowMapperTest -->
        <test-method status="PASS" signature="result(org.testng.ITestResult)[pri:0, instance:tests.FlowMapper@754ba872]" name="result" is-config="true" duration-ms="61" started-at="2019-05-18T19:19:57Z" finished-at="2019-05-18T19:19:58Z">
          <params>
            <param index="0">
              <value>
                <![CDATA[[TestResult name=flowMapperTest status=SUCCESS method=FlowMapper.flowMapperTest(java.util.HashMap)[pri:0, instance:tests.FlowMapper@754ba872] output={null}]]]>
              </value>
            </param>
          </params>
          <reporter-output>
          </reporter-output>
        </test-method> <!-- result -->
        <test-method status="PASS" signature="killDriver()[pri:0, instance:tests.FlowMapper@754ba872]" name="killDriver" is-config="true" duration-ms="633" started-at="2019-05-18T19:19:58Z" finished-at="2019-05-18T19:19:58Z">
          <reporter-output>
            <line>
              <![CDATA[Shutdown the Web Application]]>
            </line>
          </reporter-output>
        </test-method> <!-- killDriver -->
      </class> <!-- tests.FlowMapper -->
    </test> <!-- Default test -->
  </suite> <!-- Default suite -->
</testng-results>
